{"C:\\Users\\steamiss\\Documents\\Bootcamp\\dpp-11\\livecodesim2\\s1\\week4\\livecodesim\\livecodelast\\ip-server-instavue-repo\\rmt24\\week3\\finalprojectbabygrowth\\server\\Baby-Growth-Server\\server\\app.js": {"path":"C:\\Users\\steamiss\\Documents\\Bootcamp\\dpp-11\\livecodesim2\\s1\\week4\\livecodesim\\livecodelast\\ip-server-instavue-repo\\rmt24\\week3\\finalprojectbabygrowth\\server\\Baby-Growth-Server\\server\\app.js","statementMap":{"0":{"start":{"line":1,"column":16},"end":{"line":1,"column":34}},"1":{"start":{"line":2,"column":15},"end":{"line":2,"column":34}},"2":{"start":{"line":3,"column":12},"end":{"line":3,"column":21}},"3":{"start":{"line":4,"column":13},"end":{"line":4,"column":17}},"4":{"start":{"line":6,"column":13},"end":{"line":6,"column":28}},"5":{"start":{"line":7,"column":0},"end":{"line":7,"column":16}},"6":{"start":{"line":8,"column":0},"end":{"line":8,"column":49}},"7":{"start":{"line":9,"column":0},"end":{"line":9,"column":24}},"8":{"start":{"line":11,"column":0},"end":{"line":13,"column":3}},"9":{"start":{"line":12,"column":2},"end":{"line":12,"column":27}},"10":{"start":{"line":15,"column":0},"end":{"line":15,"column":16}},"11":{"start":{"line":17,"column":0},"end":{"line":17,"column":21}}},"fnMap":{"0":{"name":"(anonymous_0)","decl":{"start":{"line":11,"column":13},"end":{"line":11,"column":14}},"loc":{"start":{"line":11,"column":27},"end":{"line":13,"column":1}},"line":11}},"branchMap":{},"s":{"0":1,"1":1,"2":1,"3":1,"4":1,"5":1,"6":1,"7":1,"8":1,"9":1,"10":1,"11":1},"f":{"0":1},"b":{},"_coverageSchema":"1a1c01bbd47fc00a2c39e90264f33305004495a9","hash":"e8a69cb0e144b45ebea7da6e0f87b76ca9ef6db8"}
,"C:\\Users\\steamiss\\Documents\\Bootcamp\\dpp-11\\livecodesim2\\s1\\week4\\livecodesim\\livecodelast\\ip-server-instavue-repo\\rmt24\\week3\\finalprojectbabygrowth\\server\\Baby-Growth-Server\\server\\controllers\\controller.js": {"path":"C:\\Users\\steamiss\\Documents\\Bootcamp\\dpp-11\\livecodesim2\\s1\\week4\\livecodesim\\livecodelast\\ip-server-instavue-repo\\rmt24\\week3\\finalprojectbabygrowth\\server\\Baby-Growth-Server\\server\\controllers\\controller.js","statementMap":{"0":{"start":{"line":1,"column":34},"end":{"line":1,"column":66}},"1":{"start":{"line":2,"column":42},"end":{"line":2,"column":70}},"2":{"start":{"line":3,"column":22},"end":{"line":3,"column":47}},"3":{"start":{"line":4,"column":30},"end":{"line":4,"column":69}},"4":{"start":{"line":5,"column":32},"end":{"line":5,"column":73}},"5":{"start":{"line":12,"column":4},"end":{"line":12,"column":24}},"6":{"start":{"line":16,"column":4},"end":{"line":62,"column":5}},"7":{"start":{"line":17,"column":34},"end":{"line":17,"column":42}},"8":{"start":{"line":19,"column":6},"end":{"line":21,"column":7}},"9":{"start":{"line":20,"column":8},"end":{"line":20,"column":40}},"10":{"start":{"line":22,"column":6},"end":{"line":24,"column":7}},"11":{"start":{"line":23,"column":8},"end":{"line":23,"column":43}},"12":{"start":{"line":26,"column":24},"end":{"line":30,"column":8}},"13":{"start":{"line":32,"column":6},"end":{"line":34,"column":7}},"14":{"start":{"line":33,"column":8},"end":{"line":33,"column":39}},"15":{"start":{"line":36,"column":24},"end":{"line":36,"column":69}},"16":{"start":{"line":38,"column":6},"end":{"line":40,"column":7}},"17":{"start":{"line":39,"column":8},"end":{"line":39,"column":39}},"18":{"start":{"line":42,"column":22},"end":{"line":45,"column":7}},"19":{"start":{"line":47,"column":6},"end":{"line":47,"column":27}},"20":{"start":{"line":49,"column":27},"end":{"line":49,"column":45}},"21":{"start":{"line":50,"column":6},"end":{"line":50,"column":67}},"22":{"start":{"line":52,"column":6},"end":{"line":52,"column":23}},"23":{"start":{"line":53,"column":6},"end":{"line":61,"column":7}},"24":{"start":{"line":54,"column":8},"end":{"line":54,"column":66}},"25":{"start":{"line":55,"column":13},"end":{"line":61,"column":7}},"26":{"start":{"line":56,"column":8},"end":{"line":56,"column":63}},"27":{"start":{"line":57,"column":13},"end":{"line":61,"column":7}},"28":{"start":{"line":58,"column":8},"end":{"line":58,"column":68}},"29":{"start":{"line":60,"column":8},"end":{"line":60,"column":34}},"30":{"start":{"line":66,"column":4},"end":{"line":94,"column":5}},"31":{"start":{"line":67,"column":19},"end":{"line":67,"column":26}},"32":{"start":{"line":68,"column":50},"end":{"line":68,"column":58}},"33":{"start":{"line":70,"column":26},"end":{"line":76,"column":8}},"34":{"start":{"line":78,"column":6},"end":{"line":83,"column":9}},"35":{"start":{"line":85,"column":6},"end":{"line":85,"column":22}},"36":{"start":{"line":86,"column":6},"end":{"line":93,"column":7}},"37":{"start":{"line":90,"column":8},"end":{"line":90,"column":65}},"38":{"start":{"line":92,"column":8},"end":{"line":92,"column":34}},"39":{"start":{"line":98,"column":4},"end":{"line":128,"column":5}},"40":{"start":{"line":99,"column":21},"end":{"line":99,"column":32}},"41":{"start":{"line":100,"column":68},"end":{"line":100,"column":76}},"42":{"start":{"line":101,"column":6},"end":{"line":101,"column":28}},"43":{"start":{"line":102,"column":35},"end":{"line":110,"column":8}},"44":{"start":{"line":112,"column":6},"end":{"line":117,"column":9}},"45":{"start":{"line":119,"column":6},"end":{"line":119,"column":22}},"46":{"start":{"line":120,"column":6},"end":{"line":127,"column":7}},"47":{"start":{"line":124,"column":8},"end":{"line":124,"column":65}},"48":{"start":{"line":126,"column":8},"end":{"line":126,"column":34}},"49":{"start":{"line":132,"column":4},"end":{"line":146,"column":5}},"50":{"start":{"line":133,"column":23},"end":{"line":141,"column":8}},"51":{"start":{"line":143,"column":6},"end":{"line":143,"column":37}},"52":{"start":{"line":145,"column":6},"end":{"line":145,"column":32}},"53":{"start":{"line":150,"column":4},"end":{"line":161,"column":5}},"54":{"start":{"line":151,"column":25},"end":{"line":156,"column":8}},"55":{"start":{"line":158,"column":6},"end":{"line":158,"column":39}},"56":{"start":{"line":160,"column":6},"end":{"line":160,"column":32}},"57":{"start":{"line":165,"column":4},"end":{"line":184,"column":5}},"58":{"start":{"line":166,"column":23},"end":{"line":166,"column":33}},"59":{"start":{"line":167,"column":6},"end":{"line":167,"column":27}},"60":{"start":{"line":168,"column":6},"end":{"line":168,"column":24}},"61":{"start":{"line":170,"column":24},"end":{"line":174,"column":8}},"62":{"start":{"line":176,"column":17},"end":{"line":176,"column":19}},"63":{"start":{"line":177,"column":6},"end":{"line":179,"column":7}},"64":{"start":{"line":178,"column":8},"end":{"line":178,"column":40}},"65":{"start":{"line":181,"column":6},"end":{"line":181,"column":33}},"66":{"start":{"line":183,"column":6},"end":{"line":183,"column":32}},"67":{"start":{"line":188,"column":4},"end":{"line":217,"column":5}},"68":{"start":{"line":190,"column":21},"end":{"line":190,"column":32}},"69":{"start":{"line":192,"column":20},"end":{"line":209,"column":7}},"70":{"start":{"line":211,"column":6},"end":{"line":211,"column":41}},"71":{"start":{"line":212,"column":25},"end":{"line":212,"column":61}},"72":{"start":{"line":214,"column":6},"end":{"line":214,"column":39}},"73":{"start":{"line":216,"column":6},"end":{"line":216,"column":32}},"74":{"start":{"line":221,"column":4},"end":{"line":243,"column":5}},"75":{"start":{"line":223,"column":21},"end":{"line":223,"column":32}},"76":{"start":{"line":224,"column":23},"end":{"line":224,"column":36}},"77":{"start":{"line":225,"column":20},"end":{"line":236,"column":7}},"78":{"start":{"line":238,"column":6},"end":{"line":238,"column":55}},"79":{"start":{"line":239,"column":25},"end":{"line":239,"column":61}},"80":{"start":{"line":240,"column":6},"end":{"line":240,"column":39}},"81":{"start":{"line":242,"column":6},"end":{"line":242,"column":32}},"82":{"start":{"line":247,"column":4},"end":{"line":264,"column":5}},"83":{"start":{"line":248,"column":52},"end":{"line":248,"column":60}},"84":{"start":{"line":249,"column":31},"end":{"line":253,"column":8}},"85":{"start":{"line":254,"column":6},"end":{"line":254,"column":45}},"86":{"start":{"line":256,"column":6},"end":{"line":263,"column":7}},"87":{"start":{"line":260,"column":8},"end":{"line":260,"column":65}},"88":{"start":{"line":262,"column":8},"end":{"line":262,"column":34}},"89":{"start":{"line":268,"column":4},"end":{"line":289,"column":5}},"90":{"start":{"line":269,"column":55},"end":{"line":269,"column":63}},"91":{"start":{"line":270,"column":29},"end":{"line":270,"column":39}},"92":{"start":{"line":272,"column":35},"end":{"line":277,"column":8}},"93":{"start":{"line":279,"column":6},"end":{"line":279,"column":49}},"94":{"start":{"line":281,"column":6},"end":{"line":288,"column":7}},"95":{"start":{"line":285,"column":8},"end":{"line":285,"column":65}},"96":{"start":{"line":287,"column":8},"end":{"line":287,"column":34}},"97":{"start":{"line":293,"column":4},"end":{"line":332,"column":5}},"98":{"start":{"line":294,"column":55},"end":{"line":294,"column":63}},"99":{"start":{"line":295,"column":29},"end":{"line":295,"column":39}},"100":{"start":{"line":296,"column":42},"end":{"line":296,"column":44}},"101":{"start":{"line":297,"column":29},"end":{"line":301,"column":8}},"102":{"start":{"line":302,"column":6},"end":{"line":320,"column":7}},"103":{"start":{"line":303,"column":24},"end":{"line":303,"column":41}},"104":{"start":{"line":304,"column":28},"end":{"line":311,"column":9}},"105":{"start":{"line":312,"column":8},"end":{"line":312,"column":58}},"106":{"start":{"line":314,"column":8},"end":{"line":319,"column":11}},"107":{"start":{"line":322,"column":6},"end":{"line":322,"column":58}},"108":{"start":{"line":324,"column":6},"end":{"line":331,"column":7}},"109":{"start":{"line":328,"column":8},"end":{"line":328,"column":65}},"110":{"start":{"line":330,"column":8},"end":{"line":330,"column":34}},"111":{"start":{"line":358,"column":4},"end":{"line":397,"column":5}},"112":{"start":{"line":359,"column":55},"end":{"line":359,"column":63}},"113":{"start":{"line":360,"column":29},"end":{"line":360,"column":39}},"114":{"start":{"line":361,"column":37},"end":{"line":361,"column":39}},"115":{"start":{"line":362,"column":24},"end":{"line":366,"column":8}},"116":{"start":{"line":367,"column":6},"end":{"line":385,"column":7}},"117":{"start":{"line":368,"column":24},"end":{"line":368,"column":36}},"118":{"start":{"line":369,"column":28},"end":{"line":376,"column":9}},"119":{"start":{"line":377,"column":8},"end":{"line":377,"column":53}},"120":{"start":{"line":379,"column":8},"end":{"line":384,"column":11}},"121":{"start":{"line":387,"column":6},"end":{"line":387,"column":53}},"122":{"start":{"line":389,"column":6},"end":{"line":396,"column":7}},"123":{"start":{"line":393,"column":8},"end":{"line":393,"column":65}},"124":{"start":{"line":395,"column":8},"end":{"line":395,"column":34}},"125":{"start":{"line":401,"column":4},"end":{"line":428,"column":5}},"126":{"start":{"line":402,"column":21},"end":{"line":402,"column":31}},"127":{"start":{"line":406,"column":19},"end":{"line":419,"column":8}},"128":{"start":{"line":420,"column":56},"end":{"line":420,"column":79}},"129":{"start":{"line":421,"column":6},"end":{"line":425,"column":9}},"130":{"start":{"line":427,"column":6},"end":{"line":427,"column":32}},"131":{"start":{"line":432,"column":4},"end":{"line":484,"column":5}},"132":{"start":{"line":433,"column":24},"end":{"line":433,"column":25}},"133":{"start":{"line":434,"column":27},"end":{"line":434,"column":29}},"134":{"start":{"line":435,"column":30},"end":{"line":435,"column":32}},"135":{"start":{"line":436,"column":20},"end":{"line":447,"column":7}},"136":{"start":{"line":448,"column":20},"end":{"line":448,"column":47}},"137":{"start":{"line":449,"column":6},"end":{"line":473,"column":9}},"138":{"start":{"line":450,"column":8},"end":{"line":452,"column":9}},"139":{"start":{"line":451,"column":10},"end":{"line":451,"column":17}},"140":{"start":{"line":453,"column":27},"end":{"line":453,"column":46}},"141":{"start":{"line":454,"column":40},"end":{"line":454,"column":42}},"142":{"start":{"line":455,"column":8},"end":{"line":465,"column":11}},"143":{"start":{"line":456,"column":10},"end":{"line":464,"column":13}},"144":{"start":{"line":457,"column":12},"end":{"line":463,"column":13}},"145":{"start":{"line":458,"column":46},"end":{"line":458,"column":74}},"146":{"start":{"line":459,"column":14},"end":{"line":459,"column":52}},"147":{"start":{"line":460,"column":14},"end":{"line":460,"column":63}},"148":{"start":{"line":462,"column":14},"end":{"line":462,"column":28}},"149":{"start":{"line":466,"column":34},"end":{"line":468,"column":9}},"150":{"start":{"line":469,"column":8},"end":{"line":472,"column":11}},"151":{"start":{"line":475,"column":24},"end":{"line":475,"column":60}},"152":{"start":{"line":476,"column":25},"end":{"line":476,"column":60}},"153":{"start":{"line":477,"column":6},"end":{"line":481,"column":9}},"154":{"start":{"line":483,"column":6},"end":{"line":483,"column":32}},"155":{"start":{"line":488,"column":4},"end":{"line":521,"column":5}},"156":{"start":{"line":489,"column":17},"end":{"line":489,"column":32}},"157":{"start":{"line":490,"column":24},"end":{"line":490,"column":25}},"158":{"start":{"line":491,"column":20},"end":{"line":503,"column":7}},"159":{"start":{"line":504,"column":19},"end":{"line":504,"column":46}},"160":{"start":{"line":505,"column":25},"end":{"line":505,"column":44}},"161":{"start":{"line":506,"column":27},"end":{"line":506,"column":29}},"162":{"start":{"line":507,"column":6},"end":{"line":516,"column":9}},"163":{"start":{"line":508,"column":8},"end":{"line":515,"column":11}},"164":{"start":{"line":509,"column":10},"end":{"line":514,"column":11}},"165":{"start":{"line":510,"column":44},"end":{"line":510,"column":72}},"166":{"start":{"line":511,"column":12},"end":{"line":511,"column":50}},"167":{"start":{"line":513,"column":12},"end":{"line":513,"column":26}},"168":{"start":{"line":517,"column":25},"end":{"line":517,"column":60}},"169":{"start":{"line":518,"column":6},"end":{"line":518,"column":76}},"170":{"start":{"line":520,"column":6},"end":{"line":520,"column":32}},"171":{"start":{"line":525,"column":4},"end":{"line":579,"column":5}},"172":{"start":{"line":526,"column":27},"end":{"line":526,"column":29}},"173":{"start":{"line":527,"column":30},"end":{"line":527,"column":32}},"174":{"start":{"line":528,"column":20},"end":{"line":539,"column":7}},"175":{"start":{"line":540,"column":20},"end":{"line":540,"column":47}},"176":{"start":{"line":541,"column":6},"end":{"line":563,"column":9}},"177":{"start":{"line":542,"column":8},"end":{"line":544,"column":9}},"178":{"start":{"line":543,"column":10},"end":{"line":543,"column":17}},"179":{"start":{"line":545,"column":27},"end":{"line":545,"column":46}},"180":{"start":{"line":546,"column":40},"end":{"line":546,"column":42}},"181":{"start":{"line":547,"column":8},"end":{"line":555,"column":11}},"182":{"start":{"line":548,"column":10},"end":{"line":554,"column":13}},"183":{"start":{"line":549,"column":12},"end":{"line":553,"column":13}},"184":{"start":{"line":550,"column":46},"end":{"line":550,"column":74}},"185":{"start":{"line":551,"column":14},"end":{"line":551,"column":52}},"186":{"start":{"line":552,"column":14},"end":{"line":552,"column":63}},"187":{"start":{"line":556,"column":34},"end":{"line":558,"column":9}},"188":{"start":{"line":559,"column":8},"end":{"line":562,"column":11}},"189":{"start":{"line":565,"column":21},"end":{"line":565,"column":23}},"190":{"start":{"line":566,"column":6},"end":{"line":574,"column":9}},"191":{"start":{"line":567,"column":8},"end":{"line":573,"column":9}},"192":{"start":{"line":568,"column":10},"end":{"line":568,"column":32}},"193":{"start":{"line":569,"column":10},"end":{"line":569,"column":60}},"194":{"start":{"line":570,"column":15},"end":{"line":573,"column":9}},"195":{"start":{"line":571,"column":10},"end":{"line":571,"column":33}},"196":{"start":{"line":572,"column":10},"end":{"line":572,"column":60}},"197":{"start":{"line":576,"column":6},"end":{"line":576,"column":35}},"198":{"start":{"line":578,"column":6},"end":{"line":578,"column":32}},"199":{"start":{"line":584,"column":0},"end":{"line":584,"column":28}}},"fnMap":{"0":{"name":"(anonymous_0)","decl":{"start":{"line":15,"column":2},"end":{"line":15,"column":3}},"loc":{"start":{"line":15,"column":35},"end":{"line":63,"column":3}},"line":15},"1":{"name":"(anonymous_1)","decl":{"start":{"line":65,"column":2},"end":{"line":65,"column":3}},"loc":{"start":{"line":65,"column":38},"end":{"line":95,"column":3}},"line":65},"2":{"name":"(anonymous_2)","decl":{"start":{"line":97,"column":2},"end":{"line":97,"column":3}},"loc":{"start":{"line":97,"column":47},"end":{"line":129,"column":3}},"line":97},"3":{"name":"(anonymous_3)","decl":{"start":{"line":131,"column":2},"end":{"line":131,"column":3}},"loc":{"start":{"line":131,"column":39},"end":{"line":147,"column":3}},"line":131},"4":{"name":"(anonymous_4)","decl":{"start":{"line":149,"column":2},"end":{"line":149,"column":3}},"loc":{"start":{"line":149,"column":48},"end":{"line":162,"column":3}},"line":149},"5":{"name":"(anonymous_5)","decl":{"start":{"line":164,"column":2},"end":{"line":164,"column":3}},"loc":{"start":{"line":164,"column":50},"end":{"line":185,"column":3}},"line":164},"6":{"name":"(anonymous_6)","decl":{"start":{"line":187,"column":2},"end":{"line":187,"column":3}},"loc":{"start":{"line":187,"column":45},"end":{"line":218,"column":3}},"line":187},"7":{"name":"(anonymous_7)","decl":{"start":{"line":220,"column":2},"end":{"line":220,"column":3}},"loc":{"start":{"line":220,"column":47},"end":{"line":244,"column":3}},"line":220},"8":{"name":"(anonymous_8)","decl":{"start":{"line":246,"column":2},"end":{"line":246,"column":3}},"loc":{"start":{"line":246,"column":41},"end":{"line":265,"column":3}},"line":246},"9":{"name":"(anonymous_9)","decl":{"start":{"line":267,"column":2},"end":{"line":267,"column":3}},"loc":{"start":{"line":267,"column":45},"end":{"line":290,"column":3}},"line":267},"10":{"name":"(anonymous_10)","decl":{"start":{"line":292,"column":2},"end":{"line":292,"column":3}},"loc":{"start":{"line":292,"column":44},"end":{"line":355,"column":3}},"line":292},"11":{"name":"(anonymous_11)","decl":{"start":{"line":357,"column":2},"end":{"line":357,"column":3}},"loc":{"start":{"line":357,"column":39},"end":{"line":398,"column":3}},"line":357},"12":{"name":"(anonymous_12)","decl":{"start":{"line":399,"column":2},"end":{"line":399,"column":3}},"loc":{"start":{"line":399,"column":44},"end":{"line":429,"column":3}},"line":399},"13":{"name":"(anonymous_13)","decl":{"start":{"line":431,"column":2},"end":{"line":431,"column":3}},"loc":{"start":{"line":431,"column":52},"end":{"line":485,"column":3}},"line":431},"14":{"name":"(anonymous_14)","decl":{"start":{"line":449,"column":20},"end":{"line":449,"column":21}},"loc":{"start":{"line":449,"column":30},"end":{"line":473,"column":7}},"line":449},"15":{"name":"(anonymous_15)","decl":{"start":{"line":455,"column":27},"end":{"line":455,"column":28}},"loc":{"start":{"line":455,"column":39},"end":{"line":465,"column":9}},"line":455},"16":{"name":"(anonymous_16)","decl":{"start":{"line":456,"column":37},"end":{"line":456,"column":38}},"loc":{"start":{"line":456,"column":52},"end":{"line":464,"column":11}},"line":456},"17":{"name":"(anonymous_17)","decl":{"start":{"line":487,"column":2},"end":{"line":487,"column":3}},"loc":{"start":{"line":487,"column":56},"end":{"line":522,"column":3}},"line":487},"18":{"name":"(anonymous_18)","decl":{"start":{"line":507,"column":25},"end":{"line":507,"column":26}},"loc":{"start":{"line":507,"column":37},"end":{"line":516,"column":7}},"line":507},"19":{"name":"(anonymous_19)","decl":{"start":{"line":508,"column":35},"end":{"line":508,"column":36}},"loc":{"start":{"line":508,"column":50},"end":{"line":515,"column":9}},"line":508},"20":{"name":"(anonymous_20)","decl":{"start":{"line":524,"column":2},"end":{"line":524,"column":3}},"loc":{"start":{"line":524,"column":46},"end":{"line":580,"column":3}},"line":524},"21":{"name":"(anonymous_21)","decl":{"start":{"line":541,"column":20},"end":{"line":541,"column":21}},"loc":{"start":{"line":541,"column":30},"end":{"line":563,"column":7}},"line":541},"22":{"name":"(anonymous_22)","decl":{"start":{"line":547,"column":27},"end":{"line":547,"column":28}},"loc":{"start":{"line":547,"column":39},"end":{"line":555,"column":9}},"line":547},"23":{"name":"(anonymous_23)","decl":{"start":{"line":548,"column":37},"end":{"line":548,"column":38}},"loc":{"start":{"line":548,"column":52},"end":{"line":554,"column":11}},"line":548},"24":{"name":"(anonymous_24)","decl":{"start":{"line":566,"column":30},"end":{"line":566,"column":31}},"loc":{"start":{"line":566,"column":38},"end":{"line":574,"column":7}},"line":566}},"branchMap":{"0":{"loc":{"start":{"line":19,"column":6},"end":{"line":21,"column":7}},"type":"if","locations":[{"start":{"line":19,"column":6},"end":{"line":21,"column":7}},{"start":{},"end":{}}],"line":19},"1":{"loc":{"start":{"line":22,"column":6},"end":{"line":24,"column":7}},"type":"if","locations":[{"start":{"line":22,"column":6},"end":{"line":24,"column":7}},{"start":{},"end":{}}],"line":22},"2":{"loc":{"start":{"line":32,"column":6},"end":{"line":34,"column":7}},"type":"if","locations":[{"start":{"line":32,"column":6},"end":{"line":34,"column":7}},{"start":{},"end":{}}],"line":32},"3":{"loc":{"start":{"line":38,"column":6},"end":{"line":40,"column":7}},"type":"if","locations":[{"start":{"line":38,"column":6},"end":{"line":40,"column":7}},{"start":{},"end":{}}],"line":38},"4":{"loc":{"start":{"line":53,"column":6},"end":{"line":61,"column":7}},"type":"if","locations":[{"start":{"line":53,"column":6},"end":{"line":61,"column":7}},{"start":{"line":55,"column":13},"end":{"line":61,"column":7}}],"line":53},"5":{"loc":{"start":{"line":55,"column":13},"end":{"line":61,"column":7}},"type":"if","locations":[{"start":{"line":55,"column":13},"end":{"line":61,"column":7}},{"start":{"line":57,"column":13},"end":{"line":61,"column":7}}],"line":55},"6":{"loc":{"start":{"line":57,"column":13},"end":{"line":61,"column":7}},"type":"if","locations":[{"start":{"line":57,"column":13},"end":{"line":61,"column":7}},{"start":{"line":59,"column":13},"end":{"line":61,"column":7}}],"line":57},"7":{"loc":{"start":{"line":86,"column":6},"end":{"line":93,"column":7}},"type":"if","locations":[{"start":{"line":86,"column":6},"end":{"line":93,"column":7}},{"start":{"line":91,"column":13},"end":{"line":93,"column":7}}],"line":86},"8":{"loc":{"start":{"line":87,"column":8},"end":{"line":88,"column":46}},"type":"binary-expr","locations":[{"start":{"line":87,"column":8},"end":{"line":87,"column":52}},{"start":{"line":88,"column":8},"end":{"line":88,"column":46}}],"line":87},"9":{"loc":{"start":{"line":120,"column":6},"end":{"line":127,"column":7}},"type":"if","locations":[{"start":{"line":120,"column":6},"end":{"line":127,"column":7}},{"start":{"line":125,"column":13},"end":{"line":127,"column":7}}],"line":120},"10":{"loc":{"start":{"line":121,"column":8},"end":{"line":122,"column":46}},"type":"binary-expr","locations":[{"start":{"line":121,"column":8},"end":{"line":121,"column":52}},{"start":{"line":122,"column":8},"end":{"line":122,"column":46}}],"line":121},"11":{"loc":{"start":{"line":177,"column":6},"end":{"line":179,"column":7}},"type":"if","locations":[{"start":{"line":177,"column":6},"end":{"line":179,"column":7}},{"start":{},"end":{}}],"line":177},"12":{"loc":{"start":{"line":256,"column":6},"end":{"line":263,"column":7}},"type":"if","locations":[{"start":{"line":256,"column":6},"end":{"line":263,"column":7}},{"start":{"line":261,"column":13},"end":{"line":263,"column":7}}],"line":256},"13":{"loc":{"start":{"line":257,"column":8},"end":{"line":258,"column":46}},"type":"binary-expr","locations":[{"start":{"line":257,"column":8},"end":{"line":257,"column":52}},{"start":{"line":258,"column":8},"end":{"line":258,"column":46}}],"line":257},"14":{"loc":{"start":{"line":281,"column":6},"end":{"line":288,"column":7}},"type":"if","locations":[{"start":{"line":281,"column":6},"end":{"line":288,"column":7}},{"start":{"line":286,"column":13},"end":{"line":288,"column":7}}],"line":281},"15":{"loc":{"start":{"line":282,"column":8},"end":{"line":283,"column":46}},"type":"binary-expr","locations":[{"start":{"line":282,"column":8},"end":{"line":282,"column":52}},{"start":{"line":283,"column":8},"end":{"line":283,"column":46}}],"line":282},"16":{"loc":{"start":{"line":302,"column":6},"end":{"line":320,"column":7}},"type":"if","locations":[{"start":{"line":302,"column":6},"end":{"line":320,"column":7}},{"start":{"line":313,"column":13},"end":{"line":320,"column":7}}],"line":302},"17":{"loc":{"start":{"line":324,"column":6},"end":{"line":331,"column":7}},"type":"if","locations":[{"start":{"line":324,"column":6},"end":{"line":331,"column":7}},{"start":{"line":329,"column":13},"end":{"line":331,"column":7}}],"line":324},"18":{"loc":{"start":{"line":325,"column":8},"end":{"line":326,"column":46}},"type":"binary-expr","locations":[{"start":{"line":325,"column":8},"end":{"line":325,"column":52}},{"start":{"line":326,"column":8},"end":{"line":326,"column":46}}],"line":325},"19":{"loc":{"start":{"line":367,"column":6},"end":{"line":385,"column":7}},"type":"if","locations":[{"start":{"line":367,"column":6},"end":{"line":385,"column":7}},{"start":{"line":378,"column":13},"end":{"line":385,"column":7}}],"line":367},"20":{"loc":{"start":{"line":389,"column":6},"end":{"line":396,"column":7}},"type":"if","locations":[{"start":{"line":389,"column":6},"end":{"line":396,"column":7}},{"start":{"line":394,"column":13},"end":{"line":396,"column":7}}],"line":389},"21":{"loc":{"start":{"line":390,"column":8},"end":{"line":391,"column":46}},"type":"binary-expr","locations":[{"start":{"line":390,"column":8},"end":{"line":390,"column":52}},{"start":{"line":391,"column":8},"end":{"line":391,"column":46}}],"line":390},"22":{"loc":{"start":{"line":450,"column":8},"end":{"line":452,"column":9}},"type":"if","locations":[{"start":{"line":450,"column":8},"end":{"line":452,"column":9}},{"start":{},"end":{}}],"line":450},"23":{"loc":{"start":{"line":457,"column":12},"end":{"line":463,"column":13}},"type":"if","locations":[{"start":{"line":457,"column":12},"end":{"line":463,"column":13}},{"start":{"line":461,"column":19},"end":{"line":463,"column":13}}],"line":457},"24":{"loc":{"start":{"line":509,"column":10},"end":{"line":514,"column":11}},"type":"if","locations":[{"start":{"line":509,"column":10},"end":{"line":514,"column":11}},{"start":{"line":512,"column":17},"end":{"line":514,"column":11}}],"line":509},"25":{"loc":{"start":{"line":542,"column":8},"end":{"line":544,"column":9}},"type":"if","locations":[{"start":{"line":542,"column":8},"end":{"line":544,"column":9}},{"start":{},"end":{}}],"line":542},"26":{"loc":{"start":{"line":549,"column":12},"end":{"line":553,"column":13}},"type":"if","locations":[{"start":{"line":549,"column":12},"end":{"line":553,"column":13}},{"start":{},"end":{}}],"line":549},"27":{"loc":{"start":{"line":567,"column":8},"end":{"line":573,"column":9}},"type":"if","locations":[{"start":{"line":567,"column":8},"end":{"line":573,"column":9}},{"start":{"line":570,"column":15},"end":{"line":573,"column":9}}],"line":567},"28":{"loc":{"start":{"line":567,"column":12},"end":{"line":567,"column":65}},"type":"binary-expr","locations":[{"start":{"line":567,"column":12},"end":{"line":567,"column":36}},{"start":{"line":567,"column":40},"end":{"line":567,"column":65}}],"line":567},"29":{"loc":{"start":{"line":570,"column":15},"end":{"line":573,"column":9}},"type":"if","locations":[{"start":{"line":570,"column":15},"end":{"line":573,"column":9}},{"start":{},"end":{}}],"line":570}},"s":{"0":1,"1":1,"2":1,"3":1,"4":1,"5":1,"6":5,"7":5,"8":5,"9":2,"10":3,"11":1,"12":2,"13":0,"14":0,"15":0,"16":0,"17":0,"18":0,"19":0,"20":0,"21":0,"22":5,"23":5,"24":1,"25":4,"26":2,"27":2,"28":0,"29":2,"30":0,"31":0,"32":0,"33":0,"34":0,"35":0,"36":0,"37":0,"38":0,"39":0,"40":0,"41":0,"42":0,"43":0,"44":0,"45":0,"46":0,"47":0,"48":0,"49":0,"50":0,"51":0,"52":0,"53":0,"54":0,"55":0,"56":0,"57":0,"58":0,"59":0,"60":0,"61":0,"62":0,"63":0,"64":0,"65":0,"66":0,"67":0,"68":0,"69":0,"70":0,"71":0,"72":0,"73":0,"74":0,"75":0,"76":0,"77":0,"78":0,"79":0,"80":0,"81":0,"82":0,"83":0,"84":0,"85":0,"86":0,"87":0,"88":0,"89":0,"90":0,"91":0,"92":0,"93":0,"94":0,"95":0,"96":0,"97":0,"98":0,"99":0,"100":0,"101":0,"102":0,"103":0,"104":0,"105":0,"106":0,"107":0,"108":0,"109":0,"110":0,"111":0,"112":0,"113":0,"114":0,"115":0,"116":0,"117":0,"118":0,"119":0,"120":0,"121":0,"122":0,"123":0,"124":0,"125":0,"126":0,"127":0,"128":0,"129":0,"130":0,"131":0,"132":0,"133":0,"134":0,"135":0,"136":0,"137":0,"138":0,"139":0,"140":0,"141":0,"142":0,"143":0,"144":0,"145":0,"146":0,"147":0,"148":0,"149":0,"150":0,"151":0,"152":0,"153":0,"154":0,"155":0,"156":0,"157":0,"158":0,"159":0,"160":0,"161":0,"162":0,"163":0,"164":0,"165":0,"166":0,"167":0,"168":0,"169":0,"170":0,"171":0,"172":0,"173":0,"174":0,"175":0,"176":0,"177":0,"178":0,"179":0,"180":0,"181":0,"182":0,"183":0,"184":0,"185":0,"186":0,"187":0,"188":0,"189":0,"190":0,"191":0,"192":0,"193":0,"194":0,"195":0,"196":0,"197":0,"198":0,"199":1},"f":{"0":5,"1":0,"2":0,"3":0,"4":0,"5":0,"6":0,"7":0,"8":0,"9":0,"10":0,"11":0,"12":0,"13":0,"14":0,"15":0,"16":0,"17":0,"18":0,"19":0,"20":0,"21":0,"22":0,"23":0,"24":0},"b":{"0":[2,3],"1":[1,2],"2":[0,0],"3":[0,0],"4":[1,4],"5":[2,2],"6":[0,2],"7":[0,0],"8":[0,0],"9":[0,0],"10":[0,0],"11":[0,0],"12":[0,0],"13":[0,0],"14":[0,0],"15":[0,0],"16":[0,0],"17":[0,0],"18":[0,0],"19":[0,0],"20":[0,0],"21":[0,0],"22":[0,0],"23":[0,0],"24":[0,0],"25":[0,0],"26":[0,0],"27":[0,0],"28":[0,0],"29":[0,0]},"_coverageSchema":"1a1c01bbd47fc00a2c39e90264f33305004495a9","hash":"7ad28c4a02ef945e9f057a5ecf592466dc674480"}
,"C:\\Users\\steamiss\\Documents\\Bootcamp\\dpp-11\\livecodesim2\\s1\\week4\\livecodesim\\livecodelast\\ip-server-instavue-repo\\rmt24\\week3\\finalprojectbabygrowth\\server\\Baby-Growth-Server\\server\\controllers\\motherController.js": {"path":"C:\\Users\\steamiss\\Documents\\Bootcamp\\dpp-11\\livecodesim2\\s1\\week4\\livecodesim\\livecodelast\\ip-server-instavue-repo\\rmt24\\week3\\finalprojectbabygrowth\\server\\Baby-Growth-Server\\server\\controllers\\motherController.js","statementMap":{"0":{"start":{"line":1,"column":34},"end":{"line":1,"column":66}},"1":{"start":{"line":2,"column":42},"end":{"line":2,"column":70}},"2":{"start":{"line":3,"column":22},"end":{"line":3,"column":47}},"3":{"start":{"line":4,"column":30},"end":{"line":4,"column":69}},"4":{"start":{"line":5,"column":32},"end":{"line":5,"column":73}},"5":{"start":{"line":12,"column":4},"end":{"line":12,"column":24}},"6":{"start":{"line":16,"column":4},"end":{"line":20,"column":5}},"7":{"start":{"line":17,"column":6},"end":{"line":17,"column":30}},"8":{"start":{"line":19,"column":6},"end":{"line":19,"column":32}},"9":{"start":{"line":24,"column":4},"end":{"line":72,"column":5}},"10":{"start":{"line":25,"column":32},"end":{"line":25,"column":40}},"11":{"start":{"line":26,"column":6},"end":{"line":26,"column":28}},"12":{"start":{"line":27,"column":6},"end":{"line":29,"column":7}},"13":{"start":{"line":28,"column":8},"end":{"line":28,"column":38}},"14":{"start":{"line":30,"column":6},"end":{"line":32,"column":7}},"15":{"start":{"line":31,"column":8},"end":{"line":31,"column":43}},"16":{"start":{"line":34,"column":33},"end":{"line":36,"column":8}},"17":{"start":{"line":38,"column":6},"end":{"line":40,"column":7}},"18":{"start":{"line":39,"column":8},"end":{"line":39,"column":39}},"19":{"start":{"line":42,"column":24},"end":{"line":42,"column":78}},"20":{"start":{"line":44,"column":6},"end":{"line":46,"column":7}},"21":{"start":{"line":45,"column":8},"end":{"line":45,"column":39}},"22":{"start":{"line":48,"column":22},"end":{"line":51,"column":7}},"23":{"start":{"line":52,"column":6},"end":{"line":52,"column":27}},"24":{"start":{"line":54,"column":27},"end":{"line":54,"column":45}},"25":{"start":{"line":56,"column":6},"end":{"line":61,"column":9}},"26":{"start":{"line":63,"column":6},"end":{"line":71,"column":7}},"27":{"start":{"line":64,"column":8},"end":{"line":64,"column":66}},"28":{"start":{"line":65,"column":13},"end":{"line":71,"column":7}},"29":{"start":{"line":66,"column":8},"end":{"line":66,"column":61}},"30":{"start":{"line":67,"column":13},"end":{"line":71,"column":7}},"31":{"start":{"line":68,"column":8},"end":{"line":68,"column":68}},"32":{"start":{"line":70,"column":8},"end":{"line":70,"column":34}},"33":{"start":{"line":76,"column":4},"end":{"line":91,"column":5}},"34":{"start":{"line":77,"column":22},"end":{"line":77,"column":30}},"35":{"start":{"line":78,"column":6},"end":{"line":80,"column":7}},"36":{"start":{"line":79,"column":8},"end":{"line":79,"column":57}},"37":{"start":{"line":81,"column":19},"end":{"line":85,"column":8}},"38":{"start":{"line":87,"column":6},"end":{"line":87,"column":33}},"39":{"start":{"line":89,"column":6},"end":{"line":89,"column":23}},"40":{"start":{"line":90,"column":6},"end":{"line":90,"column":32}},"41":{"start":{"line":96,"column":4},"end":{"line":118,"column":5}},"42":{"start":{"line":97,"column":22},"end":{"line":97,"column":30}},"43":{"start":{"line":98,"column":6},"end":{"line":100,"column":7}},"44":{"start":{"line":99,"column":8},"end":{"line":99,"column":63}},"45":{"start":{"line":101,"column":19},"end":{"line":105,"column":8}},"46":{"start":{"line":107,"column":24},"end":{"line":112,"column":8}},"47":{"start":{"line":114,"column":6},"end":{"line":114,"column":38}},"48":{"start":{"line":116,"column":6},"end":{"line":116,"column":23}},"49":{"start":{"line":117,"column":6},"end":{"line":117,"column":32}},"50":{"start":{"line":122,"column":0},"end":{"line":122,"column":34}}},"fnMap":{"0":{"name":"(anonymous_0)","decl":{"start":{"line":15,"column":2},"end":{"line":15,"column":3}},"loc":{"start":{"line":15,"column":29},"end":{"line":21,"column":3}},"line":15},"1":{"name":"(anonymous_1)","decl":{"start":{"line":23,"column":2},"end":{"line":23,"column":3}},"loc":{"start":{"line":23,"column":31},"end":{"line":73,"column":3}},"line":23},"2":{"name":"(anonymous_2)","decl":{"start":{"line":74,"column":2},"end":{"line":74,"column":3}},"loc":{"start":{"line":74,"column":49},"end":{"line":92,"column":3}},"line":74},"3":{"name":"(anonymous_3)","decl":{"start":{"line":94,"column":2},"end":{"line":94,"column":3}},"loc":{"start":{"line":94,"column":51},"end":{"line":119,"column":3}},"line":94}},"branchMap":{"0":{"loc":{"start":{"line":27,"column":6},"end":{"line":29,"column":7}},"type":"if","locations":[{"start":{"line":27,"column":6},"end":{"line":29,"column":7}},{"start":{},"end":{}}],"line":27},"1":{"loc":{"start":{"line":30,"column":6},"end":{"line":32,"column":7}},"type":"if","locations":[{"start":{"line":30,"column":6},"end":{"line":32,"column":7}},{"start":{},"end":{}}],"line":30},"2":{"loc":{"start":{"line":38,"column":6},"end":{"line":40,"column":7}},"type":"if","locations":[{"start":{"line":38,"column":6},"end":{"line":40,"column":7}},{"start":{},"end":{}}],"line":38},"3":{"loc":{"start":{"line":44,"column":6},"end":{"line":46,"column":7}},"type":"if","locations":[{"start":{"line":44,"column":6},"end":{"line":46,"column":7}},{"start":{},"end":{}}],"line":44},"4":{"loc":{"start":{"line":63,"column":6},"end":{"line":71,"column":7}},"type":"if","locations":[{"start":{"line":63,"column":6},"end":{"line":71,"column":7}},{"start":{"line":65,"column":13},"end":{"line":71,"column":7}}],"line":63},"5":{"loc":{"start":{"line":65,"column":13},"end":{"line":71,"column":7}},"type":"if","locations":[{"start":{"line":65,"column":13},"end":{"line":71,"column":7}},{"start":{"line":67,"column":13},"end":{"line":71,"column":7}}],"line":65},"6":{"loc":{"start":{"line":67,"column":13},"end":{"line":71,"column":7}},"type":"if","locations":[{"start":{"line":67,"column":13},"end":{"line":71,"column":7}},{"start":{"line":69,"column":13},"end":{"line":71,"column":7}}],"line":67},"7":{"loc":{"start":{"line":78,"column":6},"end":{"line":80,"column":7}},"type":"if","locations":[{"start":{"line":78,"column":6},"end":{"line":80,"column":7}},{"start":{},"end":{}}],"line":78},"8":{"loc":{"start":{"line":98,"column":6},"end":{"line":100,"column":7}},"type":"if","locations":[{"start":{"line":98,"column":6},"end":{"line":100,"column":7}},{"start":{},"end":{}}],"line":98}},"s":{"0":1,"1":1,"2":1,"3":1,"4":1,"5":1,"6":0,"7":0,"8":0,"9":0,"10":0,"11":0,"12":0,"13":0,"14":0,"15":0,"16":0,"17":0,"18":0,"19":0,"20":0,"21":0,"22":0,"23":0,"24":0,"25":0,"26":0,"27":0,"28":0,"29":0,"30":0,"31":0,"32":0,"33":0,"34":0,"35":0,"36":0,"37":0,"38":0,"39":0,"40":0,"41":0,"42":0,"43":0,"44":0,"45":0,"46":0,"47":0,"48":0,"49":0,"50":1},"f":{"0":0,"1":0,"2":0,"3":0},"b":{"0":[0,0],"1":[0,0],"2":[0,0],"3":[0,0],"4":[0,0],"5":[0,0],"6":[0,0],"7":[0,0],"8":[0,0]},"_coverageSchema":"1a1c01bbd47fc00a2c39e90264f33305004495a9","hash":"e82cea36a2e2524b0540d9423b6dcfb568ff7c49"}
,"C:\\Users\\steamiss\\Documents\\Bootcamp\\dpp-11\\livecodesim2\\s1\\week4\\livecodesim\\livecodelast\\ip-server-instavue-repo\\rmt24\\week3\\finalprojectbabygrowth\\server\\Baby-Growth-Server\\server\\controllers\\usercontroller.js": {"path":"C:\\Users\\steamiss\\Documents\\Bootcamp\\dpp-11\\livecodesim2\\s1\\week4\\livecodesim\\livecodelast\\ip-server-instavue-repo\\rmt24\\week3\\finalprojectbabygrowth\\server\\Baby-Growth-Server\\server\\controllers\\usercontroller.js","statementMap":{"0":{"start":{"line":11,"column":4},"end":{"line":11,"column":24}},"1":{"start":{"line":16,"column":4},"end":{"line":29,"column":5}},"2":{"start":{"line":17,"column":21},"end":{"line":17,"column":31}},"3":{"start":{"line":19,"column":19},"end":{"line":24,"column":8}},"4":{"start":{"line":26,"column":6},"end":{"line":26,"column":33}},"5":{"start":{"line":28,"column":6},"end":{"line":28,"column":32}},"6":{"start":{"line":34,"column":4},"end":{"line":40,"column":5}},"7":{"start":{"line":35,"column":19},"end":{"line":35,"column":43}},"8":{"start":{"line":37,"column":6},"end":{"line":37,"column":33}},"9":{"start":{"line":39,"column":6},"end":{"line":39,"column":32}},"10":{"start":{"line":45,"column":4},"end":{"line":57,"column":5}},"11":{"start":{"line":46,"column":21},"end":{"line":46,"column":31}},"12":{"start":{"line":48,"column":19},"end":{"line":52,"column":8}},"13":{"start":{"line":54,"column":6},"end":{"line":54,"column":33}},"14":{"start":{"line":56,"column":6},"end":{"line":56,"column":32}},"15":{"start":{"line":62,"column":4},"end":{"line":71,"column":5}},"16":{"start":{"line":63,"column":21},"end":{"line":63,"column":31}},"17":{"start":{"line":64,"column":23},"end":{"line":66,"column":27}},"18":{"start":{"line":68,"column":6},"end":{"line":68,"column":37}},"19":{"start":{"line":70,"column":6},"end":{"line":70,"column":32}},"20":{"start":{"line":75,"column":4},"end":{"line":89,"column":5}},"21":{"start":{"line":76,"column":21},"end":{"line":76,"column":31}},"22":{"start":{"line":77,"column":39},"end":{"line":77,"column":47}},"23":{"start":{"line":78,"column":19},"end":{"line":84,"column":8}},"24":{"start":{"line":86,"column":6},"end":{"line":86,"column":33}},"25":{"start":{"line":88,"column":6},"end":{"line":88,"column":32}},"26":{"start":{"line":94,"column":4},"end":{"line":101,"column":5}},"27":{"start":{"line":95,"column":31},"end":{"line":95,"column":39}},"28":{"start":{"line":97,"column":23},"end":{"line":97,"column":71}},"29":{"start":{"line":98,"column":6},"end":{"line":98,"column":37}},"30":{"start":{"line":100,"column":6},"end":{"line":100,"column":32}},"31":{"start":{"line":105,"column":0},"end":{"line":105,"column":32}}},"fnMap":{"0":{"name":"(anonymous_0)","decl":{"start":{"line":14,"column":2},"end":{"line":14,"column":3}},"loc":{"start":{"line":14,"column":38},"end":{"line":30,"column":3}},"line":14},"1":{"name":"(anonymous_1)","decl":{"start":{"line":32,"column":2},"end":{"line":32,"column":3}},"loc":{"start":{"line":32,"column":39},"end":{"line":41,"column":3}},"line":32},"2":{"name":"(anonymous_2)","decl":{"start":{"line":43,"column":2},"end":{"line":43,"column":3}},"loc":{"start":{"line":43,"column":53},"end":{"line":58,"column":3}},"line":43},"3":{"name":"(anonymous_3)","decl":{"start":{"line":60,"column":2},"end":{"line":60,"column":3}},"loc":{"start":{"line":60,"column":58},"end":{"line":72,"column":3}},"line":60},"4":{"name":"(anonymous_4)","decl":{"start":{"line":74,"column":2},"end":{"line":74,"column":3}},"loc":{"start":{"line":74,"column":52},"end":{"line":90,"column":3}},"line":74},"5":{"name":"(anonymous_5)","decl":{"start":{"line":91,"column":2},"end":{"line":91,"column":3}},"loc":{"start":{"line":91,"column":37},"end":{"line":102,"column":3}},"line":91}},"branchMap":{},"s":{"0":1,"1":0,"2":0,"3":0,"4":0,"5":0,"6":0,"7":0,"8":0,"9":0,"10":0,"11":0,"12":0,"13":0,"14":0,"15":0,"16":0,"17":0,"18":0,"19":0,"20":0,"21":0,"22":0,"23":0,"24":0,"25":0,"26":0,"27":0,"28":0,"29":0,"30":0,"31":1},"f":{"0":0,"1":0,"2":0,"3":0,"4":0,"5":0},"b":{},"_coverageSchema":"1a1c01bbd47fc00a2c39e90264f33305004495a9","hash":"a050c41554775e71a77b2929ac4b7b52ca9b9b40"}
,"C:\\Users\\steamiss\\Documents\\Bootcamp\\dpp-11\\livecodesim2\\s1\\week4\\livecodesim\\livecodelast\\ip-server-instavue-repo\\rmt24\\week3\\finalprojectbabygrowth\\server\\Baby-Growth-Server\\server\\helpers\\babyWeight.js": {"path":"C:\\Users\\steamiss\\Documents\\Bootcamp\\dpp-11\\livecodesim2\\s1\\week4\\livecodesim\\livecodelast\\ip-server-instavue-repo\\rmt24\\week3\\finalprojectbabygrowth\\server\\Baby-Growth-Server\\server\\helpers\\babyWeight.js","statementMap":{"0":{"start":{"line":2,"column":15},"end":{"line":6,"column":3}},"1":{"start":{"line":8,"column":2},"end":{"line":69,"column":3}},"2":{"start":{"line":8,"column":15},"end":{"line":8,"column":16}},"3":{"start":{"line":9,"column":23},"end":{"line":9,"column":29}},"4":{"start":{"line":10,"column":18},"end":{"line":10,"column":31}},"5":{"start":{"line":11,"column":23},"end":{"line":11,"column":44}},"6":{"start":{"line":12,"column":4},"end":{"line":68,"column":5}},"7":{"start":{"line":13,"column":6},"end":{"line":19,"column":7}},"8":{"start":{"line":14,"column":8},"end":{"line":14,"column":24}},"9":{"start":{"line":15,"column":13},"end":{"line":19,"column":7}},"10":{"start":{"line":16,"column":8},"end":{"line":16,"column":26}},"11":{"start":{"line":18,"column":8},"end":{"line":18,"column":23}},"12":{"start":{"line":20,"column":11},"end":{"line":68,"column":5}},"13":{"start":{"line":21,"column":6},"end":{"line":27,"column":7}},"14":{"start":{"line":22,"column":8},"end":{"line":22,"column":24}},"15":{"start":{"line":23,"column":13},"end":{"line":27,"column":7}},"16":{"start":{"line":24,"column":8},"end":{"line":24,"column":26}},"17":{"start":{"line":26,"column":8},"end":{"line":26,"column":23}},"18":{"start":{"line":28,"column":11},"end":{"line":68,"column":5}},"19":{"start":{"line":29,"column":6},"end":{"line":35,"column":7}},"20":{"start":{"line":30,"column":8},"end":{"line":30,"column":24}},"21":{"start":{"line":31,"column":13},"end":{"line":35,"column":7}},"22":{"start":{"line":32,"column":8},"end":{"line":32,"column":26}},"23":{"start":{"line":34,"column":8},"end":{"line":34,"column":23}},"24":{"start":{"line":36,"column":11},"end":{"line":68,"column":5}},"25":{"start":{"line":37,"column":6},"end":{"line":43,"column":7}},"26":{"start":{"line":38,"column":8},"end":{"line":38,"column":24}},"27":{"start":{"line":39,"column":13},"end":{"line":43,"column":7}},"28":{"start":{"line":40,"column":8},"end":{"line":40,"column":26}},"29":{"start":{"line":42,"column":8},"end":{"line":42,"column":23}},"30":{"start":{"line":44,"column":11},"end":{"line":68,"column":5}},"31":{"start":{"line":45,"column":6},"end":{"line":51,"column":7}},"32":{"start":{"line":46,"column":8},"end":{"line":46,"column":24}},"33":{"start":{"line":47,"column":13},"end":{"line":51,"column":7}},"34":{"start":{"line":48,"column":8},"end":{"line":48,"column":26}},"35":{"start":{"line":50,"column":8},"end":{"line":50,"column":23}},"36":{"start":{"line":52,"column":11},"end":{"line":68,"column":5}},"37":{"start":{"line":53,"column":6},"end":{"line":59,"column":7}},"38":{"start":{"line":54,"column":8},"end":{"line":54,"column":24}},"39":{"start":{"line":55,"column":13},"end":{"line":59,"column":7}},"40":{"start":{"line":56,"column":8},"end":{"line":56,"column":26}},"41":{"start":{"line":58,"column":8},"end":{"line":58,"column":23}},"42":{"start":{"line":60,"column":11},"end":{"line":68,"column":5}},"43":{"start":{"line":61,"column":6},"end":{"line":67,"column":7}},"44":{"start":{"line":62,"column":8},"end":{"line":62,"column":24}},"45":{"start":{"line":63,"column":13},"end":{"line":67,"column":7}},"46":{"start":{"line":64,"column":8},"end":{"line":64,"column":26}},"47":{"start":{"line":66,"column":8},"end":{"line":66,"column":23}},"48":{"start":{"line":70,"column":2},"end":{"line":70,"column":16}},"49":{"start":{"line":73,"column":0},"end":{"line":73,"column":43}}},"fnMap":{"0":{"name":"babiesWeightConverter","decl":{"start":{"line":1,"column":9},"end":{"line":1,"column":30}},"loc":{"start":{"line":1,"column":36},"end":{"line":71,"column":1}},"line":1}},"branchMap":{"0":{"loc":{"start":{"line":12,"column":4},"end":{"line":68,"column":5}},"type":"if","locations":[{"start":{"line":12,"column":4},"end":{"line":68,"column":5}},{"start":{"line":20,"column":11},"end":{"line":68,"column":5}}],"line":12},"1":{"loc":{"start":{"line":12,"column":8},"end":{"line":12,"column":34}},"type":"binary-expr","locations":[{"start":{"line":12,"column":8},"end":{"line":12,"column":19}},{"start":{"line":12,"column":23},"end":{"line":12,"column":34}}],"line":12},"2":{"loc":{"start":{"line":13,"column":6},"end":{"line":19,"column":7}},"type":"if","locations":[{"start":{"line":13,"column":6},"end":{"line":19,"column":7}},{"start":{"line":15,"column":13},"end":{"line":19,"column":7}}],"line":13},"3":{"loc":{"start":{"line":15,"column":13},"end":{"line":19,"column":7}},"type":"if","locations":[{"start":{"line":15,"column":13},"end":{"line":19,"column":7}},{"start":{"line":17,"column":13},"end":{"line":19,"column":7}}],"line":15},"4":{"loc":{"start":{"line":20,"column":11},"end":{"line":68,"column":5}},"type":"if","locations":[{"start":{"line":20,"column":11},"end":{"line":68,"column":5}},{"start":{"line":28,"column":11},"end":{"line":68,"column":5}}],"line":20},"5":{"loc":{"start":{"line":21,"column":6},"end":{"line":27,"column":7}},"type":"if","locations":[{"start":{"line":21,"column":6},"end":{"line":27,"column":7}},{"start":{"line":23,"column":13},"end":{"line":27,"column":7}}],"line":21},"6":{"loc":{"start":{"line":23,"column":13},"end":{"line":27,"column":7}},"type":"if","locations":[{"start":{"line":23,"column":13},"end":{"line":27,"column":7}},{"start":{"line":25,"column":13},"end":{"line":27,"column":7}}],"line":23},"7":{"loc":{"start":{"line":28,"column":11},"end":{"line":68,"column":5}},"type":"if","locations":[{"start":{"line":28,"column":11},"end":{"line":68,"column":5}},{"start":{"line":36,"column":11},"end":{"line":68,"column":5}}],"line":28},"8":{"loc":{"start":{"line":29,"column":6},"end":{"line":35,"column":7}},"type":"if","locations":[{"start":{"line":29,"column":6},"end":{"line":35,"column":7}},{"start":{"line":31,"column":13},"end":{"line":35,"column":7}}],"line":29},"9":{"loc":{"start":{"line":31,"column":13},"end":{"line":35,"column":7}},"type":"if","locations":[{"start":{"line":31,"column":13},"end":{"line":35,"column":7}},{"start":{"line":33,"column":13},"end":{"line":35,"column":7}}],"line":31},"10":{"loc":{"start":{"line":36,"column":11},"end":{"line":68,"column":5}},"type":"if","locations":[{"start":{"line":36,"column":11},"end":{"line":68,"column":5}},{"start":{"line":44,"column":11},"end":{"line":68,"column":5}}],"line":36},"11":{"loc":{"start":{"line":37,"column":6},"end":{"line":43,"column":7}},"type":"if","locations":[{"start":{"line":37,"column":6},"end":{"line":43,"column":7}},{"start":{"line":39,"column":13},"end":{"line":43,"column":7}}],"line":37},"12":{"loc":{"start":{"line":39,"column":13},"end":{"line":43,"column":7}},"type":"if","locations":[{"start":{"line":39,"column":13},"end":{"line":43,"column":7}},{"start":{"line":41,"column":13},"end":{"line":43,"column":7}}],"line":39},"13":{"loc":{"start":{"line":44,"column":11},"end":{"line":68,"column":5}},"type":"if","locations":[{"start":{"line":44,"column":11},"end":{"line":68,"column":5}},{"start":{"line":52,"column":11},"end":{"line":68,"column":5}}],"line":44},"14":{"loc":{"start":{"line":45,"column":6},"end":{"line":51,"column":7}},"type":"if","locations":[{"start":{"line":45,"column":6},"end":{"line":51,"column":7}},{"start":{"line":47,"column":13},"end":{"line":51,"column":7}}],"line":45},"15":{"loc":{"start":{"line":47,"column":13},"end":{"line":51,"column":7}},"type":"if","locations":[{"start":{"line":47,"column":13},"end":{"line":51,"column":7}},{"start":{"line":49,"column":13},"end":{"line":51,"column":7}}],"line":47},"16":{"loc":{"start":{"line":52,"column":11},"end":{"line":68,"column":5}},"type":"if","locations":[{"start":{"line":52,"column":11},"end":{"line":68,"column":5}},{"start":{"line":60,"column":11},"end":{"line":68,"column":5}}],"line":52},"17":{"loc":{"start":{"line":53,"column":6},"end":{"line":59,"column":7}},"type":"if","locations":[{"start":{"line":53,"column":6},"end":{"line":59,"column":7}},{"start":{"line":55,"column":13},"end":{"line":59,"column":7}}],"line":53},"18":{"loc":{"start":{"line":55,"column":13},"end":{"line":59,"column":7}},"type":"if","locations":[{"start":{"line":55,"column":13},"end":{"line":59,"column":7}},{"start":{"line":57,"column":13},"end":{"line":59,"column":7}}],"line":55},"19":{"loc":{"start":{"line":60,"column":11},"end":{"line":68,"column":5}},"type":"if","locations":[{"start":{"line":60,"column":11},"end":{"line":68,"column":5}},{"start":{},"end":{}}],"line":60},"20":{"loc":{"start":{"line":61,"column":6},"end":{"line":67,"column":7}},"type":"if","locations":[{"start":{"line":61,"column":6},"end":{"line":67,"column":7}},{"start":{"line":63,"column":13},"end":{"line":67,"column":7}}],"line":61},"21":{"loc":{"start":{"line":63,"column":13},"end":{"line":67,"column":7}},"type":"if","locations":[{"start":{"line":63,"column":13},"end":{"line":67,"column":7}},{"start":{"line":65,"column":13},"end":{"line":67,"column":7}}],"line":63}},"s":{"0":0,"1":0,"2":0,"3":0,"4":0,"5":0,"6":0,"7":0,"8":0,"9":0,"10":0,"11":0,"12":0,"13":0,"14":0,"15":0,"16":0,"17":0,"18":0,"19":0,"20":0,"21":0,"22":0,"23":0,"24":0,"25":0,"26":0,"27":0,"28":0,"29":0,"30":0,"31":0,"32":0,"33":0,"34":0,"35":0,"36":0,"37":0,"38":0,"39":0,"40":0,"41":0,"42":0,"43":0,"44":0,"45":0,"46":0,"47":0,"48":0,"49":1},"f":{"0":0},"b":{"0":[0,0],"1":[0,0],"2":[0,0],"3":[0,0],"4":[0,0],"5":[0,0],"6":[0,0],"7":[0,0],"8":[0,0],"9":[0,0],"10":[0,0],"11":[0,0],"12":[0,0],"13":[0,0],"14":[0,0],"15":[0,0],"16":[0,0],"17":[0,0],"18":[0,0],"19":[0,0],"20":[0,0],"21":[0,0]},"_coverageSchema":"1a1c01bbd47fc00a2c39e90264f33305004495a9","hash":"480220983d5df28b853a76aaa845117da7e410c4"}
,"C:\\Users\\steamiss\\Documents\\Bootcamp\\dpp-11\\livecodesim2\\s1\\week4\\livecodesim\\livecodelast\\ip-server-instavue-repo\\rmt24\\week3\\finalprojectbabygrowth\\server\\Baby-Growth-Server\\server\\helpers\\bcrypt.js": {"path":"C:\\Users\\steamiss\\Documents\\Bootcamp\\dpp-11\\livecodesim2\\s1\\week4\\livecodesim\\livecodelast\\ip-server-instavue-repo\\rmt24\\week3\\finalprojectbabygrowth\\server\\Baby-Growth-Server\\server\\helpers\\bcrypt.js","statementMap":{"0":{"start":{"line":1,"column":13},"end":{"line":1,"column":32}},"1":{"start":{"line":4,"column":2},"end":{"line":4,"column":39}},"2":{"start":{"line":8,"column":2},"end":{"line":8,"column":50}},"3":{"start":{"line":11,"column":0},"end":{"line":11,"column":51}}},"fnMap":{"0":{"name":"hashPassword","decl":{"start":{"line":3,"column":9},"end":{"line":3,"column":21}},"loc":{"start":{"line":3,"column":32},"end":{"line":5,"column":1}},"line":3},"1":{"name":"comparePassword","decl":{"start":{"line":7,"column":9},"end":{"line":7,"column":24}},"loc":{"start":{"line":7,"column":47},"end":{"line":9,"column":1}},"line":7}},"branchMap":{},"s":{"0":1,"1":0,"2":0,"3":1},"f":{"0":0,"1":0},"b":{},"_coverageSchema":"1a1c01bbd47fc00a2c39e90264f33305004495a9","hash":"5c8b9ec9428803d17502a5ae6e92e3ca1979a36a"}
,"C:\\Users\\steamiss\\Documents\\Bootcamp\\dpp-11\\livecodesim2\\s1\\week4\\livecodesim\\livecodelast\\ip-server-instavue-repo\\rmt24\\week3\\finalprojectbabygrowth\\server\\Baby-Growth-Server\\server\\helpers\\jwt.js": {"path":"C:\\Users\\steamiss\\Documents\\Bootcamp\\dpp-11\\livecodesim2\\s1\\week4\\livecodesim\\livecodelast\\ip-server-instavue-repo\\rmt24\\week3\\finalprojectbabygrowth\\server\\Baby-Growth-Server\\server\\helpers\\jwt.js","statementMap":{"0":{"start":{"line":1,"column":10},"end":{"line":1,"column":33}},"1":{"start":{"line":4,"column":2},"end":{"line":4,"column":37}},"2":{"start":{"line":8,"column":2},"end":{"line":8,"column":37}},"3":{"start":{"line":11,"column":0},"end":{"line":11,"column":44}}},"fnMap":{"0":{"name":"signToken","decl":{"start":{"line":3,"column":9},"end":{"line":3,"column":18}},"loc":{"start":{"line":3,"column":28},"end":{"line":5,"column":1}},"line":3},"1":{"name":"verifyToken","decl":{"start":{"line":7,"column":9},"end":{"line":7,"column":20}},"loc":{"start":{"line":7,"column":28},"end":{"line":9,"column":1}},"line":7}},"branchMap":{},"s":{"0":1,"1":0,"2":0,"3":1},"f":{"0":0,"1":0},"b":{},"_coverageSchema":"1a1c01bbd47fc00a2c39e90264f33305004495a9","hash":"8b6ceddb1502edc5e1ee96b68fde5d803df694d8"}
,"C:\\Users\\steamiss\\Documents\\Bootcamp\\dpp-11\\livecodesim2\\s1\\week4\\livecodesim\\livecodelast\\ip-server-instavue-repo\\rmt24\\week3\\finalprojectbabygrowth\\server\\Baby-Growth-Server\\server\\helpers\\selisihCalculator.js": {"path":"C:\\Users\\steamiss\\Documents\\Bootcamp\\dpp-11\\livecodesim2\\s1\\week4\\livecodesim\\livecodelast\\ip-server-instavue-repo\\rmt24\\week3\\finalprojectbabygrowth\\server\\Baby-Growth-Server\\server\\helpers\\selisihCalculator.js","statementMap":{"0":{"start":{"line":2,"column":23},"end":{"line":2,"column":25}},"1":{"start":{"line":4,"column":2},"end":{"line":20,"column":3}},"2":{"start":{"line":5,"column":4},"end":{"line":19,"column":5}},"3":{"start":{"line":6,"column":30},"end":{"line":6,"column":73}},"4":{"start":{"line":8,"column":6},"end":{"line":10,"column":8}},"5":{"start":{"line":12,"column":6},"end":{"line":18,"column":7}},"6":{"start":{"line":13,"column":8},"end":{"line":17,"column":9}},"7":{"start":{"line":13,"column":21},"end":{"line":13,"column":22}},"8":{"start":{"line":14,"column":10},"end":{"line":16,"column":12}},"9":{"start":{"line":22,"column":24},"end":{"line":22,"column":26}},"10":{"start":{"line":24,"column":2},"end":{"line":42,"column":3}},"11":{"start":{"line":25,"column":4},"end":{"line":41,"column":5}},"12":{"start":{"line":26,"column":34},"end":{"line":26,"column":72}},"13":{"start":{"line":28,"column":6},"end":{"line":30,"column":8}},"14":{"start":{"line":32,"column":6},"end":{"line":40,"column":7}},"15":{"start":{"line":33,"column":8},"end":{"line":39,"column":9}},"16":{"start":{"line":33,"column":21},"end":{"line":33,"column":22}},"17":{"start":{"line":34,"column":10},"end":{"line":38,"column":12}},"18":{"start":{"line":43,"column":2},"end":{"line":43,"column":43}},"19":{"start":{"line":46,"column":0},"end":{"line":46,"column":39}}},"fnMap":{"0":{"name":"selisihCalculator","decl":{"start":{"line":1,"column":9},"end":{"line":1,"column":26}},"loc":{"start":{"line":1,"column":33},"end":{"line":44,"column":1}},"line":1}},"branchMap":{"0":{"loc":{"start":{"line":4,"column":2},"end":{"line":20,"column":3}},"type":"if","locations":[{"start":{"line":4,"column":2},"end":{"line":20,"column":3}},{"start":{},"end":{}}],"line":4},"1":{"loc":{"start":{"line":5,"column":4},"end":{"line":19,"column":5}},"type":"if","locations":[{"start":{"line":5,"column":4},"end":{"line":19,"column":5}},{"start":{},"end":{}}],"line":5},"2":{"loc":{"start":{"line":12,"column":6},"end":{"line":18,"column":7}},"type":"if","locations":[{"start":{"line":12,"column":6},"end":{"line":18,"column":7}},{"start":{},"end":{}}],"line":12},"3":{"loc":{"start":{"line":24,"column":2},"end":{"line":42,"column":3}},"type":"if","locations":[{"start":{"line":24,"column":2},"end":{"line":42,"column":3}},{"start":{},"end":{}}],"line":24},"4":{"loc":{"start":{"line":25,"column":4},"end":{"line":41,"column":5}},"type":"if","locations":[{"start":{"line":25,"column":4},"end":{"line":41,"column":5}},{"start":{},"end":{}}],"line":25},"5":{"loc":{"start":{"line":32,"column":6},"end":{"line":40,"column":7}},"type":"if","locations":[{"start":{"line":32,"column":6},"end":{"line":40,"column":7}},{"start":{},"end":{}}],"line":32}},"s":{"0":0,"1":0,"2":0,"3":0,"4":0,"5":0,"6":0,"7":0,"8":0,"9":0,"10":0,"11":0,"12":0,"13":0,"14":0,"15":0,"16":0,"17":0,"18":0,"19":1},"f":{"0":0},"b":{"0":[0,0],"1":[0,0],"2":[0,0],"3":[0,0],"4":[0,0],"5":[0,0]},"_coverageSchema":"1a1c01bbd47fc00a2c39e90264f33305004495a9","hash":"4b4f861bb14b6dce18476a289f15b7803060c617"}
,"C:\\Users\\steamiss\\Documents\\Bootcamp\\dpp-11\\livecodesim2\\s1\\week4\\livecodesim\\livecodelast\\ip-server-instavue-repo\\rmt24\\week3\\finalprojectbabygrowth\\server\\Baby-Growth-Server\\server\\helpers\\statisticCalculator.js": {"path":"C:\\Users\\steamiss\\Documents\\Bootcamp\\dpp-11\\livecodesim2\\s1\\week4\\livecodesim\\livecodelast\\ip-server-instavue-repo\\rmt24\\week3\\finalprojectbabygrowth\\server\\Baby-Growth-Server\\server\\helpers\\statisticCalculator.js","statementMap":{"0":{"start":{"line":2,"column":30},"end":{"line":2,"column":53}},"1":{"start":{"line":3,"column":32},"end":{"line":3,"column":55}},"2":{"start":{"line":4,"column":29},"end":{"line":4,"column":52}},"3":{"start":{"line":6,"column":2},"end":{"line":25,"column":5}},"4":{"start":{"line":7,"column":4},"end":{"line":12,"column":5}},"5":{"start":{"line":8,"column":6},"end":{"line":8,"column":43}},"6":{"start":{"line":9,"column":6},"end":{"line":9,"column":56}},"7":{"start":{"line":10,"column":11},"end":{"line":12,"column":5}},"8":{"start":{"line":11,"column":6},"end":{"line":11,"column":45}},"9":{"start":{"line":13,"column":4},"end":{"line":18,"column":5}},"10":{"start":{"line":14,"column":6},"end":{"line":14,"column":42}},"11":{"start":{"line":15,"column":6},"end":{"line":15,"column":54}},"12":{"start":{"line":16,"column":11},"end":{"line":18,"column":5}},"13":{"start":{"line":17,"column":6},"end":{"line":17,"column":44}},"14":{"start":{"line":19,"column":4},"end":{"line":24,"column":5}},"15":{"start":{"line":20,"column":6},"end":{"line":20,"column":45}},"16":{"start":{"line":21,"column":6},"end":{"line":21,"column":60}},"17":{"start":{"line":22,"column":11},"end":{"line":24,"column":5}},"18":{"start":{"line":23,"column":6},"end":{"line":23,"column":47}},"19":{"start":{"line":27,"column":2},"end":{"line":27,"column":76}},"20":{"start":{"line":30,"column":0},"end":{"line":30,"column":41}}},"fnMap":{"0":{"name":"calculateStatistics","decl":{"start":{"line":1,"column":9},"end":{"line":1,"column":28}},"loc":{"start":{"line":1,"column":46},"end":{"line":28,"column":1}},"line":1},"1":{"name":"(anonymous_1)","decl":{"start":{"line":6,"column":26},"end":{"line":6,"column":27}},"loc":{"start":{"line":6,"column":34},"end":{"line":25,"column":3}},"line":6}},"branchMap":{"0":{"loc":{"start":{"line":7,"column":4},"end":{"line":12,"column":5}},"type":"if","locations":[{"start":{"line":7,"column":4},"end":{"line":12,"column":5}},{"start":{"line":10,"column":11},"end":{"line":12,"column":5}}],"line":7},"1":{"loc":{"start":{"line":10,"column":11},"end":{"line":12,"column":5}},"type":"if","locations":[{"start":{"line":10,"column":11},"end":{"line":12,"column":5}},{"start":{},"end":{}}],"line":10},"2":{"loc":{"start":{"line":13,"column":4},"end":{"line":18,"column":5}},"type":"if","locations":[{"start":{"line":13,"column":4},"end":{"line":18,"column":5}},{"start":{"line":16,"column":11},"end":{"line":18,"column":5}}],"line":13},"3":{"loc":{"start":{"line":16,"column":11},"end":{"line":18,"column":5}},"type":"if","locations":[{"start":{"line":16,"column":11},"end":{"line":18,"column":5}},{"start":{},"end":{}}],"line":16},"4":{"loc":{"start":{"line":19,"column":4},"end":{"line":24,"column":5}},"type":"if","locations":[{"start":{"line":19,"column":4},"end":{"line":24,"column":5}},{"start":{"line":22,"column":11},"end":{"line":24,"column":5}}],"line":19},"5":{"loc":{"start":{"line":22,"column":11},"end":{"line":24,"column":5}},"type":"if","locations":[{"start":{"line":22,"column":11},"end":{"line":24,"column":5}},{"start":{},"end":{}}],"line":22}},"s":{"0":0,"1":0,"2":0,"3":0,"4":0,"5":0,"6":0,"7":0,"8":0,"9":0,"10":0,"11":0,"12":0,"13":0,"14":0,"15":0,"16":0,"17":0,"18":0,"19":0,"20":1},"f":{"0":0,"1":0},"b":{"0":[0,0],"1":[0,0],"2":[0,0],"3":[0,0],"4":[0,0],"5":[0,0]},"_coverageSchema":"1a1c01bbd47fc00a2c39e90264f33305004495a9","hash":"831f07c7356d861e3bc085795d24fa7f59a52016"}
,"C:\\Users\\steamiss\\Documents\\Bootcamp\\dpp-11\\livecodesim2\\s1\\week4\\livecodesim\\livecodelast\\ip-server-instavue-repo\\rmt24\\week3\\finalprojectbabygrowth\\server\\Baby-Growth-Server\\server\\middlewares\\authentication.js": {"path":"C:\\Users\\steamiss\\Documents\\Bootcamp\\dpp-11\\livecodesim2\\s1\\week4\\livecodesim\\livecodelast\\ip-server-instavue-repo\\rmt24\\week3\\finalprojectbabygrowth\\server\\Baby-Growth-Server\\server\\middlewares\\authentication.js","statementMap":{"0":{"start":{"line":1,"column":24},"end":{"line":1,"column":49}},"1":{"start":{"line":2,"column":17},"end":{"line":2,"column":37}},"2":{"start":{"line":4,"column":23},"end":{"line":38,"column":1}},"3":{"start":{"line":5,"column":2},"end":{"line":37,"column":3}},"4":{"start":{"line":6,"column":25},"end":{"line":6,"column":49}},"5":{"start":{"line":9,"column":4},"end":{"line":11,"column":5}},"6":{"start":{"line":10,"column":6},"end":{"line":10,"column":37}},"7":{"start":{"line":13,"column":20},"end":{"line":13,"column":45}},"8":{"start":{"line":15,"column":22},"end":{"line":19,"column":6}},"9":{"start":{"line":21,"column":4},"end":{"line":23,"column":5}},"10":{"start":{"line":22,"column":6},"end":{"line":22,"column":37}},"11":{"start":{"line":24,"column":4},"end":{"line":27,"column":6}},"12":{"start":{"line":28,"column":4},"end":{"line":28,"column":26}},"13":{"start":{"line":30,"column":4},"end":{"line":30,"column":11}},"14":{"start":{"line":32,"column":4},"end":{"line":36,"column":5}},"15":{"start":{"line":33,"column":6},"end":{"line":33,"column":57}},"16":{"start":{"line":35,"column":6},"end":{"line":35,"column":32}},"17":{"start":{"line":40,"column":0},"end":{"line":40,"column":32}}},"fnMap":{"0":{"name":"(anonymous_0)","decl":{"start":{"line":4,"column":23},"end":{"line":4,"column":24}},"loc":{"start":{"line":4,"column":49},"end":{"line":38,"column":1}},"line":4}},"branchMap":{"0":{"loc":{"start":{"line":9,"column":4},"end":{"line":11,"column":5}},"type":"if","locations":[{"start":{"line":9,"column":4},"end":{"line":11,"column":5}},{"start":{},"end":{}}],"line":9},"1":{"loc":{"start":{"line":21,"column":4},"end":{"line":23,"column":5}},"type":"if","locations":[{"start":{"line":21,"column":4},"end":{"line":23,"column":5}},{"start":{},"end":{}}],"line":21},"2":{"loc":{"start":{"line":32,"column":4},"end":{"line":36,"column":5}},"type":"if","locations":[{"start":{"line":32,"column":4},"end":{"line":36,"column":5}},{"start":{"line":34,"column":11},"end":{"line":36,"column":5}}],"line":32},"3":{"loc":{"start":{"line":32,"column":8},"end":{"line":32,"column":69}},"type":"binary-expr","locations":[{"start":{"line":32,"column":8},"end":{"line":32,"column":34}},{"start":{"line":32,"column":38},"end":{"line":32,"column":69}}],"line":32}},"s":{"0":1,"1":1,"2":1,"3":0,"4":0,"5":0,"6":0,"7":0,"8":0,"9":0,"10":0,"11":0,"12":0,"13":0,"14":0,"15":0,"16":0,"17":1},"f":{"0":0},"b":{"0":[0,0],"1":[0,0],"2":[0,0],"3":[0,0]},"_coverageSchema":"1a1c01bbd47fc00a2c39e90264f33305004495a9","hash":"709c52568518efbd153512704b3399a3fae7e050"}
,"C:\\Users\\steamiss\\Documents\\Bootcamp\\dpp-11\\livecodesim2\\s1\\week4\\livecodesim\\livecodelast\\ip-server-instavue-repo\\rmt24\\week3\\finalprojectbabygrowth\\server\\Baby-Growth-Server\\server\\middlewares\\authorizationAdmin.js": {"path":"C:\\Users\\steamiss\\Documents\\Bootcamp\\dpp-11\\livecodesim2\\s1\\week4\\livecodesim\\livecodelast\\ip-server-instavue-repo\\rmt24\\week3\\finalprojectbabygrowth\\server\\Baby-Growth-Server\\server\\middlewares\\authorizationAdmin.js","statementMap":{"0":{"start":{"line":1,"column":27},"end":{"line":16,"column":1}},"1":{"start":{"line":2,"column":2},"end":{"line":15,"column":3}},"2":{"start":{"line":3,"column":21},"end":{"line":3,"column":29}},"3":{"start":{"line":5,"column":4},"end":{"line":7,"column":5}},"4":{"start":{"line":6,"column":6},"end":{"line":6,"column":34}},"5":{"start":{"line":8,"column":4},"end":{"line":8,"column":11}},"6":{"start":{"line":10,"column":4},"end":{"line":14,"column":5}},"7":{"start":{"line":11,"column":6},"end":{"line":11,"column":53}},"8":{"start":{"line":13,"column":6},"end":{"line":13,"column":32}},"9":{"start":{"line":18,"column":0},"end":{"line":18,"column":36}}},"fnMap":{"0":{"name":"(anonymous_0)","decl":{"start":{"line":1,"column":27},"end":{"line":1,"column":28}},"loc":{"start":{"line":1,"column":53},"end":{"line":16,"column":1}},"line":1}},"branchMap":{"0":{"loc":{"start":{"line":5,"column":4},"end":{"line":7,"column":5}},"type":"if","locations":[{"start":{"line":5,"column":4},"end":{"line":7,"column":5}},{"start":{},"end":{}}],"line":5},"1":{"loc":{"start":{"line":10,"column":4},"end":{"line":14,"column":5}},"type":"if","locations":[{"start":{"line":10,"column":4},"end":{"line":14,"column":5}},{"start":{"line":12,"column":11},"end":{"line":14,"column":5}}],"line":10}},"s":{"0":1,"1":0,"2":0,"3":0,"4":0,"5":0,"6":0,"7":0,"8":0,"9":1},"f":{"0":0},"b":{"0":[0,0],"1":[0,0]},"_coverageSchema":"1a1c01bbd47fc00a2c39e90264f33305004495a9","hash":"d9080636912e0d78f04e22eed76fa8cee41d632f"}
,"C:\\Users\\steamiss\\Documents\\Bootcamp\\dpp-11\\livecodesim2\\s1\\week4\\livecodesim\\livecodelast\\ip-server-instavue-repo\\rmt24\\week3\\finalprojectbabygrowth\\server\\Baby-Growth-Server\\server\\middlewares\\authorizationSuperAdmin.js": {"path":"C:\\Users\\steamiss\\Documents\\Bootcamp\\dpp-11\\livecodesim2\\s1\\week4\\livecodesim\\livecodelast\\ip-server-instavue-repo\\rmt24\\week3\\finalprojectbabygrowth\\server\\Baby-Growth-Server\\server\\middlewares\\authorizationSuperAdmin.js","statementMap":{"0":{"start":{"line":1,"column":32},"end":{"line":16,"column":1}},"1":{"start":{"line":2,"column":2},"end":{"line":15,"column":3}},"2":{"start":{"line":3,"column":21},"end":{"line":3,"column":29}},"3":{"start":{"line":5,"column":4},"end":{"line":7,"column":5}},"4":{"start":{"line":6,"column":6},"end":{"line":6,"column":34}},"5":{"start":{"line":8,"column":4},"end":{"line":8,"column":11}},"6":{"start":{"line":10,"column":4},"end":{"line":14,"column":5}},"7":{"start":{"line":11,"column":6},"end":{"line":11,"column":53}},"8":{"start":{"line":13,"column":6},"end":{"line":13,"column":32}},"9":{"start":{"line":18,"column":0},"end":{"line":18,"column":41}}},"fnMap":{"0":{"name":"(anonymous_0)","decl":{"start":{"line":1,"column":32},"end":{"line":1,"column":33}},"loc":{"start":{"line":1,"column":58},"end":{"line":16,"column":1}},"line":1}},"branchMap":{"0":{"loc":{"start":{"line":5,"column":4},"end":{"line":7,"column":5}},"type":"if","locations":[{"start":{"line":5,"column":4},"end":{"line":7,"column":5}},{"start":{},"end":{}}],"line":5},"1":{"loc":{"start":{"line":10,"column":4},"end":{"line":14,"column":5}},"type":"if","locations":[{"start":{"line":10,"column":4},"end":{"line":14,"column":5}},{"start":{"line":12,"column":11},"end":{"line":14,"column":5}}],"line":10}},"s":{"0":1,"1":0,"2":0,"3":0,"4":0,"5":0,"6":0,"7":0,"8":0,"9":1},"f":{"0":0},"b":{"0":[0,0],"1":[0,0]},"_coverageSchema":"1a1c01bbd47fc00a2c39e90264f33305004495a9","hash":"10b16f79e45f0de01c2689b9b8621ef2476ce625"}
,"C:\\Users\\steamiss\\Documents\\Bootcamp\\dpp-11\\livecodesim2\\s1\\week4\\livecodesim\\livecodelast\\ip-server-instavue-repo\\rmt24\\week3\\finalprojectbabygrowth\\server\\Baby-Growth-Server\\server\\middlewares\\motherAuthentication.js": {"path":"C:\\Users\\steamiss\\Documents\\Bootcamp\\dpp-11\\livecodesim2\\s1\\week4\\livecodesim\\livecodelast\\ip-server-instavue-repo\\rmt24\\week3\\finalprojectbabygrowth\\server\\Baby-Growth-Server\\server\\middlewares\\motherAuthentication.js","statementMap":{"0":{"start":{"line":1,"column":24},"end":{"line":1,"column":49}},"1":{"start":{"line":2,"column":26},"end":{"line":2,"column":46}},"2":{"start":{"line":4,"column":29},"end":{"line":38,"column":1}},"3":{"start":{"line":5,"column":2},"end":{"line":37,"column":3}},"4":{"start":{"line":6,"column":25},"end":{"line":6,"column":49}},"5":{"start":{"line":9,"column":4},"end":{"line":11,"column":5}},"6":{"start":{"line":10,"column":6},"end":{"line":10,"column":37}},"7":{"start":{"line":13,"column":20},"end":{"line":13,"column":45}},"8":{"start":{"line":15,"column":24},"end":{"line":19,"column":6}},"9":{"start":{"line":21,"column":4},"end":{"line":23,"column":5}},"10":{"start":{"line":22,"column":6},"end":{"line":22,"column":37}},"11":{"start":{"line":24,"column":4},"end":{"line":27,"column":6}},"12":{"start":{"line":28,"column":4},"end":{"line":28,"column":26}},"13":{"start":{"line":30,"column":4},"end":{"line":30,"column":11}},"14":{"start":{"line":32,"column":4},"end":{"line":36,"column":5}},"15":{"start":{"line":33,"column":6},"end":{"line":33,"column":57}},"16":{"start":{"line":35,"column":6},"end":{"line":35,"column":32}},"17":{"start":{"line":40,"column":0},"end":{"line":40,"column":38}}},"fnMap":{"0":{"name":"(anonymous_0)","decl":{"start":{"line":4,"column":29},"end":{"line":4,"column":30}},"loc":{"start":{"line":4,"column":55},"end":{"line":38,"column":1}},"line":4}},"branchMap":{"0":{"loc":{"start":{"line":9,"column":4},"end":{"line":11,"column":5}},"type":"if","locations":[{"start":{"line":9,"column":4},"end":{"line":11,"column":5}},{"start":{},"end":{}}],"line":9},"1":{"loc":{"start":{"line":21,"column":4},"end":{"line":23,"column":5}},"type":"if","locations":[{"start":{"line":21,"column":4},"end":{"line":23,"column":5}},{"start":{},"end":{}}],"line":21},"2":{"loc":{"start":{"line":32,"column":4},"end":{"line":36,"column":5}},"type":"if","locations":[{"start":{"line":32,"column":4},"end":{"line":36,"column":5}},{"start":{"line":34,"column":11},"end":{"line":36,"column":5}}],"line":32},"3":{"loc":{"start":{"line":32,"column":8},"end":{"line":32,"column":69}},"type":"binary-expr","locations":[{"start":{"line":32,"column":8},"end":{"line":32,"column":34}},{"start":{"line":32,"column":38},"end":{"line":32,"column":69}}],"line":32}},"s":{"0":1,"1":1,"2":1,"3":0,"4":0,"5":0,"6":0,"7":0,"8":0,"9":0,"10":0,"11":0,"12":0,"13":0,"14":0,"15":0,"16":0,"17":1},"f":{"0":0},"b":{"0":[0,0],"1":[0,0],"2":[0,0],"3":[0,0]},"_coverageSchema":"1a1c01bbd47fc00a2c39e90264f33305004495a9","hash":"fe477c91ca2b93c7b3f41e529ac989337e48197b"}
,"C:\\Users\\steamiss\\Documents\\Bootcamp\\dpp-11\\livecodesim2\\s1\\week4\\livecodesim\\livecodelast\\ip-server-instavue-repo\\rmt24\\week3\\finalprojectbabygrowth\\server\\Baby-Growth-Server\\server\\models\\article.js": {"path":"C:\\Users\\steamiss\\Documents\\Bootcamp\\dpp-11\\livecodesim2\\s1\\week4\\livecodesim\\livecodelast\\ip-server-instavue-repo\\rmt24\\week3\\finalprojectbabygrowth\\server\\Baby-Growth-Server\\server\\models\\article.js","statementMap":{"0":{"start":{"line":4,"column":4},"end":{"line":4,"column":24}},"1":{"start":{"line":5,"column":0},"end":{"line":29,"column":2}},"2":{"start":{"line":15,"column":6},"end":{"line":15,"column":64}},"3":{"start":{"line":18,"column":2},"end":{"line":27,"column":5}},"4":{"start":{"line":28,"column":2},"end":{"line":28,"column":17}}},"fnMap":{"0":{"name":"(anonymous_0)","decl":{"start":{"line":5,"column":17},"end":{"line":5,"column":18}},"loc":{"start":{"line":5,"column":43},"end":{"line":29,"column":1}},"line":5},"1":{"name":"(anonymous_1)","decl":{"start":{"line":12,"column":4},"end":{"line":12,"column":5}},"loc":{"start":{"line":12,"column":29},"end":{"line":16,"column":5}},"line":12}},"branchMap":{},"s":{"0":1,"1":1,"2":1,"3":1,"4":1},"f":{"0":1,"1":1},"b":{},"_coverageSchema":"1a1c01bbd47fc00a2c39e90264f33305004495a9","hash":"b416b33868539001420b634d3d21c1de46bd1428"}
,"C:\\Users\\steamiss\\Documents\\Bootcamp\\dpp-11\\livecodesim2\\s1\\week4\\livecodesim\\livecodelast\\ip-server-instavue-repo\\rmt24\\week3\\finalprojectbabygrowth\\server\\Baby-Growth-Server\\server\\models\\babydata.js": {"path":"C:\\Users\\steamiss\\Documents\\Bootcamp\\dpp-11\\livecodesim2\\s1\\week4\\livecodesim\\livecodelast\\ip-server-instavue-repo\\rmt24\\week3\\finalprojectbabygrowth\\server\\Baby-Growth-Server\\server\\models\\babydata.js","statementMap":{"0":{"start":{"line":2,"column":18},"end":{"line":2,"column":38}},"1":{"start":{"line":3,"column":0},"end":{"line":37,"column":2}},"2":{"start":{"line":12,"column":6},"end":{"line":12,"column":70}},"3":{"start":{"line":15,"column":2},"end":{"line":35,"column":4}},"4":{"start":{"line":36,"column":2},"end":{"line":36,"column":18}}},"fnMap":{"0":{"name":"(anonymous_0)","decl":{"start":{"line":3,"column":17},"end":{"line":3,"column":18}},"loc":{"start":{"line":3,"column":43},"end":{"line":37,"column":1}},"line":3},"1":{"name":"(anonymous_1)","decl":{"start":{"line":10,"column":4},"end":{"line":10,"column":5}},"loc":{"start":{"line":10,"column":29},"end":{"line":13,"column":5}},"line":10}},"branchMap":{},"s":{"0":1,"1":1,"2":1,"3":1,"4":1},"f":{"0":1,"1":1},"b":{},"_coverageSchema":"1a1c01bbd47fc00a2c39e90264f33305004495a9","hash":"75d9868315c21ce84984b370e8df172863a006cd"}
,"C:\\Users\\steamiss\\Documents\\Bootcamp\\dpp-11\\livecodesim2\\s1\\week4\\livecodesim\\livecodelast\\ip-server-instavue-repo\\rmt24\\week3\\finalprojectbabygrowth\\server\\Baby-Growth-Server\\server\\models\\category.js": {"path":"C:\\Users\\steamiss\\Documents\\Bootcamp\\dpp-11\\livecodesim2\\s1\\week4\\livecodesim\\livecodelast\\ip-server-instavue-repo\\rmt24\\week3\\finalprojectbabygrowth\\server\\Baby-Growth-Server\\server\\models\\category.js","statementMap":{"0":{"start":{"line":4,"column":4},"end":{"line":4,"column":24}},"1":{"start":{"line":5,"column":0},"end":{"line":24,"column":2}},"2":{"start":{"line":16,"column":2},"end":{"line":22,"column":5}},"3":{"start":{"line":23,"column":2},"end":{"line":23,"column":18}}},"fnMap":{"0":{"name":"(anonymous_0)","decl":{"start":{"line":5,"column":17},"end":{"line":5,"column":18}},"loc":{"start":{"line":5,"column":43},"end":{"line":24,"column":1}},"line":5},"1":{"name":"(anonymous_1)","decl":{"start":{"line":12,"column":4},"end":{"line":12,"column":5}},"loc":{"start":{"line":12,"column":29},"end":{"line":14,"column":5}},"line":12}},"branchMap":{},"s":{"0":1,"1":1,"2":1,"3":1},"f":{"0":1,"1":1},"b":{},"_coverageSchema":"1a1c01bbd47fc00a2c39e90264f33305004495a9","hash":"26808ddd5c26e985cf11004f71f877fd789fb3c7"}
,"C:\\Users\\steamiss\\Documents\\Bootcamp\\dpp-11\\livecodesim2\\s1\\week4\\livecodesim\\livecodelast\\ip-server-instavue-repo\\rmt24\\week3\\finalprojectbabygrowth\\server\\Baby-Growth-Server\\server\\models\\index.js": {"path":"C:\\Users\\steamiss\\Documents\\Bootcamp\\dpp-11\\livecodesim2\\s1\\week4\\livecodesim\\livecodelast\\ip-server-instavue-repo\\rmt24\\week3\\finalprojectbabygrowth\\server\\Baby-Growth-Server\\server\\models\\index.js","statementMap":{"0":{"start":{"line":3,"column":11},"end":{"line":3,"column":24}},"1":{"start":{"line":4,"column":13},"end":{"line":4,"column":28}},"2":{"start":{"line":5,"column":18},"end":{"line":5,"column":38}},"3":{"start":{"line":6,"column":17},"end":{"line":6,"column":42}},"4":{"start":{"line":7,"column":12},"end":{"line":7,"column":49}},"5":{"start":{"line":8,"column":15},"end":{"line":8,"column":65}},"6":{"start":{"line":9,"column":11},"end":{"line":9,"column":13}},"7":{"start":{"line":12,"column":0},"end":{"line":16,"column":1}},"8":{"start":{"line":13,"column":2},"end":{"line":13,"column":74}},"9":{"start":{"line":15,"column":2},"end":{"line":15,"column":87}},"10":{"start":{"line":18,"column":0},"end":{"line":26,"column":5}},"11":{"start":{"line":21,"column":4},"end":{"line":21,"column":90}},"12":{"start":{"line":24,"column":18},"end":{"line":24,"column":85}},"13":{"start":{"line":25,"column":4},"end":{"line":25,"column":27}},"14":{"start":{"line":28,"column":0},"end":{"line":32,"column":3}},"15":{"start":{"line":29,"column":2},"end":{"line":31,"column":3}},"16":{"start":{"line":30,"column":4},"end":{"line":30,"column":32}},"17":{"start":{"line":34,"column":0},"end":{"line":34,"column":25}},"18":{"start":{"line":35,"column":0},"end":{"line":35,"column":25}},"19":{"start":{"line":37,"column":0},"end":{"line":37,"column":20}}},"fnMap":{"0":{"name":"(anonymous_0)","decl":{"start":{"line":20,"column":10},"end":{"line":20,"column":11}},"loc":{"start":{"line":20,"column":18},"end":{"line":22,"column":3}},"line":20},"1":{"name":"(anonymous_1)","decl":{"start":{"line":23,"column":11},"end":{"line":23,"column":12}},"loc":{"start":{"line":23,"column":19},"end":{"line":26,"column":3}},"line":23},"2":{"name":"(anonymous_2)","decl":{"start":{"line":28,"column":24},"end":{"line":28,"column":25}},"loc":{"start":{"line":28,"column":37},"end":{"line":32,"column":1}},"line":28}},"branchMap":{"0":{"loc":{"start":{"line":7,"column":12},"end":{"line":7,"column":49}},"type":"binary-expr","locations":[{"start":{"line":7,"column":12},"end":{"line":7,"column":32}},{"start":{"line":7,"column":36},"end":{"line":7,"column":49}}],"line":7},"1":{"loc":{"start":{"line":12,"column":0},"end":{"line":16,"column":1}},"type":"if","locations":[{"start":{"line":12,"column":0},"end":{"line":16,"column":1}},{"start":{"line":14,"column":7},"end":{"line":16,"column":1}}],"line":12},"2":{"loc":{"start":{"line":21,"column":11},"end":{"line":21,"column":89}},"type":"binary-expr","locations":[{"start":{"line":21,"column":12},"end":{"line":21,"column":35}},{"start":{"line":21,"column":41},"end":{"line":21,"column":58}},{"start":{"line":21,"column":64},"end":{"line":21,"column":88}}],"line":21},"3":{"loc":{"start":{"line":29,"column":2},"end":{"line":31,"column":3}},"type":"if","locations":[{"start":{"line":29,"column":2},"end":{"line":31,"column":3}},{"start":{},"end":{}}],"line":29}},"s":{"0":1,"1":1,"2":1,"3":1,"4":1,"5":1,"6":1,"7":1,"8":0,"9":1,"10":1,"11":10,"12":9,"13":9,"14":1,"15":9,"16":9,"17":1,"18":1,"19":1},"f":{"0":10,"1":9,"2":9},"b":{"0":[1,0],"1":[0,1],"2":[10,10,9],"3":[9,0]},"_coverageSchema":"1a1c01bbd47fc00a2c39e90264f33305004495a9","hash":"28f9dd2f7a945632e032b8a84a64a37aac5fe6fd"}
,"C:\\Users\\steamiss\\Documents\\Bootcamp\\dpp-11\\livecodesim2\\s1\\week4\\livecodesim\\livecodelast\\ip-server-instavue-repo\\rmt24\\week3\\finalprojectbabygrowth\\server\\Baby-Growth-Server\\server\\models\\motherprofile.js": {"path":"C:\\Users\\steamiss\\Documents\\Bootcamp\\dpp-11\\livecodesim2\\s1\\week4\\livecodesim\\livecodelast\\ip-server-instavue-repo\\rmt24\\week3\\finalprojectbabygrowth\\server\\Baby-Growth-Server\\server\\models\\motherprofile.js","statementMap":{"0":{"start":{"line":2,"column":18},"end":{"line":2,"column":38}},"1":{"start":{"line":3,"column":0},"end":{"line":54,"column":2}},"2":{"start":{"line":12,"column":6},"end":{"line":12,"column":43}},"3":{"start":{"line":13,"column":6},"end":{"line":13,"column":46}},"4":{"start":{"line":16,"column":2},"end":{"line":52,"column":4}},"5":{"start":{"line":53,"column":2},"end":{"line":53,"column":23}}},"fnMap":{"0":{"name":"(anonymous_0)","decl":{"start":{"line":3,"column":17},"end":{"line":3,"column":18}},"loc":{"start":{"line":3,"column":43},"end":{"line":54,"column":1}},"line":3},"1":{"name":"(anonymous_1)","decl":{"start":{"line":10,"column":4},"end":{"line":10,"column":5}},"loc":{"start":{"line":10,"column":29},"end":{"line":14,"column":5}},"line":10}},"branchMap":{},"s":{"0":1,"1":1,"2":1,"3":1,"4":1,"5":1},"f":{"0":1,"1":1},"b":{},"_coverageSchema":"1a1c01bbd47fc00a2c39e90264f33305004495a9","hash":"b43c52ac94ece955b10fc9ea39f5eb18333008d9"}
,"C:\\Users\\steamiss\\Documents\\Bootcamp\\dpp-11\\livecodesim2\\s1\\week4\\livecodesim\\livecodelast\\ip-server-instavue-repo\\rmt24\\week3\\finalprojectbabygrowth\\server\\Baby-Growth-Server\\server\\models\\needcheck.js": {"path":"C:\\Users\\steamiss\\Documents\\Bootcamp\\dpp-11\\livecodesim2\\s1\\week4\\livecodesim\\livecodelast\\ip-server-instavue-repo\\rmt24\\week3\\finalprojectbabygrowth\\server\\Baby-Growth-Server\\server\\models\\needcheck.js","statementMap":{"0":{"start":{"line":4,"column":4},"end":{"line":4,"column":24}},"1":{"start":{"line":5,"column":0},"end":{"line":25,"column":2}},"2":{"start":{"line":16,"column":2},"end":{"line":23,"column":5}},"3":{"start":{"line":24,"column":2},"end":{"line":24,"column":19}}},"fnMap":{"0":{"name":"(anonymous_0)","decl":{"start":{"line":5,"column":17},"end":{"line":5,"column":18}},"loc":{"start":{"line":5,"column":43},"end":{"line":25,"column":1}},"line":5},"1":{"name":"(anonymous_1)","decl":{"start":{"line":12,"column":4},"end":{"line":12,"column":5}},"loc":{"start":{"line":12,"column":29},"end":{"line":14,"column":5}},"line":12}},"branchMap":{},"s":{"0":1,"1":1,"2":1,"3":1},"f":{"0":1,"1":1},"b":{},"_coverageSchema":"1a1c01bbd47fc00a2c39e90264f33305004495a9","hash":"b3ecd1d755b00a1a6efe1750b8c1e3896e00c558"}
,"C:\\Users\\steamiss\\Documents\\Bootcamp\\dpp-11\\livecodesim2\\s1\\week4\\livecodesim\\livecodelast\\ip-server-instavue-repo\\rmt24\\week3\\finalprojectbabygrowth\\server\\Baby-Growth-Server\\server\\models\\pregnancy.js": {"path":"C:\\Users\\steamiss\\Documents\\Bootcamp\\dpp-11\\livecodesim2\\s1\\week4\\livecodesim\\livecodelast\\ip-server-instavue-repo\\rmt24\\week3\\finalprojectbabygrowth\\server\\Baby-Growth-Server\\server\\models\\pregnancy.js","statementMap":{"0":{"start":{"line":2,"column":18},"end":{"line":2,"column":38}},"1":{"start":{"line":3,"column":0},"end":{"line":44,"column":2}},"2":{"start":{"line":12,"column":6},"end":{"line":12,"column":48}},"3":{"start":{"line":13,"column":6},"end":{"line":13,"column":45}},"4":{"start":{"line":14,"column":6},"end":{"line":14,"column":40}},"5":{"start":{"line":17,"column":2},"end":{"line":42,"column":4}},"6":{"start":{"line":34,"column":10},"end":{"line":36,"column":11}},"7":{"start":{"line":35,"column":12},"end":{"line":35,"column":41}},"8":{"start":{"line":37,"column":10},"end":{"line":37,"column":27}},"9":{"start":{"line":43,"column":2},"end":{"line":43,"column":19}}},"fnMap":{"0":{"name":"(anonymous_0)","decl":{"start":{"line":3,"column":17},"end":{"line":3,"column":18}},"loc":{"start":{"line":3,"column":43},"end":{"line":44,"column":1}},"line":3},"1":{"name":"(anonymous_1)","decl":{"start":{"line":10,"column":4},"end":{"line":10,"column":5}},"loc":{"start":{"line":10,"column":29},"end":{"line":15,"column":5}},"line":10},"2":{"name":"(anonymous_2)","decl":{"start":{"line":33,"column":22},"end":{"line":33,"column":23}},"loc":{"start":{"line":33,"column":37},"end":{"line":38,"column":9}},"line":33}},"branchMap":{"0":{"loc":{"start":{"line":34,"column":10},"end":{"line":36,"column":11}},"type":"if","locations":[{"start":{"line":34,"column":10},"end":{"line":36,"column":11}},{"start":{},"end":{}}],"line":34}},"s":{"0":1,"1":1,"2":1,"3":1,"4":1,"5":1,"6":0,"7":0,"8":0,"9":1},"f":{"0":1,"1":1,"2":0},"b":{"0":[0,0]},"_coverageSchema":"1a1c01bbd47fc00a2c39e90264f33305004495a9","hash":"dda41f6d7bcceeb28fec2cf2d31f8fb8c12cc6b5"}
,"C:\\Users\\steamiss\\Documents\\Bootcamp\\dpp-11\\livecodesim2\\s1\\week4\\livecodesim\\livecodelast\\ip-server-instavue-repo\\rmt24\\week3\\finalprojectbabygrowth\\server\\Baby-Growth-Server\\server\\models\\pregnancydata.js": {"path":"C:\\Users\\steamiss\\Documents\\Bootcamp\\dpp-11\\livecodesim2\\s1\\week4\\livecodesim\\livecodelast\\ip-server-instavue-repo\\rmt24\\week3\\finalprojectbabygrowth\\server\\Baby-Growth-Server\\server\\models\\pregnancydata.js","statementMap":{"0":{"start":{"line":2,"column":18},"end":{"line":2,"column":38}},"1":{"start":{"line":3,"column":0},"end":{"line":35,"column":2}},"2":{"start":{"line":12,"column":6},"end":{"line":12,"column":48}},"3":{"start":{"line":15,"column":2},"end":{"line":33,"column":4}},"4":{"start":{"line":34,"column":2},"end":{"line":34,"column":23}}},"fnMap":{"0":{"name":"(anonymous_0)","decl":{"start":{"line":3,"column":17},"end":{"line":3,"column":18}},"loc":{"start":{"line":3,"column":43},"end":{"line":35,"column":1}},"line":3},"1":{"name":"(anonymous_1)","decl":{"start":{"line":10,"column":4},"end":{"line":10,"column":5}},"loc":{"start":{"line":10,"column":29},"end":{"line":13,"column":5}},"line":10}},"branchMap":{},"s":{"0":1,"1":1,"2":1,"3":1,"4":1},"f":{"0":1,"1":1},"b":{},"_coverageSchema":"1a1c01bbd47fc00a2c39e90264f33305004495a9","hash":"dc7bf9fd692833bf4173f839df67f53472f064ac"}
,"C:\\Users\\steamiss\\Documents\\Bootcamp\\dpp-11\\livecodesim2\\s1\\week4\\livecodesim\\livecodelast\\ip-server-instavue-repo\\rmt24\\week3\\finalprojectbabygrowth\\server\\Baby-Growth-Server\\server\\models\\rt.js": {"path":"C:\\Users\\steamiss\\Documents\\Bootcamp\\dpp-11\\livecodesim2\\s1\\week4\\livecodesim\\livecodelast\\ip-server-instavue-repo\\rmt24\\week3\\finalprojectbabygrowth\\server\\Baby-Growth-Server\\server\\models\\rt.js","statementMap":{"0":{"start":{"line":4,"column":4},"end":{"line":4,"column":24}},"1":{"start":{"line":5,"column":0},"end":{"line":23,"column":2}},"2":{"start":{"line":16,"column":2},"end":{"line":21,"column":5}},"3":{"start":{"line":22,"column":2},"end":{"line":22,"column":12}}},"fnMap":{"0":{"name":"(anonymous_0)","decl":{"start":{"line":5,"column":17},"end":{"line":5,"column":18}},"loc":{"start":{"line":5,"column":43},"end":{"line":23,"column":1}},"line":5},"1":{"name":"(anonymous_1)","decl":{"start":{"line":12,"column":4},"end":{"line":12,"column":5}},"loc":{"start":{"line":12,"column":29},"end":{"line":14,"column":5}},"line":12}},"branchMap":{},"s":{"0":1,"1":1,"2":1,"3":1},"f":{"0":1,"1":1},"b":{},"_coverageSchema":"1a1c01bbd47fc00a2c39e90264f33305004495a9","hash":"7e7ec4d6962f10601ff76292f54ca2b7e9d53001"}
,"C:\\Users\\steamiss\\Documents\\Bootcamp\\dpp-11\\livecodesim2\\s1\\week4\\livecodesim\\livecodelast\\ip-server-instavue-repo\\rmt24\\week3\\finalprojectbabygrowth\\server\\Baby-Growth-Server\\server\\models\\user.js": {"path":"C:\\Users\\steamiss\\Documents\\Bootcamp\\dpp-11\\livecodesim2\\s1\\week4\\livecodesim\\livecodelast\\ip-server-instavue-repo\\rmt24\\week3\\finalprojectbabygrowth\\server\\Baby-Growth-Server\\server\\models\\user.js","statementMap":{"0":{"start":{"line":2,"column":18},"end":{"line":2,"column":38}},"1":{"start":{"line":3,"column":0},"end":{"line":64,"column":2}},"2":{"start":{"line":12,"column":6},"end":{"line":12,"column":41}},"3":{"start":{"line":15,"column":2},"end":{"line":62,"column":4}},"4":{"start":{"line":63,"column":2},"end":{"line":63,"column":14}}},"fnMap":{"0":{"name":"(anonymous_0)","decl":{"start":{"line":3,"column":17},"end":{"line":3,"column":18}},"loc":{"start":{"line":3,"column":43},"end":{"line":64,"column":1}},"line":3},"1":{"name":"(anonymous_1)","decl":{"start":{"line":10,"column":4},"end":{"line":10,"column":5}},"loc":{"start":{"line":10,"column":29},"end":{"line":13,"column":5}},"line":10}},"branchMap":{},"s":{"0":1,"1":1,"2":1,"3":1,"4":1},"f":{"0":1,"1":1},"b":{},"_coverageSchema":"1a1c01bbd47fc00a2c39e90264f33305004495a9","hash":"be55555b05828e25af0ffe548cc4aaa245925164"}
,"C:\\Users\\steamiss\\Documents\\Bootcamp\\dpp-11\\livecodesim2\\s1\\week4\\livecodesim\\livecodelast\\ip-server-instavue-repo\\rmt24\\week3\\finalprojectbabygrowth\\server\\Baby-Growth-Server\\server\\routes\\index.js": {"path":"C:\\Users\\steamiss\\Documents\\Bootcamp\\dpp-11\\livecodesim2\\s1\\week4\\livecodesim\\livecodelast\\ip-server-instavue-repo\\rmt24\\week3\\finalprojectbabygrowth\\server\\Baby-Growth-Server\\server\\routes\\index.js","statementMap":{"0":{"start":{"line":1,"column":19},"end":{"line":1,"column":55}},"1":{"start":{"line":2,"column":23},"end":{"line":2,"column":63}},"2":{"start":{"line":3,"column":23},"end":{"line":3,"column":63}},"3":{"start":{"line":4,"column":27},"end":{"line":4,"column":71}},"4":{"start":{"line":5,"column":32},"end":{"line":5,"column":81}},"5":{"start":{"line":6,"column":21},"end":{"line":6,"column":46}},"6":{"start":{"line":8,"column":15},"end":{"line":8,"column":42}},"7":{"start":{"line":10,"column":0},"end":{"line":10,"column":44}},"8":{"start":{"line":11,"column":0},"end":{"line":11,"column":36}},"9":{"start":{"line":12,"column":0},"end":{"line":12,"column":27}},"10":{"start":{"line":14,"column":0},"end":{"line":14,"column":79}},"11":{"start":{"line":15,"column":0},"end":{"line":19,"column":2}},"12":{"start":{"line":21,"column":0},"end":{"line":21,"column":50}},"13":{"start":{"line":22,"column":0},"end":{"line":22,"column":68}},"14":{"start":{"line":23,"column":0},"end":{"line":23,"column":76}},"15":{"start":{"line":25,"column":0},"end":{"line":25,"column":61}},"16":{"start":{"line":26,"column":0},"end":{"line":26,"column":67}},"17":{"start":{"line":27,"column":0},"end":{"line":27,"column":66}},"18":{"start":{"line":29,"column":0},"end":{"line":29,"column":69}},"19":{"start":{"line":30,"column":0},"end":{"line":30,"column":79}},"20":{"start":{"line":31,"column":0},"end":{"line":31,"column":51}},"21":{"start":{"line":34,"column":0},"end":{"line":34,"column":62}},"22":{"start":{"line":35,"column":0},"end":{"line":35,"column":70}},"23":{"start":{"line":36,"column":0},"end":{"line":36,"column":56}},"24":{"start":{"line":40,"column":0},"end":{"line":40,"column":24}}},"fnMap":{},"branchMap":{},"s":{"0":1,"1":1,"2":1,"3":1,"4":1,"5":1,"6":1,"7":1,"8":1,"9":1,"10":1,"11":1,"12":1,"13":1,"14":1,"15":1,"16":1,"17":1,"18":1,"19":1,"20":1,"21":1,"22":1,"23":1,"24":1},"f":{},"b":{},"_coverageSchema":"1a1c01bbd47fc00a2c39e90264f33305004495a9","hash":"8d0fefb530fc7bdabf86148dd859bfd86904f4ff"}
,"C:\\Users\\steamiss\\Documents\\Bootcamp\\dpp-11\\livecodesim2\\s1\\week4\\livecodesim\\livecodelast\\ip-server-instavue-repo\\rmt24\\week3\\finalprojectbabygrowth\\server\\Baby-Growth-Server\\server\\routes\\routerMother.js": {"path":"C:\\Users\\steamiss\\Documents\\Bootcamp\\dpp-11\\livecodesim2\\s1\\week4\\livecodesim\\livecodelast\\ip-server-instavue-repo\\rmt24\\week3\\finalprojectbabygrowth\\server\\Baby-Growth-Server\\server\\routes\\routerMother.js","statementMap":{"0":{"start":{"line":1,"column":19},"end":{"line":1,"column":55}},"1":{"start":{"line":2,"column":23},"end":{"line":2,"column":63}},"2":{"start":{"line":3,"column":25},"end":{"line":3,"column":67}},"3":{"start":{"line":4,"column":29},"end":{"line":4,"column":75}},"4":{"start":{"line":6,"column":21},"end":{"line":6,"column":48}},"5":{"start":{"line":8,"column":0},"end":{"line":8,"column":52}},"6":{"start":{"line":9,"column":0},"end":{"line":9,"column":60}},"7":{"start":{"line":10,"column":0},"end":{"line":10,"column":59}},"8":{"start":{"line":11,"column":0},"end":{"line":11,"column":86}},"9":{"start":{"line":12,"column":0},"end":{"line":12,"column":86}},"10":{"start":{"line":14,"column":0},"end":{"line":14,"column":39}},"11":{"start":{"line":16,"column":0},"end":{"line":16,"column":47}},"12":{"start":{"line":20,"column":0},"end":{"line":20,"column":67}},"13":{"start":{"line":21,"column":0},"end":{"line":21,"column":75}},"14":{"start":{"line":23,"column":0},"end":{"line":23,"column":30}}},"fnMap":{},"branchMap":{},"s":{"0":1,"1":1,"2":1,"3":1,"4":1,"5":1,"6":1,"7":1,"8":1,"9":1,"10":1,"11":1,"12":1,"13":1,"14":1},"f":{},"b":{},"_coverageSchema":"1a1c01bbd47fc00a2c39e90264f33305004495a9","hash":"92ed0078b0c8d041842f248192ed184911126bd7"}
}
