{"C:\\Users\\steamiss\\Documents\\Bootcamp\\dpp-11\\livecodesim2\\s1\\week4\\livecodesim\\livecodelast\\ip-server-instavue-repo\\rmt24\\week3\\finalprojectbabygrowth\\server\\Baby-Growth-Server\\server\\app.js": {"path":"C:\\Users\\steamiss\\Documents\\Bootcamp\\dpp-11\\livecodesim2\\s1\\week4\\livecodesim\\livecodelast\\ip-server-instavue-repo\\rmt24\\week3\\finalprojectbabygrowth\\server\\Baby-Growth-Server\\server\\app.js","statementMap":{"0":{"start":{"line":1,"column":16},"end":{"line":1,"column":34}},"1":{"start":{"line":2,"column":15},"end":{"line":2,"column":34}},"2":{"start":{"line":3,"column":12},"end":{"line":3,"column":21}},"3":{"start":{"line":4,"column":13},"end":{"line":4,"column":17}},"4":{"start":{"line":6,"column":13},"end":{"line":6,"column":28}},"5":{"start":{"line":7,"column":21},"end":{"line":7,"column":58}},"6":{"start":{"line":8,"column":0},"end":{"line":8,"column":16}},"7":{"start":{"line":9,"column":0},"end":{"line":9,"column":49}},"8":{"start":{"line":10,"column":0},"end":{"line":10,"column":24}},"9":{"start":{"line":12,"column":0},"end":{"line":14,"column":3}},"10":{"start":{"line":13,"column":2},"end":{"line":13,"column":27}},"11":{"start":{"line":16,"column":0},"end":{"line":16,"column":16}},"12":{"start":{"line":17,"column":0},"end":{"line":17,"column":22}},"13":{"start":{"line":18,"column":0},"end":{"line":18,"column":21}}},"fnMap":{"0":{"name":"(anonymous_0)","decl":{"start":{"line":12,"column":13},"end":{"line":12,"column":14}},"loc":{"start":{"line":12,"column":27},"end":{"line":14,"column":1}},"line":12}},"branchMap":{},"s":{"0":2,"1":2,"2":2,"3":2,"4":2,"5":2,"6":2,"7":2,"8":2,"9":2,"10":1,"11":2,"12":2,"13":2},"f":{"0":1},"b":{},"_coverageSchema":"1a1c01bbd47fc00a2c39e90264f33305004495a9","hash":"25fd9ae8aaec1106d3389e763cc47d90ac75601c"}
,"C:\\Users\\steamiss\\Documents\\Bootcamp\\dpp-11\\livecodesim2\\s1\\week4\\livecodesim\\livecodelast\\ip-server-instavue-repo\\rmt24\\week3\\finalprojectbabygrowth\\server\\Baby-Growth-Server\\server\\controllers\\controller.js": {"path":"C:\\Users\\steamiss\\Documents\\Bootcamp\\dpp-11\\livecodesim2\\s1\\week4\\livecodesim\\livecodelast\\ip-server-instavue-repo\\rmt24\\week3\\finalprojectbabygrowth\\server\\Baby-Growth-Server\\server\\controllers\\controller.js","statementMap":{"0":{"start":{"line":1,"column":34},"end":{"line":1,"column":66}},"1":{"start":{"line":2,"column":42},"end":{"line":2,"column":70}},"2":{"start":{"line":3,"column":22},"end":{"line":3,"column":47}},"3":{"start":{"line":4,"column":30},"end":{"line":4,"column":69}},"4":{"start":{"line":5,"column":32},"end":{"line":5,"column":73}},"5":{"start":{"line":12,"column":4},"end":{"line":12,"column":24}},"6":{"start":{"line":16,"column":4},"end":{"line":55,"column":5}},"7":{"start":{"line":17,"column":34},"end":{"line":17,"column":42}},"8":{"start":{"line":19,"column":6},"end":{"line":21,"column":7}},"9":{"start":{"line":20,"column":8},"end":{"line":20,"column":40}},"10":{"start":{"line":22,"column":6},"end":{"line":24,"column":7}},"11":{"start":{"line":23,"column":8},"end":{"line":23,"column":43}},"12":{"start":{"line":26,"column":24},"end":{"line":30,"column":8}},"13":{"start":{"line":32,"column":6},"end":{"line":34,"column":7}},"14":{"start":{"line":33,"column":8},"end":{"line":33,"column":39}},"15":{"start":{"line":36,"column":24},"end":{"line":36,"column":69}},"16":{"start":{"line":38,"column":6},"end":{"line":40,"column":7}},"17":{"start":{"line":39,"column":8},"end":{"line":39,"column":39}},"18":{"start":{"line":42,"column":22},"end":{"line":45,"column":7}},"19":{"start":{"line":46,"column":27},"end":{"line":46,"column":45}},"20":{"start":{"line":47,"column":6},"end":{"line":52,"column":9}},"21":{"start":{"line":54,"column":6},"end":{"line":54,"column":16}},"22":{"start":{"line":59,"column":4},"end":{"line":84,"column":5}},"23":{"start":{"line":60,"column":19},"end":{"line":60,"column":26}},"24":{"start":{"line":61,"column":50},"end":{"line":61,"column":58}},"25":{"start":{"line":62,"column":6},"end":{"line":67,"column":7}},"26":{"start":{"line":63,"column":8},"end":{"line":66,"column":10}},"27":{"start":{"line":68,"column":26},"end":{"line":74,"column":8}},"28":{"start":{"line":76,"column":6},"end":{"line":81,"column":9}},"29":{"start":{"line":83,"column":6},"end":{"line":83,"column":16}},"30":{"start":{"line":88,"column":4},"end":{"line":115,"column":5}},"31":{"start":{"line":89,"column":21},"end":{"line":89,"column":32}},"32":{"start":{"line":90,"column":68},"end":{"line":90,"column":76}},"33":{"start":{"line":91,"column":6},"end":{"line":96,"column":7}},"34":{"start":{"line":92,"column":8},"end":{"line":95,"column":10}},"35":{"start":{"line":97,"column":35},"end":{"line":105,"column":8}},"36":{"start":{"line":107,"column":6},"end":{"line":112,"column":9}},"37":{"start":{"line":114,"column":6},"end":{"line":114,"column":16}},"38":{"start":{"line":119,"column":4},"end":{"line":133,"column":5}},"39":{"start":{"line":120,"column":23},"end":{"line":128,"column":8}},"40":{"start":{"line":130,"column":6},"end":{"line":130,"column":37}},"41":{"start":{"line":132,"column":6},"end":{"line":132,"column":16}},"42":{"start":{"line":137,"column":4},"end":{"line":148,"column":5}},"43":{"start":{"line":138,"column":25},"end":{"line":143,"column":8}},"44":{"start":{"line":145,"column":6},"end":{"line":145,"column":39}},"45":{"start":{"line":147,"column":6},"end":{"line":147,"column":16}},"46":{"start":{"line":152,"column":4},"end":{"line":168,"column":5}},"47":{"start":{"line":153,"column":23},"end":{"line":153,"column":33}},"48":{"start":{"line":154,"column":24},"end":{"line":158,"column":8}},"49":{"start":{"line":160,"column":17},"end":{"line":160,"column":19}},"50":{"start":{"line":161,"column":6},"end":{"line":163,"column":7}},"51":{"start":{"line":162,"column":8},"end":{"line":162,"column":40}},"52":{"start":{"line":165,"column":6},"end":{"line":165,"column":33}},"53":{"start":{"line":167,"column":6},"end":{"line":167,"column":16}},"54":{"start":{"line":172,"column":4},"end":{"line":199,"column":5}},"55":{"start":{"line":174,"column":21},"end":{"line":174,"column":32}},"56":{"start":{"line":175,"column":20},"end":{"line":192,"column":7}},"57":{"start":{"line":194,"column":6},"end":{"line":194,"column":41}},"58":{"start":{"line":195,"column":25},"end":{"line":195,"column":61}},"59":{"start":{"line":196,"column":6},"end":{"line":196,"column":39}},"60":{"start":{"line":198,"column":6},"end":{"line":198,"column":16}},"61":{"start":{"line":203,"column":4},"end":{"line":225,"column":5}},"62":{"start":{"line":205,"column":21},"end":{"line":205,"column":32}},"63":{"start":{"line":206,"column":23},"end":{"line":206,"column":36}},"64":{"start":{"line":207,"column":20},"end":{"line":218,"column":7}},"65":{"start":{"line":220,"column":6},"end":{"line":220,"column":55}},"66":{"start":{"line":221,"column":25},"end":{"line":221,"column":61}},"67":{"start":{"line":222,"column":6},"end":{"line":222,"column":39}},"68":{"start":{"line":224,"column":6},"end":{"line":224,"column":16}},"69":{"start":{"line":229,"column":4},"end":{"line":239,"column":5}},"70":{"start":{"line":230,"column":52},"end":{"line":230,"column":60}},"71":{"start":{"line":231,"column":31},"end":{"line":235,"column":8}},"72":{"start":{"line":236,"column":6},"end":{"line":236,"column":45}},"73":{"start":{"line":238,"column":6},"end":{"line":238,"column":16}},"74":{"start":{"line":243,"column":4},"end":{"line":260,"column":5}},"75":{"start":{"line":245,"column":34},"end":{"line":245,"column":44}},"76":{"start":{"line":247,"column":33},"end":{"line":251,"column":8}},"77":{"start":{"line":252,"column":6},"end":{"line":255,"column":7}},"78":{"start":{"line":254,"column":8},"end":{"line":254,"column":35}},"79":{"start":{"line":257,"column":6},"end":{"line":257,"column":47}},"80":{"start":{"line":259,"column":6},"end":{"line":259,"column":16}},"81":{"start":{"line":264,"column":4},"end":{"line":278,"column":5}},"82":{"start":{"line":265,"column":55},"end":{"line":265,"column":63}},"83":{"start":{"line":266,"column":29},"end":{"line":266,"column":39}},"84":{"start":{"line":268,"column":35},"end":{"line":273,"column":8}},"85":{"start":{"line":275,"column":6},"end":{"line":275,"column":49}},"86":{"start":{"line":277,"column":6},"end":{"line":277,"column":16}},"87":{"start":{"line":282,"column":4},"end":{"line":304,"column":5}},"88":{"start":{"line":283,"column":34},"end":{"line":283,"column":44}},"89":{"start":{"line":288,"column":10},"end":{"line":288,"column":18}},"90":{"start":{"line":290,"column":35},"end":{"line":297,"column":7}},"91":{"start":{"line":298,"column":6},"end":{"line":300,"column":7}},"92":{"start":{"line":299,"column":8},"end":{"line":299,"column":35}},"93":{"start":{"line":301,"column":6},"end":{"line":301,"column":78}},"94":{"start":{"line":303,"column":6},"end":{"line":303,"column":16}},"95":{"start":{"line":373,"column":4},"end":{"line":390,"column":5}},"96":{"start":{"line":375,"column":29},"end":{"line":375,"column":39}},"97":{"start":{"line":377,"column":33},"end":{"line":381,"column":8}},"98":{"start":{"line":382,"column":6},"end":{"line":385,"column":7}},"99":{"start":{"line":384,"column":8},"end":{"line":384,"column":35}},"100":{"start":{"line":387,"column":6},"end":{"line":387,"column":47}},"101":{"start":{"line":389,"column":6},"end":{"line":389,"column":16}},"102":{"start":{"line":394,"column":4},"end":{"line":408,"column":5}},"103":{"start":{"line":395,"column":55},"end":{"line":395,"column":63}},"104":{"start":{"line":396,"column":29},"end":{"line":396,"column":39}},"105":{"start":{"line":398,"column":30},"end":{"line":403,"column":8}},"106":{"start":{"line":405,"column":6},"end":{"line":405,"column":44}},"107":{"start":{"line":407,"column":6},"end":{"line":407,"column":16}},"108":{"start":{"line":412,"column":4},"end":{"line":434,"column":5}},"109":{"start":{"line":413,"column":29},"end":{"line":413,"column":39}},"110":{"start":{"line":418,"column":10},"end":{"line":418,"column":18}},"111":{"start":{"line":420,"column":30},"end":{"line":427,"column":7}},"112":{"start":{"line":428,"column":6},"end":{"line":430,"column":7}},"113":{"start":{"line":429,"column":8},"end":{"line":429,"column":35}},"114":{"start":{"line":431,"column":6},"end":{"line":431,"column":73}},"115":{"start":{"line":433,"column":6},"end":{"line":433,"column":16}},"116":{"start":{"line":481,"column":4},"end":{"line":508,"column":5}},"117":{"start":{"line":482,"column":21},"end":{"line":482,"column":31}},"118":{"start":{"line":486,"column":19},"end":{"line":499,"column":8}},"119":{"start":{"line":500,"column":56},"end":{"line":500,"column":79}},"120":{"start":{"line":501,"column":6},"end":{"line":505,"column":9}},"121":{"start":{"line":507,"column":6},"end":{"line":507,"column":16}},"122":{"start":{"line":512,"column":4},"end":{"line":564,"column":5}},"123":{"start":{"line":513,"column":24},"end":{"line":513,"column":25}},"124":{"start":{"line":514,"column":27},"end":{"line":514,"column":29}},"125":{"start":{"line":515,"column":30},"end":{"line":515,"column":32}},"126":{"start":{"line":516,"column":20},"end":{"line":527,"column":7}},"127":{"start":{"line":528,"column":20},"end":{"line":528,"column":47}},"128":{"start":{"line":529,"column":6},"end":{"line":553,"column":9}},"129":{"start":{"line":530,"column":8},"end":{"line":532,"column":9}},"130":{"start":{"line":531,"column":10},"end":{"line":531,"column":17}},"131":{"start":{"line":533,"column":27},"end":{"line":533,"column":46}},"132":{"start":{"line":534,"column":40},"end":{"line":534,"column":42}},"133":{"start":{"line":535,"column":8},"end":{"line":545,"column":11}},"134":{"start":{"line":536,"column":10},"end":{"line":544,"column":13}},"135":{"start":{"line":537,"column":12},"end":{"line":543,"column":13}},"136":{"start":{"line":538,"column":46},"end":{"line":538,"column":74}},"137":{"start":{"line":539,"column":14},"end":{"line":539,"column":52}},"138":{"start":{"line":540,"column":14},"end":{"line":540,"column":63}},"139":{"start":{"line":542,"column":14},"end":{"line":542,"column":28}},"140":{"start":{"line":546,"column":34},"end":{"line":548,"column":9}},"141":{"start":{"line":549,"column":8},"end":{"line":552,"column":11}},"142":{"start":{"line":555,"column":24},"end":{"line":555,"column":60}},"143":{"start":{"line":556,"column":25},"end":{"line":556,"column":60}},"144":{"start":{"line":557,"column":6},"end":{"line":561,"column":9}},"145":{"start":{"line":563,"column":6},"end":{"line":563,"column":16}},"146":{"start":{"line":568,"column":4},"end":{"line":601,"column":5}},"147":{"start":{"line":569,"column":17},"end":{"line":569,"column":32}},"148":{"start":{"line":570,"column":24},"end":{"line":570,"column":25}},"149":{"start":{"line":571,"column":20},"end":{"line":583,"column":7}},"150":{"start":{"line":584,"column":19},"end":{"line":584,"column":46}},"151":{"start":{"line":585,"column":25},"end":{"line":585,"column":44}},"152":{"start":{"line":586,"column":27},"end":{"line":586,"column":29}},"153":{"start":{"line":587,"column":6},"end":{"line":596,"column":9}},"154":{"start":{"line":588,"column":8},"end":{"line":595,"column":11}},"155":{"start":{"line":589,"column":10},"end":{"line":594,"column":11}},"156":{"start":{"line":590,"column":44},"end":{"line":590,"column":72}},"157":{"start":{"line":591,"column":12},"end":{"line":591,"column":50}},"158":{"start":{"line":593,"column":12},"end":{"line":593,"column":26}},"159":{"start":{"line":597,"column":25},"end":{"line":597,"column":60}},"160":{"start":{"line":598,"column":6},"end":{"line":598,"column":76}},"161":{"start":{"line":600,"column":6},"end":{"line":600,"column":16}},"162":{"start":{"line":605,"column":4},"end":{"line":659,"column":5}},"163":{"start":{"line":606,"column":27},"end":{"line":606,"column":29}},"164":{"start":{"line":607,"column":30},"end":{"line":607,"column":32}},"165":{"start":{"line":608,"column":20},"end":{"line":619,"column":7}},"166":{"start":{"line":620,"column":20},"end":{"line":620,"column":47}},"167":{"start":{"line":621,"column":6},"end":{"line":643,"column":9}},"168":{"start":{"line":622,"column":8},"end":{"line":624,"column":9}},"169":{"start":{"line":623,"column":10},"end":{"line":623,"column":17}},"170":{"start":{"line":625,"column":27},"end":{"line":625,"column":46}},"171":{"start":{"line":626,"column":40},"end":{"line":626,"column":42}},"172":{"start":{"line":627,"column":8},"end":{"line":635,"column":11}},"173":{"start":{"line":628,"column":10},"end":{"line":634,"column":13}},"174":{"start":{"line":629,"column":12},"end":{"line":633,"column":13}},"175":{"start":{"line":630,"column":46},"end":{"line":630,"column":74}},"176":{"start":{"line":631,"column":14},"end":{"line":631,"column":52}},"177":{"start":{"line":632,"column":14},"end":{"line":632,"column":63}},"178":{"start":{"line":636,"column":34},"end":{"line":638,"column":9}},"179":{"start":{"line":639,"column":8},"end":{"line":642,"column":11}},"180":{"start":{"line":645,"column":21},"end":{"line":645,"column":23}},"181":{"start":{"line":646,"column":6},"end":{"line":654,"column":9}},"182":{"start":{"line":647,"column":8},"end":{"line":653,"column":9}},"183":{"start":{"line":648,"column":10},"end":{"line":648,"column":32}},"184":{"start":{"line":649,"column":10},"end":{"line":649,"column":60}},"185":{"start":{"line":650,"column":15},"end":{"line":653,"column":9}},"186":{"start":{"line":651,"column":10},"end":{"line":651,"column":33}},"187":{"start":{"line":652,"column":10},"end":{"line":652,"column":60}},"188":{"start":{"line":656,"column":6},"end":{"line":656,"column":35}},"189":{"start":{"line":658,"column":6},"end":{"line":658,"column":16}},"190":{"start":{"line":663,"column":0},"end":{"line":663,"column":28}}},"fnMap":{"0":{"name":"(anonymous_0)","decl":{"start":{"line":15,"column":2},"end":{"line":15,"column":3}},"loc":{"start":{"line":15,"column":41},"end":{"line":56,"column":3}},"line":15},"1":{"name":"(anonymous_1)","decl":{"start":{"line":58,"column":2},"end":{"line":58,"column":3}},"loc":{"start":{"line":58,"column":44},"end":{"line":85,"column":3}},"line":58},"2":{"name":"(anonymous_2)","decl":{"start":{"line":87,"column":2},"end":{"line":87,"column":3}},"loc":{"start":{"line":87,"column":53},"end":{"line":116,"column":3}},"line":87},"3":{"name":"(anonymous_3)","decl":{"start":{"line":118,"column":2},"end":{"line":118,"column":3}},"loc":{"start":{"line":118,"column":45},"end":{"line":134,"column":3}},"line":118},"4":{"name":"(anonymous_4)","decl":{"start":{"line":136,"column":2},"end":{"line":136,"column":3}},"loc":{"start":{"line":136,"column":54},"end":{"line":149,"column":3}},"line":136},"5":{"name":"(anonymous_5)","decl":{"start":{"line":151,"column":2},"end":{"line":151,"column":3}},"loc":{"start":{"line":151,"column":56},"end":{"line":169,"column":3}},"line":151},"6":{"name":"(anonymous_6)","decl":{"start":{"line":171,"column":2},"end":{"line":171,"column":3}},"loc":{"start":{"line":171,"column":51},"end":{"line":200,"column":3}},"line":171},"7":{"name":"(anonymous_7)","decl":{"start":{"line":202,"column":2},"end":{"line":202,"column":3}},"loc":{"start":{"line":202,"column":53},"end":{"line":226,"column":3}},"line":202},"8":{"name":"(anonymous_8)","decl":{"start":{"line":228,"column":2},"end":{"line":228,"column":3}},"loc":{"start":{"line":228,"column":47},"end":{"line":240,"column":3}},"line":228},"9":{"name":"(anonymous_9)","decl":{"start":{"line":242,"column":2},"end":{"line":242,"column":3}},"loc":{"start":{"line":242,"column":56},"end":{"line":261,"column":3}},"line":242},"10":{"name":"(anonymous_10)","decl":{"start":{"line":263,"column":2},"end":{"line":263,"column":3}},"loc":{"start":{"line":263,"column":51},"end":{"line":279,"column":3}},"line":263},"11":{"name":"(anonymous_11)","decl":{"start":{"line":281,"column":2},"end":{"line":281,"column":3}},"loc":{"start":{"line":281,"column":51},"end":{"line":305,"column":3}},"line":281},"12":{"name":"(anonymous_12)","decl":{"start":{"line":372,"column":2},"end":{"line":372,"column":3}},"loc":{"start":{"line":372,"column":51},"end":{"line":391,"column":3}},"line":372},"13":{"name":"(anonymous_13)","decl":{"start":{"line":393,"column":2},"end":{"line":393,"column":3}},"loc":{"start":{"line":393,"column":46},"end":{"line":409,"column":3}},"line":393},"14":{"name":"(anonymous_14)","decl":{"start":{"line":411,"column":2},"end":{"line":411,"column":3}},"loc":{"start":{"line":411,"column":46},"end":{"line":435,"column":3}},"line":411},"15":{"name":"(anonymous_15)","decl":{"start":{"line":479,"column":2},"end":{"line":479,"column":3}},"loc":{"start":{"line":479,"column":50},"end":{"line":509,"column":3}},"line":479},"16":{"name":"(anonymous_16)","decl":{"start":{"line":511,"column":2},"end":{"line":511,"column":3}},"loc":{"start":{"line":511,"column":52},"end":{"line":565,"column":3}},"line":511},"17":{"name":"(anonymous_17)","decl":{"start":{"line":529,"column":20},"end":{"line":529,"column":21}},"loc":{"start":{"line":529,"column":30},"end":{"line":553,"column":7}},"line":529},"18":{"name":"(anonymous_18)","decl":{"start":{"line":535,"column":27},"end":{"line":535,"column":28}},"loc":{"start":{"line":535,"column":39},"end":{"line":545,"column":9}},"line":535},"19":{"name":"(anonymous_19)","decl":{"start":{"line":536,"column":37},"end":{"line":536,"column":38}},"loc":{"start":{"line":536,"column":52},"end":{"line":544,"column":11}},"line":536},"20":{"name":"(anonymous_20)","decl":{"start":{"line":567,"column":2},"end":{"line":567,"column":3}},"loc":{"start":{"line":567,"column":56},"end":{"line":602,"column":3}},"line":567},"21":{"name":"(anonymous_21)","decl":{"start":{"line":587,"column":25},"end":{"line":587,"column":26}},"loc":{"start":{"line":587,"column":37},"end":{"line":596,"column":7}},"line":587},"22":{"name":"(anonymous_22)","decl":{"start":{"line":588,"column":35},"end":{"line":588,"column":36}},"loc":{"start":{"line":588,"column":50},"end":{"line":595,"column":9}},"line":588},"23":{"name":"(anonymous_23)","decl":{"start":{"line":604,"column":2},"end":{"line":604,"column":3}},"loc":{"start":{"line":604,"column":46},"end":{"line":660,"column":3}},"line":604},"24":{"name":"(anonymous_24)","decl":{"start":{"line":621,"column":20},"end":{"line":621,"column":21}},"loc":{"start":{"line":621,"column":30},"end":{"line":643,"column":7}},"line":621},"25":{"name":"(anonymous_25)","decl":{"start":{"line":627,"column":27},"end":{"line":627,"column":28}},"loc":{"start":{"line":627,"column":39},"end":{"line":635,"column":9}},"line":627},"26":{"name":"(anonymous_26)","decl":{"start":{"line":628,"column":37},"end":{"line":628,"column":38}},"loc":{"start":{"line":628,"column":52},"end":{"line":634,"column":11}},"line":628},"27":{"name":"(anonymous_27)","decl":{"start":{"line":646,"column":30},"end":{"line":646,"column":31}},"loc":{"start":{"line":646,"column":38},"end":{"line":654,"column":7}},"line":646}},"branchMap":{"0":{"loc":{"start":{"line":19,"column":6},"end":{"line":21,"column":7}},"type":"if","locations":[{"start":{"line":19,"column":6},"end":{"line":21,"column":7}},{"start":{},"end":{}}],"line":19},"1":{"loc":{"start":{"line":22,"column":6},"end":{"line":24,"column":7}},"type":"if","locations":[{"start":{"line":22,"column":6},"end":{"line":24,"column":7}},{"start":{},"end":{}}],"line":22},"2":{"loc":{"start":{"line":32,"column":6},"end":{"line":34,"column":7}},"type":"if","locations":[{"start":{"line":32,"column":6},"end":{"line":34,"column":7}},{"start":{},"end":{}}],"line":32},"3":{"loc":{"start":{"line":38,"column":6},"end":{"line":40,"column":7}},"type":"if","locations":[{"start":{"line":38,"column":6},"end":{"line":40,"column":7}},{"start":{},"end":{}}],"line":38},"4":{"loc":{"start":{"line":62,"column":6},"end":{"line":67,"column":7}},"type":"if","locations":[{"start":{"line":62,"column":6},"end":{"line":67,"column":7}},{"start":{},"end":{}}],"line":62},"5":{"loc":{"start":{"line":91,"column":6},"end":{"line":96,"column":7}},"type":"if","locations":[{"start":{"line":91,"column":6},"end":{"line":96,"column":7}},{"start":{},"end":{}}],"line":91},"6":{"loc":{"start":{"line":161,"column":6},"end":{"line":163,"column":7}},"type":"if","locations":[{"start":{"line":161,"column":6},"end":{"line":163,"column":7}},{"start":{},"end":{}}],"line":161},"7":{"loc":{"start":{"line":252,"column":6},"end":{"line":255,"column":7}},"type":"if","locations":[{"start":{"line":252,"column":6},"end":{"line":255,"column":7}},{"start":{},"end":{}}],"line":252},"8":{"loc":{"start":{"line":298,"column":6},"end":{"line":300,"column":7}},"type":"if","locations":[{"start":{"line":298,"column":6},"end":{"line":300,"column":7}},{"start":{},"end":{}}],"line":298},"9":{"loc":{"start":{"line":382,"column":6},"end":{"line":385,"column":7}},"type":"if","locations":[{"start":{"line":382,"column":6},"end":{"line":385,"column":7}},{"start":{},"end":{}}],"line":382},"10":{"loc":{"start":{"line":428,"column":6},"end":{"line":430,"column":7}},"type":"if","locations":[{"start":{"line":428,"column":6},"end":{"line":430,"column":7}},{"start":{},"end":{}}],"line":428},"11":{"loc":{"start":{"line":530,"column":8},"end":{"line":532,"column":9}},"type":"if","locations":[{"start":{"line":530,"column":8},"end":{"line":532,"column":9}},{"start":{},"end":{}}],"line":530},"12":{"loc":{"start":{"line":537,"column":12},"end":{"line":543,"column":13}},"type":"if","locations":[{"start":{"line":537,"column":12},"end":{"line":543,"column":13}},{"start":{"line":541,"column":19},"end":{"line":543,"column":13}}],"line":537},"13":{"loc":{"start":{"line":589,"column":10},"end":{"line":594,"column":11}},"type":"if","locations":[{"start":{"line":589,"column":10},"end":{"line":594,"column":11}},{"start":{"line":592,"column":17},"end":{"line":594,"column":11}}],"line":589},"14":{"loc":{"start":{"line":622,"column":8},"end":{"line":624,"column":9}},"type":"if","locations":[{"start":{"line":622,"column":8},"end":{"line":624,"column":9}},{"start":{},"end":{}}],"line":622},"15":{"loc":{"start":{"line":629,"column":12},"end":{"line":633,"column":13}},"type":"if","locations":[{"start":{"line":629,"column":12},"end":{"line":633,"column":13}},{"start":{},"end":{}}],"line":629},"16":{"loc":{"start":{"line":647,"column":8},"end":{"line":653,"column":9}},"type":"if","locations":[{"start":{"line":647,"column":8},"end":{"line":653,"column":9}},{"start":{"line":650,"column":15},"end":{"line":653,"column":9}}],"line":647},"17":{"loc":{"start":{"line":647,"column":12},"end":{"line":647,"column":65}},"type":"binary-expr","locations":[{"start":{"line":647,"column":12},"end":{"line":647,"column":36}},{"start":{"line":647,"column":40},"end":{"line":647,"column":65}}],"line":647},"18":{"loc":{"start":{"line":650,"column":15},"end":{"line":653,"column":9}},"type":"if","locations":[{"start":{"line":650,"column":15},"end":{"line":653,"column":9}},{"start":{},"end":{}}],"line":650}},"s":{"0":2,"1":2,"2":2,"3":2,"4":2,"5":2,"6":5,"7":5,"8":5,"9":2,"10":3,"11":1,"12":2,"13":2,"14":0,"15":2,"16":2,"17":1,"18":1,"19":1,"20":1,"21":4,"22":2,"23":2,"24":2,"25":2,"26":1,"27":1,"28":1,"29":1,"30":2,"31":2,"32":2,"33":2,"34":1,"35":1,"36":1,"37":1,"38":1,"39":1,"40":1,"41":0,"42":1,"43":1,"44":1,"45":0,"46":2,"47":2,"48":2,"49":2,"50":2,"51":2,"52":2,"53":0,"54":0,"55":0,"56":0,"57":0,"58":0,"59":0,"60":0,"61":1,"62":1,"63":1,"64":1,"65":1,"66":1,"67":1,"68":0,"69":2,"70":2,"71":2,"72":1,"73":1,"74":1,"75":1,"76":1,"77":1,"78":0,"79":1,"80":0,"81":2,"82":2,"83":2,"84":2,"85":1,"86":1,"87":2,"88":2,"89":2,"90":2,"91":2,"92":1,"93":1,"94":1,"95":1,"96":1,"97":1,"98":1,"99":0,"100":1,"101":0,"102":3,"103":3,"104":3,"105":3,"106":2,"107":1,"108":1,"109":1,"110":1,"111":1,"112":1,"113":0,"114":1,"115":0,"116":1,"117":1,"118":1,"119":1,"120":1,"121":0,"122":1,"123":1,"124":1,"125":1,"126":1,"127":1,"128":1,"129":9,"130":1,"131":8,"132":8,"133":8,"134":12,"135":25,"136":21,"137":21,"138":21,"139":4,"140":8,"141":8,"142":1,"143":1,"144":1,"145":0,"146":1,"147":1,"148":1,"149":1,"150":1,"151":1,"152":1,"153":1,"154":2,"155":4,"156":3,"157":3,"158":1,"159":1,"160":1,"161":0,"162":1,"163":1,"164":1,"165":1,"166":1,"167":1,"168":9,"169":1,"170":8,"171":8,"172":8,"173":12,"174":25,"175":21,"176":21,"177":21,"178":8,"179":8,"180":1,"181":1,"182":8,"183":4,"184":4,"185":4,"186":1,"187":1,"188":1,"189":0,"190":2},"f":{"0":5,"1":2,"2":2,"3":1,"4":1,"5":2,"6":0,"7":1,"8":2,"9":1,"10":2,"11":2,"12":1,"13":3,"14":1,"15":1,"16":1,"17":9,"18":12,"19":25,"20":1,"21":2,"22":4,"23":1,"24":9,"25":12,"26":25,"27":8},"b":{"0":[2,3],"1":[1,2],"2":[0,2],"3":[1,1],"4":[1,1],"5":[1,1],"6":[2,0],"7":[0,1],"8":[1,1],"9":[0,1],"10":[0,1],"11":[1,8],"12":[21,4],"13":[3,1],"14":[1,8],"15":[21,4],"16":[4,4],"17":[8,5],"18":[1,3]},"_coverageSchema":"1a1c01bbd47fc00a2c39e90264f33305004495a9","hash":"7829878da003295b49e9c8283baf14236656a3ac"}
,"C:\\Users\\steamiss\\Documents\\Bootcamp\\dpp-11\\livecodesim2\\s1\\week4\\livecodesim\\livecodelast\\ip-server-instavue-repo\\rmt24\\week3\\finalprojectbabygrowth\\server\\Baby-Growth-Server\\server\\controllers\\motherController.js": {"path":"C:\\Users\\steamiss\\Documents\\Bootcamp\\dpp-11\\livecodesim2\\s1\\week4\\livecodesim\\livecodelast\\ip-server-instavue-repo\\rmt24\\week3\\finalprojectbabygrowth\\server\\Baby-Growth-Server\\server\\controllers\\motherController.js","statementMap":{"0":{"start":{"line":1,"column":34},"end":{"line":1,"column":66}},"1":{"start":{"line":2,"column":42},"end":{"line":2,"column":70}},"2":{"start":{"line":3,"column":22},"end":{"line":3,"column":47}},"3":{"start":{"line":4,"column":30},"end":{"line":4,"column":69}},"4":{"start":{"line":5,"column":32},"end":{"line":5,"column":73}},"5":{"start":{"line":12,"column":4},"end":{"line":12,"column":24}},"6":{"start":{"line":16,"column":4},"end":{"line":55,"column":5}},"7":{"start":{"line":17,"column":32},"end":{"line":17,"column":40}},"8":{"start":{"line":18,"column":6},"end":{"line":20,"column":7}},"9":{"start":{"line":19,"column":8},"end":{"line":19,"column":39}},"10":{"start":{"line":21,"column":6},"end":{"line":23,"column":7}},"11":{"start":{"line":22,"column":8},"end":{"line":22,"column":39}},"12":{"start":{"line":25,"column":33},"end":{"line":27,"column":8}},"13":{"start":{"line":29,"column":6},"end":{"line":31,"column":7}},"14":{"start":{"line":30,"column":8},"end":{"line":30,"column":39}},"15":{"start":{"line":33,"column":24},"end":{"line":33,"column":78}},"16":{"start":{"line":35,"column":6},"end":{"line":37,"column":7}},"17":{"start":{"line":36,"column":8},"end":{"line":36,"column":39}},"18":{"start":{"line":39,"column":22},"end":{"line":42,"column":7}},"19":{"start":{"line":43,"column":6},"end":{"line":43,"column":27}},"20":{"start":{"line":45,"column":27},"end":{"line":45,"column":45}},"21":{"start":{"line":47,"column":6},"end":{"line":52,"column":9}},"22":{"start":{"line":54,"column":6},"end":{"line":54,"column":16}},"23":{"start":{"line":58,"column":4},"end":{"line":84,"column":5}},"24":{"start":{"line":59,"column":39},"end":{"line":59,"column":47}},"25":{"start":{"line":60,"column":17},"end":{"line":60,"column":25}},"26":{"start":{"line":61,"column":6},"end":{"line":63,"column":7}},"27":{"start":{"line":62,"column":8},"end":{"line":62,"column":43}},"28":{"start":{"line":64,"column":6},"end":{"line":66,"column":7}},"29":{"start":{"line":65,"column":8},"end":{"line":65,"column":43}},"30":{"start":{"line":67,"column":6},"end":{"line":69,"column":7}},"31":{"start":{"line":68,"column":8},"end":{"line":68,"column":43}},"32":{"start":{"line":70,"column":6},"end":{"line":70,"column":40}},"33":{"start":{"line":71,"column":33},"end":{"line":71,"column":65}},"34":{"start":{"line":72,"column":24},"end":{"line":72,"column":78}},"35":{"start":{"line":74,"column":6},"end":{"line":76,"column":7}},"36":{"start":{"line":75,"column":8},"end":{"line":75,"column":39}},"37":{"start":{"line":78,"column":6},"end":{"line":78,"column":60}},"38":{"start":{"line":79,"column":6},"end":{"line":79,"column":38}},"39":{"start":{"line":81,"column":6},"end":{"line":81,"column":66}},"40":{"start":{"line":83,"column":6},"end":{"line":83,"column":16}},"41":{"start":{"line":89,"column":4},"end":{"line":105,"column":5}},"42":{"start":{"line":90,"column":22},"end":{"line":90,"column":30}},"43":{"start":{"line":91,"column":6},"end":{"line":93,"column":7}},"44":{"start":{"line":92,"column":8},"end":{"line":92,"column":35}},"45":{"start":{"line":94,"column":19},"end":{"line":98,"column":8}},"46":{"start":{"line":99,"column":6},"end":{"line":101,"column":7}},"47":{"start":{"line":100,"column":8},"end":{"line":100,"column":31}},"48":{"start":{"line":102,"column":6},"end":{"line":102,"column":33}},"49":{"start":{"line":104,"column":6},"end":{"line":104,"column":16}},"50":{"start":{"line":110,"column":4},"end":{"line":123,"column":5}},"51":{"start":{"line":112,"column":21},"end":{"line":112,"column":29}},"52":{"start":{"line":113,"column":24},"end":{"line":118,"column":8}},"53":{"start":{"line":120,"column":6},"end":{"line":120,"column":38}},"54":{"start":{"line":122,"column":6},"end":{"line":122,"column":16}},"55":{"start":{"line":127,"column":0},"end":{"line":127,"column":34}}},"fnMap":{"0":{"name":"(anonymous_0)","decl":{"start":{"line":15,"column":2},"end":{"line":15,"column":3}},"loc":{"start":{"line":15,"column":37},"end":{"line":56,"column":3}},"line":15},"1":{"name":"(anonymous_1)","decl":{"start":{"line":57,"column":2},"end":{"line":57,"column":3}},"loc":{"start":{"line":57,"column":46},"end":{"line":85,"column":3}},"line":57},"2":{"name":"(anonymous_2)","decl":{"start":{"line":87,"column":2},"end":{"line":87,"column":3}},"loc":{"start":{"line":87,"column":55},"end":{"line":106,"column":3}},"line":87},"3":{"name":"(anonymous_3)","decl":{"start":{"line":108,"column":2},"end":{"line":108,"column":3}},"loc":{"start":{"line":108,"column":57},"end":{"line":124,"column":3}},"line":108}},"branchMap":{"0":{"loc":{"start":{"line":18,"column":6},"end":{"line":20,"column":7}},"type":"if","locations":[{"start":{"line":18,"column":6},"end":{"line":20,"column":7}},{"start":{},"end":{}}],"line":18},"1":{"loc":{"start":{"line":21,"column":6},"end":{"line":23,"column":7}},"type":"if","locations":[{"start":{"line":21,"column":6},"end":{"line":23,"column":7}},{"start":{},"end":{}}],"line":21},"2":{"loc":{"start":{"line":29,"column":6},"end":{"line":31,"column":7}},"type":"if","locations":[{"start":{"line":29,"column":6},"end":{"line":31,"column":7}},{"start":{},"end":{}}],"line":29},"3":{"loc":{"start":{"line":35,"column":6},"end":{"line":37,"column":7}},"type":"if","locations":[{"start":{"line":35,"column":6},"end":{"line":37,"column":7}},{"start":{},"end":{}}],"line":35},"4":{"loc":{"start":{"line":61,"column":6},"end":{"line":63,"column":7}},"type":"if","locations":[{"start":{"line":61,"column":6},"end":{"line":63,"column":7}},{"start":{},"end":{}}],"line":61},"5":{"loc":{"start":{"line":64,"column":6},"end":{"line":66,"column":7}},"type":"if","locations":[{"start":{"line":64,"column":6},"end":{"line":66,"column":7}},{"start":{},"end":{}}],"line":64},"6":{"loc":{"start":{"line":67,"column":6},"end":{"line":69,"column":7}},"type":"if","locations":[{"start":{"line":67,"column":6},"end":{"line":69,"column":7}},{"start":{},"end":{}}],"line":67},"7":{"loc":{"start":{"line":74,"column":6},"end":{"line":76,"column":7}},"type":"if","locations":[{"start":{"line":74,"column":6},"end":{"line":76,"column":7}},{"start":{},"end":{}}],"line":74},"8":{"loc":{"start":{"line":91,"column":6},"end":{"line":93,"column":7}},"type":"if","locations":[{"start":{"line":91,"column":6},"end":{"line":93,"column":7}},{"start":{},"end":{}}],"line":91},"9":{"loc":{"start":{"line":99,"column":6},"end":{"line":101,"column":7}},"type":"if","locations":[{"start":{"line":99,"column":6},"end":{"line":101,"column":7}},{"start":{},"end":{}}],"line":99}},"s":{"0":2,"1":2,"2":2,"3":2,"4":2,"5":2,"6":5,"7":5,"8":5,"9":1,"10":4,"11":1,"12":3,"13":3,"14":1,"15":2,"16":2,"17":1,"18":1,"19":1,"20":1,"21":1,"22":4,"23":4,"24":4,"25":4,"26":4,"27":1,"28":3,"29":1,"30":2,"31":0,"32":2,"33":2,"34":2,"35":2,"36":1,"37":1,"38":1,"39":1,"40":3,"41":3,"42":3,"43":3,"44":1,"45":2,"46":2,"47":1,"48":1,"49":2,"50":1,"51":1,"52":1,"53":1,"54":0,"55":2},"f":{"0":5,"1":4,"2":3,"3":1},"b":{"0":[1,4],"1":[1,3],"2":[1,2],"3":[1,1],"4":[1,3],"5":[1,2],"6":[0,2],"7":[1,1],"8":[1,2],"9":[1,1]},"_coverageSchema":"1a1c01bbd47fc00a2c39e90264f33305004495a9","hash":"3c239a7529137554e4a64e8213aa8ab3432f15e2"}
,"C:\\Users\\steamiss\\Documents\\Bootcamp\\dpp-11\\livecodesim2\\s1\\week4\\livecodesim\\livecodelast\\ip-server-instavue-repo\\rmt24\\week3\\finalprojectbabygrowth\\server\\Baby-Growth-Server\\server\\controllers\\usercontroller.js": {"path":"C:\\Users\\steamiss\\Documents\\Bootcamp\\dpp-11\\livecodesim2\\s1\\week4\\livecodesim\\livecodelast\\ip-server-instavue-repo\\rmt24\\week3\\finalprojectbabygrowth\\server\\Baby-Growth-Server\\server\\controllers\\usercontroller.js","statementMap":{"0":{"start":{"line":1,"column":30},"end":{"line":1,"column":50}},"1":{"start":{"line":6,"column":4},"end":{"line":21,"column":5}},"2":{"start":{"line":7,"column":21},"end":{"line":7,"column":31}},"3":{"start":{"line":9,"column":19},"end":{"line":14,"column":8}},"4":{"start":{"line":15,"column":6},"end":{"line":17,"column":7}},"5":{"start":{"line":16,"column":8},"end":{"line":16,"column":31}},"6":{"start":{"line":18,"column":6},"end":{"line":18,"column":33}},"7":{"start":{"line":20,"column":6},"end":{"line":20,"column":16}},"8":{"start":{"line":26,"column":4},"end":{"line":32,"column":5}},"9":{"start":{"line":27,"column":19},"end":{"line":27,"column":43}},"10":{"start":{"line":29,"column":6},"end":{"line":29,"column":33}},"11":{"start":{"line":31,"column":6},"end":{"line":31,"column":16}},"12":{"start":{"line":37,"column":4},"end":{"line":50,"column":5}},"13":{"start":{"line":38,"column":21},"end":{"line":38,"column":31}},"14":{"start":{"line":39,"column":19},"end":{"line":43,"column":8}},"15":{"start":{"line":44,"column":6},"end":{"line":46,"column":7}},"16":{"start":{"line":45,"column":8},"end":{"line":45,"column":31}},"17":{"start":{"line":47,"column":6},"end":{"line":47,"column":33}},"18":{"start":{"line":49,"column":6},"end":{"line":49,"column":16}},"19":{"start":{"line":55,"column":4},"end":{"line":69,"column":5}},"20":{"start":{"line":56,"column":21},"end":{"line":56,"column":31}},"21":{"start":{"line":57,"column":23},"end":{"line":62,"column":8}},"22":{"start":{"line":63,"column":6},"end":{"line":65,"column":7}},"23":{"start":{"line":64,"column":8},"end":{"line":64,"column":31}},"24":{"start":{"line":66,"column":6},"end":{"line":66,"column":37}},"25":{"start":{"line":68,"column":6},"end":{"line":68,"column":16}},"26":{"start":{"line":74,"column":4},"end":{"line":104,"column":5}},"27":{"start":{"line":75,"column":21},"end":{"line":75,"column":31}},"28":{"start":{"line":76,"column":6},"end":{"line":78,"column":7}},"29":{"start":{"line":77,"column":8},"end":{"line":77,"column":38}},"30":{"start":{"line":79,"column":39},"end":{"line":79,"column":47}},"31":{"start":{"line":80,"column":6},"end":{"line":82,"column":7}},"32":{"start":{"line":81,"column":8},"end":{"line":81,"column":47}},"33":{"start":{"line":83,"column":6},"end":{"line":85,"column":7}},"34":{"start":{"line":84,"column":8},"end":{"line":84,"column":47}},"35":{"start":{"line":86,"column":6},"end":{"line":88,"column":7}},"36":{"start":{"line":87,"column":8},"end":{"line":87,"column":47}},"37":{"start":{"line":89,"column":23},"end":{"line":93,"column":8}},"38":{"start":{"line":94,"column":22},"end":{"line":100,"column":8}},"39":{"start":{"line":101,"column":6},"end":{"line":101,"column":36}},"40":{"start":{"line":103,"column":6},"end":{"line":103,"column":16}},"41":{"start":{"line":108,"column":4},"end":{"line":134,"column":5}},"42":{"start":{"line":109,"column":21},"end":{"line":109,"column":31}},"43":{"start":{"line":110,"column":6},"end":{"line":112,"column":7}},"44":{"start":{"line":111,"column":8},"end":{"line":111,"column":38}},"45":{"start":{"line":113,"column":39},"end":{"line":113,"column":47}},"46":{"start":{"line":114,"column":6},"end":{"line":116,"column":7}},"47":{"start":{"line":115,"column":8},"end":{"line":115,"column":43}},"48":{"start":{"line":117,"column":6},"end":{"line":119,"column":7}},"49":{"start":{"line":118,"column":8},"end":{"line":118,"column":43}},"50":{"start":{"line":120,"column":6},"end":{"line":122,"column":7}},"51":{"start":{"line":121,"column":8},"end":{"line":121,"column":43}},"52":{"start":{"line":123,"column":19},"end":{"line":129,"column":8}},"53":{"start":{"line":131,"column":6},"end":{"line":131,"column":33}},"54":{"start":{"line":133,"column":6},"end":{"line":133,"column":16}},"55":{"start":{"line":139,"column":4},"end":{"line":152,"column":5}},"56":{"start":{"line":140,"column":31},"end":{"line":140,"column":39}},"57":{"start":{"line":141,"column":6},"end":{"line":143,"column":7}},"58":{"start":{"line":142,"column":8},"end":{"line":142,"column":43}},"59":{"start":{"line":144,"column":6},"end":{"line":146,"column":7}},"60":{"start":{"line":145,"column":8},"end":{"line":145,"column":47}},"61":{"start":{"line":148,"column":23},"end":{"line":148,"column":71}},"62":{"start":{"line":149,"column":6},"end":{"line":149,"column":37}},"63":{"start":{"line":151,"column":6},"end":{"line":151,"column":16}},"64":{"start":{"line":156,"column":0},"end":{"line":156,"column":32}}},"fnMap":{"0":{"name":"(anonymous_0)","decl":{"start":{"line":4,"column":2},"end":{"line":4,"column":3}},"loc":{"start":{"line":4,"column":44},"end":{"line":22,"column":3}},"line":4},"1":{"name":"(anonymous_1)","decl":{"start":{"line":24,"column":2},"end":{"line":24,"column":3}},"loc":{"start":{"line":24,"column":45},"end":{"line":33,"column":3}},"line":24},"2":{"name":"(anonymous_2)","decl":{"start":{"line":35,"column":2},"end":{"line":35,"column":3}},"loc":{"start":{"line":35,"column":59},"end":{"line":51,"column":3}},"line":35},"3":{"name":"(anonymous_3)","decl":{"start":{"line":53,"column":2},"end":{"line":53,"column":3}},"loc":{"start":{"line":53,"column":64},"end":{"line":70,"column":3}},"line":53},"4":{"name":"(anonymous_4)","decl":{"start":{"line":72,"column":2},"end":{"line":72,"column":3}},"loc":{"start":{"line":72,"column":62},"end":{"line":105,"column":3}},"line":72},"5":{"name":"(anonymous_5)","decl":{"start":{"line":107,"column":2},"end":{"line":107,"column":3}},"loc":{"start":{"line":107,"column":58},"end":{"line":135,"column":3}},"line":107},"6":{"name":"(anonymous_6)","decl":{"start":{"line":136,"column":2},"end":{"line":136,"column":3}},"loc":{"start":{"line":136,"column":43},"end":{"line":153,"column":3}},"line":136}},"branchMap":{"0":{"loc":{"start":{"line":15,"column":6},"end":{"line":17,"column":7}},"type":"if","locations":[{"start":{"line":15,"column":6},"end":{"line":17,"column":7}},{"start":{},"end":{}}],"line":15},"1":{"loc":{"start":{"line":44,"column":6},"end":{"line":46,"column":7}},"type":"if","locations":[{"start":{"line":44,"column":6},"end":{"line":46,"column":7}},{"start":{},"end":{}}],"line":44},"2":{"loc":{"start":{"line":63,"column":6},"end":{"line":65,"column":7}},"type":"if","locations":[{"start":{"line":63,"column":6},"end":{"line":65,"column":7}},{"start":{},"end":{}}],"line":63},"3":{"loc":{"start":{"line":76,"column":6},"end":{"line":78,"column":7}},"type":"if","locations":[{"start":{"line":76,"column":6},"end":{"line":78,"column":7}},{"start":{},"end":{}}],"line":76},"4":{"loc":{"start":{"line":80,"column":6},"end":{"line":82,"column":7}},"type":"if","locations":[{"start":{"line":80,"column":6},"end":{"line":82,"column":7}},{"start":{},"end":{}}],"line":80},"5":{"loc":{"start":{"line":83,"column":6},"end":{"line":85,"column":7}},"type":"if","locations":[{"start":{"line":83,"column":6},"end":{"line":85,"column":7}},{"start":{},"end":{}}],"line":83},"6":{"loc":{"start":{"line":86,"column":6},"end":{"line":88,"column":7}},"type":"if","locations":[{"start":{"line":86,"column":6},"end":{"line":88,"column":7}},{"start":{},"end":{}}],"line":86},"7":{"loc":{"start":{"line":110,"column":6},"end":{"line":112,"column":7}},"type":"if","locations":[{"start":{"line":110,"column":6},"end":{"line":112,"column":7}},{"start":{},"end":{}}],"line":110},"8":{"loc":{"start":{"line":114,"column":6},"end":{"line":116,"column":7}},"type":"if","locations":[{"start":{"line":114,"column":6},"end":{"line":116,"column":7}},{"start":{},"end":{}}],"line":114},"9":{"loc":{"start":{"line":117,"column":6},"end":{"line":119,"column":7}},"type":"if","locations":[{"start":{"line":117,"column":6},"end":{"line":119,"column":7}},{"start":{},"end":{}}],"line":117},"10":{"loc":{"start":{"line":120,"column":6},"end":{"line":122,"column":7}},"type":"if","locations":[{"start":{"line":120,"column":6},"end":{"line":122,"column":7}},{"start":{},"end":{}}],"line":120},"11":{"loc":{"start":{"line":141,"column":6},"end":{"line":143,"column":7}},"type":"if","locations":[{"start":{"line":141,"column":6},"end":{"line":143,"column":7}},{"start":{},"end":{}}],"line":141},"12":{"loc":{"start":{"line":144,"column":6},"end":{"line":146,"column":7}},"type":"if","locations":[{"start":{"line":144,"column":6},"end":{"line":146,"column":7}},{"start":{},"end":{}}],"line":144}},"s":{"0":2,"1":2,"2":2,"3":2,"4":2,"5":1,"6":1,"7":1,"8":1,"9":1,"10":1,"11":0,"12":3,"13":3,"14":3,"15":2,"16":1,"17":1,"18":2,"19":2,"20":2,"21":2,"22":2,"23":1,"24":1,"25":1,"26":2,"27":2,"28":2,"29":0,"30":2,"31":2,"32":1,"33":1,"34":0,"35":1,"36":0,"37":1,"38":1,"39":1,"40":1,"41":4,"42":4,"43":4,"44":0,"45":4,"46":4,"47":1,"48":3,"49":1,"50":2,"51":1,"52":1,"53":1,"54":3,"55":2,"56":2,"57":2,"58":1,"59":1,"60":0,"61":1,"62":1,"63":1,"64":2},"f":{"0":2,"1":1,"2":3,"3":2,"4":2,"5":4,"6":2},"b":{"0":[1,1],"1":[1,1],"2":[1,1],"3":[0,2],"4":[1,1],"5":[0,1],"6":[0,1],"7":[0,4],"8":[1,3],"9":[1,2],"10":[1,1],"11":[1,1],"12":[0,1]},"_coverageSchema":"1a1c01bbd47fc00a2c39e90264f33305004495a9","hash":"c12eed9ef2aec4c54943a6cb677f140c5c0bfd16"}
,"C:\\Users\\steamiss\\Documents\\Bootcamp\\dpp-11\\livecodesim2\\s1\\week4\\livecodesim\\livecodelast\\ip-server-instavue-repo\\rmt24\\week3\\finalprojectbabygrowth\\server\\Baby-Growth-Server\\server\\helpers\\babyWeight.js": {"path":"C:\\Users\\steamiss\\Documents\\Bootcamp\\dpp-11\\livecodesim2\\s1\\week4\\livecodesim\\livecodelast\\ip-server-instavue-repo\\rmt24\\week3\\finalprojectbabygrowth\\server\\Baby-Growth-Server\\server\\helpers\\babyWeight.js","statementMap":{"0":{"start":{"line":2,"column":15},"end":{"line":6,"column":3}},"1":{"start":{"line":8,"column":2},"end":{"line":61,"column":3}},"2":{"start":{"line":8,"column":15},"end":{"line":8,"column":16}},"3":{"start":{"line":9,"column":23},"end":{"line":9,"column":29}},"4":{"start":{"line":10,"column":18},"end":{"line":10,"column":31}},"5":{"start":{"line":11,"column":23},"end":{"line":11,"column":44}},"6":{"start":{"line":12,"column":4},"end":{"line":60,"column":5}},"7":{"start":{"line":13,"column":6},"end":{"line":19,"column":7}},"8":{"start":{"line":14,"column":8},"end":{"line":14,"column":24}},"9":{"start":{"line":15,"column":13},"end":{"line":19,"column":7}},"10":{"start":{"line":16,"column":8},"end":{"line":16,"column":26}},"11":{"start":{"line":18,"column":8},"end":{"line":18,"column":23}},"12":{"start":{"line":20,"column":11},"end":{"line":60,"column":5}},"13":{"start":{"line":21,"column":6},"end":{"line":27,"column":7}},"14":{"start":{"line":22,"column":8},"end":{"line":22,"column":24}},"15":{"start":{"line":23,"column":13},"end":{"line":27,"column":7}},"16":{"start":{"line":24,"column":8},"end":{"line":24,"column":26}},"17":{"start":{"line":26,"column":8},"end":{"line":26,"column":23}},"18":{"start":{"line":28,"column":11},"end":{"line":60,"column":5}},"19":{"start":{"line":29,"column":6},"end":{"line":35,"column":7}},"20":{"start":{"line":30,"column":8},"end":{"line":30,"column":24}},"21":{"start":{"line":31,"column":13},"end":{"line":35,"column":7}},"22":{"start":{"line":32,"column":8},"end":{"line":32,"column":26}},"23":{"start":{"line":34,"column":8},"end":{"line":34,"column":23}},"24":{"start":{"line":36,"column":11},"end":{"line":60,"column":5}},"25":{"start":{"line":37,"column":6},"end":{"line":43,"column":7}},"26":{"start":{"line":38,"column":8},"end":{"line":38,"column":24}},"27":{"start":{"line":39,"column":13},"end":{"line":43,"column":7}},"28":{"start":{"line":40,"column":8},"end":{"line":40,"column":26}},"29":{"start":{"line":42,"column":8},"end":{"line":42,"column":23}},"30":{"start":{"line":44,"column":11},"end":{"line":60,"column":5}},"31":{"start":{"line":45,"column":6},"end":{"line":51,"column":7}},"32":{"start":{"line":46,"column":8},"end":{"line":46,"column":24}},"33":{"start":{"line":47,"column":13},"end":{"line":51,"column":7}},"34":{"start":{"line":48,"column":8},"end":{"line":48,"column":26}},"35":{"start":{"line":50,"column":8},"end":{"line":50,"column":23}},"36":{"start":{"line":52,"column":11},"end":{"line":60,"column":5}},"37":{"start":{"line":53,"column":6},"end":{"line":59,"column":7}},"38":{"start":{"line":54,"column":8},"end":{"line":54,"column":24}},"39":{"start":{"line":55,"column":13},"end":{"line":59,"column":7}},"40":{"start":{"line":56,"column":8},"end":{"line":56,"column":26}},"41":{"start":{"line":58,"column":8},"end":{"line":58,"column":23}},"42":{"start":{"line":62,"column":2},"end":{"line":62,"column":16}},"43":{"start":{"line":65,"column":0},"end":{"line":65,"column":43}}},"fnMap":{"0":{"name":"babiesWeightConverter","decl":{"start":{"line":1,"column":9},"end":{"line":1,"column":30}},"loc":{"start":{"line":1,"column":36},"end":{"line":63,"column":1}},"line":1}},"branchMap":{"0":{"loc":{"start":{"line":12,"column":4},"end":{"line":60,"column":5}},"type":"if","locations":[{"start":{"line":12,"column":4},"end":{"line":60,"column":5}},{"start":{"line":20,"column":11},"end":{"line":60,"column":5}}],"line":12},"1":{"loc":{"start":{"line":12,"column":8},"end":{"line":12,"column":34}},"type":"binary-expr","locations":[{"start":{"line":12,"column":8},"end":{"line":12,"column":19}},{"start":{"line":12,"column":23},"end":{"line":12,"column":34}}],"line":12},"2":{"loc":{"start":{"line":13,"column":6},"end":{"line":19,"column":7}},"type":"if","locations":[{"start":{"line":13,"column":6},"end":{"line":19,"column":7}},{"start":{"line":15,"column":13},"end":{"line":19,"column":7}}],"line":13},"3":{"loc":{"start":{"line":15,"column":13},"end":{"line":19,"column":7}},"type":"if","locations":[{"start":{"line":15,"column":13},"end":{"line":19,"column":7}},{"start":{"line":17,"column":13},"end":{"line":19,"column":7}}],"line":15},"4":{"loc":{"start":{"line":20,"column":11},"end":{"line":60,"column":5}},"type":"if","locations":[{"start":{"line":20,"column":11},"end":{"line":60,"column":5}},{"start":{"line":28,"column":11},"end":{"line":60,"column":5}}],"line":20},"5":{"loc":{"start":{"line":21,"column":6},"end":{"line":27,"column":7}},"type":"if","locations":[{"start":{"line":21,"column":6},"end":{"line":27,"column":7}},{"start":{"line":23,"column":13},"end":{"line":27,"column":7}}],"line":21},"6":{"loc":{"start":{"line":23,"column":13},"end":{"line":27,"column":7}},"type":"if","locations":[{"start":{"line":23,"column":13},"end":{"line":27,"column":7}},{"start":{"line":25,"column":13},"end":{"line":27,"column":7}}],"line":23},"7":{"loc":{"start":{"line":28,"column":11},"end":{"line":60,"column":5}},"type":"if","locations":[{"start":{"line":28,"column":11},"end":{"line":60,"column":5}},{"start":{"line":36,"column":11},"end":{"line":60,"column":5}}],"line":28},"8":{"loc":{"start":{"line":29,"column":6},"end":{"line":35,"column":7}},"type":"if","locations":[{"start":{"line":29,"column":6},"end":{"line":35,"column":7}},{"start":{"line":31,"column":13},"end":{"line":35,"column":7}}],"line":29},"9":{"loc":{"start":{"line":31,"column":13},"end":{"line":35,"column":7}},"type":"if","locations":[{"start":{"line":31,"column":13},"end":{"line":35,"column":7}},{"start":{"line":33,"column":13},"end":{"line":35,"column":7}}],"line":31},"10":{"loc":{"start":{"line":36,"column":11},"end":{"line":60,"column":5}},"type":"if","locations":[{"start":{"line":36,"column":11},"end":{"line":60,"column":5}},{"start":{"line":44,"column":11},"end":{"line":60,"column":5}}],"line":36},"11":{"loc":{"start":{"line":37,"column":6},"end":{"line":43,"column":7}},"type":"if","locations":[{"start":{"line":37,"column":6},"end":{"line":43,"column":7}},{"start":{"line":39,"column":13},"end":{"line":43,"column":7}}],"line":37},"12":{"loc":{"start":{"line":39,"column":13},"end":{"line":43,"column":7}},"type":"if","locations":[{"start":{"line":39,"column":13},"end":{"line":43,"column":7}},{"start":{"line":41,"column":13},"end":{"line":43,"column":7}}],"line":39},"13":{"loc":{"start":{"line":44,"column":11},"end":{"line":60,"column":5}},"type":"if","locations":[{"start":{"line":44,"column":11},"end":{"line":60,"column":5}},{"start":{"line":52,"column":11},"end":{"line":60,"column":5}}],"line":44},"14":{"loc":{"start":{"line":44,"column":15},"end":{"line":44,"column":40}},"type":"binary-expr","locations":[{"start":{"line":44,"column":15},"end":{"line":44,"column":25}},{"start":{"line":44,"column":29},"end":{"line":44,"column":40}}],"line":44},"15":{"loc":{"start":{"line":45,"column":6},"end":{"line":51,"column":7}},"type":"if","locations":[{"start":{"line":45,"column":6},"end":{"line":51,"column":7}},{"start":{"line":47,"column":13},"end":{"line":51,"column":7}}],"line":45},"16":{"loc":{"start":{"line":47,"column":13},"end":{"line":51,"column":7}},"type":"if","locations":[{"start":{"line":47,"column":13},"end":{"line":51,"column":7}},{"start":{"line":49,"column":13},"end":{"line":51,"column":7}}],"line":47},"17":{"loc":{"start":{"line":52,"column":11},"end":{"line":60,"column":5}},"type":"if","locations":[{"start":{"line":52,"column":11},"end":{"line":60,"column":5}},{"start":{},"end":{}}],"line":52},"18":{"loc":{"start":{"line":52,"column":15},"end":{"line":52,"column":41}},"type":"binary-expr","locations":[{"start":{"line":52,"column":15},"end":{"line":52,"column":26}},{"start":{"line":52,"column":30},"end":{"line":52,"column":41}}],"line":52},"19":{"loc":{"start":{"line":53,"column":6},"end":{"line":59,"column":7}},"type":"if","locations":[{"start":{"line":53,"column":6},"end":{"line":59,"column":7}},{"start":{"line":55,"column":13},"end":{"line":59,"column":7}}],"line":53},"20":{"loc":{"start":{"line":55,"column":13},"end":{"line":59,"column":7}},"type":"if","locations":[{"start":{"line":55,"column":13},"end":{"line":59,"column":7}},{"start":{"line":57,"column":13},"end":{"line":59,"column":7}}],"line":55}},"s":{"0":18,"1":18,"2":18,"3":66,"4":66,"5":66,"6":66,"7":13,"8":10,"9":3,"10":3,"11":0,"12":53,"13":6,"14":3,"15":3,"16":3,"17":0,"18":47,"19":13,"20":9,"21":4,"22":0,"23":4,"24":34,"25":3,"26":0,"27":3,"28":3,"29":0,"30":31,"31":21,"32":6,"33":15,"34":12,"35":3,"36":10,"37":6,"38":3,"39":3,"40":0,"41":3,"42":18,"43":2},"f":{"0":18},"b":{"0":[13,53],"1":[66,57],"2":[10,3],"3":[3,0],"4":[6,47],"5":[3,3],"6":[3,0],"7":[13,34],"8":[9,4],"9":[0,4],"10":[3,31],"11":[0,3],"12":[3,0],"13":[21,10],"14":[31,27],"15":[6,15],"16":[12,3],"17":[6,4],"18":[10,6],"19":[3,3],"20":[0,3]},"_coverageSchema":"1a1c01bbd47fc00a2c39e90264f33305004495a9","hash":"d3b7d41eec38149241c920188369a5a8fc038ad8"}
,"C:\\Users\\steamiss\\Documents\\Bootcamp\\dpp-11\\livecodesim2\\s1\\week4\\livecodesim\\livecodelast\\ip-server-instavue-repo\\rmt24\\week3\\finalprojectbabygrowth\\server\\Baby-Growth-Server\\server\\helpers\\bcrypt.js": {"path":"C:\\Users\\steamiss\\Documents\\Bootcamp\\dpp-11\\livecodesim2\\s1\\week4\\livecodesim\\livecodelast\\ip-server-instavue-repo\\rmt24\\week3\\finalprojectbabygrowth\\server\\Baby-Growth-Server\\server\\helpers\\bcrypt.js","statementMap":{"0":{"start":{"line":1,"column":13},"end":{"line":1,"column":32}},"1":{"start":{"line":4,"column":2},"end":{"line":4,"column":39}},"2":{"start":{"line":8,"column":2},"end":{"line":8,"column":50}},"3":{"start":{"line":11,"column":0},"end":{"line":11,"column":51}}},"fnMap":{"0":{"name":"hashPassword","decl":{"start":{"line":3,"column":9},"end":{"line":3,"column":21}},"loc":{"start":{"line":3,"column":32},"end":{"line":5,"column":1}},"line":3},"1":{"name":"comparePassword","decl":{"start":{"line":7,"column":9},"end":{"line":7,"column":24}},"loc":{"start":{"line":7,"column":47},"end":{"line":9,"column":1}},"line":7}},"branchMap":{},"s":{"0":2,"1":43,"2":6,"3":2},"f":{"0":43,"1":6},"b":{},"_coverageSchema":"1a1c01bbd47fc00a2c39e90264f33305004495a9","hash":"5c8b9ec9428803d17502a5ae6e92e3ca1979a36a"}
,"C:\\Users\\steamiss\\Documents\\Bootcamp\\dpp-11\\livecodesim2\\s1\\week4\\livecodesim\\livecodelast\\ip-server-instavue-repo\\rmt24\\week3\\finalprojectbabygrowth\\server\\Baby-Growth-Server\\server\\helpers\\jwt.js": {"path":"C:\\Users\\steamiss\\Documents\\Bootcamp\\dpp-11\\livecodesim2\\s1\\week4\\livecodesim\\livecodelast\\ip-server-instavue-repo\\rmt24\\week3\\finalprojectbabygrowth\\server\\Baby-Growth-Server\\server\\helpers\\jwt.js","statementMap":{"0":{"start":{"line":1,"column":10},"end":{"line":1,"column":33}},"1":{"start":{"line":4,"column":2},"end":{"line":4,"column":37}},"2":{"start":{"line":8,"column":2},"end":{"line":8,"column":37}},"3":{"start":{"line":11,"column":0},"end":{"line":11,"column":44}}},"fnMap":{"0":{"name":"signToken","decl":{"start":{"line":3,"column":9},"end":{"line":3,"column":18}},"loc":{"start":{"line":3,"column":28},"end":{"line":5,"column":1}},"line":3},"1":{"name":"verifyToken","decl":{"start":{"line":7,"column":9},"end":{"line":7,"column":20}},"loc":{"start":{"line":7,"column":28},"end":{"line":9,"column":1}},"line":7}},"branchMap":{},"s":{"0":2,"1":6,"2":41,"3":2},"f":{"0":6,"1":41},"b":{},"_coverageSchema":"1a1c01bbd47fc00a2c39e90264f33305004495a9","hash":"8b6ceddb1502edc5e1ee96b68fde5d803df694d8"}
,"C:\\Users\\steamiss\\Documents\\Bootcamp\\dpp-11\\livecodesim2\\s1\\week4\\livecodesim\\livecodelast\\ip-server-instavue-repo\\rmt24\\week3\\finalprojectbabygrowth\\server\\Baby-Growth-Server\\server\\helpers\\selisihCalculator.js": {"path":"C:\\Users\\steamiss\\Documents\\Bootcamp\\dpp-11\\livecodesim2\\s1\\week4\\livecodesim\\livecodelast\\ip-server-instavue-repo\\rmt24\\week3\\finalprojectbabygrowth\\server\\Baby-Growth-Server\\server\\helpers\\selisihCalculator.js","statementMap":{"0":{"start":{"line":2,"column":23},"end":{"line":2,"column":25}},"1":{"start":{"line":4,"column":2},"end":{"line":20,"column":3}},"2":{"start":{"line":5,"column":4},"end":{"line":19,"column":5}},"3":{"start":{"line":6,"column":30},"end":{"line":6,"column":73}},"4":{"start":{"line":8,"column":6},"end":{"line":10,"column":8}},"5":{"start":{"line":12,"column":6},"end":{"line":18,"column":7}},"6":{"start":{"line":13,"column":8},"end":{"line":17,"column":9}},"7":{"start":{"line":13,"column":21},"end":{"line":13,"column":22}},"8":{"start":{"line":14,"column":10},"end":{"line":16,"column":12}},"9":{"start":{"line":22,"column":24},"end":{"line":22,"column":26}},"10":{"start":{"line":24,"column":2},"end":{"line":42,"column":3}},"11":{"start":{"line":25,"column":4},"end":{"line":41,"column":5}},"12":{"start":{"line":26,"column":34},"end":{"line":26,"column":72}},"13":{"start":{"line":28,"column":6},"end":{"line":30,"column":8}},"14":{"start":{"line":32,"column":6},"end":{"line":40,"column":7}},"15":{"start":{"line":33,"column":8},"end":{"line":39,"column":9}},"16":{"start":{"line":33,"column":21},"end":{"line":33,"column":22}},"17":{"start":{"line":34,"column":10},"end":{"line":38,"column":12}},"18":{"start":{"line":43,"column":2},"end":{"line":43,"column":43}},"19":{"start":{"line":46,"column":0},"end":{"line":46,"column":39}}},"fnMap":{"0":{"name":"selisihCalculator","decl":{"start":{"line":1,"column":9},"end":{"line":1,"column":26}},"loc":{"start":{"line":1,"column":33},"end":{"line":44,"column":1}},"line":1}},"branchMap":{"0":{"loc":{"start":{"line":4,"column":2},"end":{"line":20,"column":3}},"type":"if","locations":[{"start":{"line":4,"column":2},"end":{"line":20,"column":3}},{"start":{},"end":{}}],"line":4},"1":{"loc":{"start":{"line":5,"column":4},"end":{"line":19,"column":5}},"type":"if","locations":[{"start":{"line":5,"column":4},"end":{"line":19,"column":5}},{"start":{},"end":{}}],"line":5},"2":{"loc":{"start":{"line":12,"column":6},"end":{"line":18,"column":7}},"type":"if","locations":[{"start":{"line":12,"column":6},"end":{"line":18,"column":7}},{"start":{},"end":{}}],"line":12},"3":{"loc":{"start":{"line":24,"column":2},"end":{"line":42,"column":3}},"type":"if","locations":[{"start":{"line":24,"column":2},"end":{"line":42,"column":3}},{"start":{},"end":{}}],"line":24},"4":{"loc":{"start":{"line":25,"column":4},"end":{"line":41,"column":5}},"type":"if","locations":[{"start":{"line":25,"column":4},"end":{"line":41,"column":5}},{"start":{},"end":{}}],"line":25},"5":{"loc":{"start":{"line":32,"column":6},"end":{"line":40,"column":7}},"type":"if","locations":[{"start":{"line":32,"column":6},"end":{"line":40,"column":7}},{"start":{},"end":{}}],"line":32}},"s":{"0":46,"1":46,"2":46,"3":46,"4":46,"5":46,"6":46,"7":46,"8":155,"9":46,"10":46,"11":46,"12":42,"13":42,"14":42,"15":36,"16":36,"17":226,"18":46,"19":2},"f":{"0":46},"b":{"0":[46,0],"1":[46,0],"2":[46,0],"3":[46,0],"4":[42,4],"5":[36,6]},"_coverageSchema":"1a1c01bbd47fc00a2c39e90264f33305004495a9","hash":"4b4f861bb14b6dce18476a289f15b7803060c617"}
,"C:\\Users\\steamiss\\Documents\\Bootcamp\\dpp-11\\livecodesim2\\s1\\week4\\livecodesim\\livecodelast\\ip-server-instavue-repo\\rmt24\\week3\\finalprojectbabygrowth\\server\\Baby-Growth-Server\\server\\helpers\\statisticCalculator.js": {"path":"C:\\Users\\steamiss\\Documents\\Bootcamp\\dpp-11\\livecodesim2\\s1\\week4\\livecodesim\\livecodelast\\ip-server-instavue-repo\\rmt24\\week3\\finalprojectbabygrowth\\server\\Baby-Growth-Server\\server\\helpers\\statisticCalculator.js","statementMap":{"0":{"start":{"line":2,"column":30},"end":{"line":2,"column":53}},"1":{"start":{"line":3,"column":32},"end":{"line":3,"column":55}},"2":{"start":{"line":4,"column":29},"end":{"line":4,"column":52}},"3":{"start":{"line":6,"column":2},"end":{"line":25,"column":5}},"4":{"start":{"line":7,"column":4},"end":{"line":12,"column":5}},"5":{"start":{"line":8,"column":6},"end":{"line":8,"column":43}},"6":{"start":{"line":9,"column":6},"end":{"line":9,"column":56}},"7":{"start":{"line":10,"column":11},"end":{"line":12,"column":5}},"8":{"start":{"line":11,"column":6},"end":{"line":11,"column":45}},"9":{"start":{"line":13,"column":4},"end":{"line":18,"column":5}},"10":{"start":{"line":14,"column":6},"end":{"line":14,"column":42}},"11":{"start":{"line":15,"column":6},"end":{"line":15,"column":54}},"12":{"start":{"line":16,"column":11},"end":{"line":18,"column":5}},"13":{"start":{"line":17,"column":6},"end":{"line":17,"column":44}},"14":{"start":{"line":19,"column":4},"end":{"line":24,"column":5}},"15":{"start":{"line":20,"column":6},"end":{"line":20,"column":45}},"16":{"start":{"line":21,"column":6},"end":{"line":21,"column":60}},"17":{"start":{"line":22,"column":11},"end":{"line":24,"column":5}},"18":{"start":{"line":23,"column":6},"end":{"line":23,"column":47}},"19":{"start":{"line":27,"column":2},"end":{"line":27,"column":76}},"20":{"start":{"line":30,"column":0},"end":{"line":30,"column":41}}},"fnMap":{"0":{"name":"calculateStatistics","decl":{"start":{"line":1,"column":9},"end":{"line":1,"column":28}},"loc":{"start":{"line":1,"column":46},"end":{"line":28,"column":1}},"line":1},"1":{"name":"(anonymous_1)","decl":{"start":{"line":6,"column":26},"end":{"line":6,"column":27}},"loc":{"start":{"line":6,"column":34},"end":{"line":25,"column":3}},"line":6}},"branchMap":{"0":{"loc":{"start":{"line":7,"column":4},"end":{"line":12,"column":5}},"type":"if","locations":[{"start":{"line":7,"column":4},"end":{"line":12,"column":5}},{"start":{"line":10,"column":11},"end":{"line":12,"column":5}}],"line":7},"1":{"loc":{"start":{"line":10,"column":11},"end":{"line":12,"column":5}},"type":"if","locations":[{"start":{"line":10,"column":11},"end":{"line":12,"column":5}},{"start":{},"end":{}}],"line":10},"2":{"loc":{"start":{"line":13,"column":4},"end":{"line":18,"column":5}},"type":"if","locations":[{"start":{"line":13,"column":4},"end":{"line":18,"column":5}},{"start":{"line":16,"column":11},"end":{"line":18,"column":5}}],"line":13},"3":{"loc":{"start":{"line":16,"column":11},"end":{"line":18,"column":5}},"type":"if","locations":[{"start":{"line":16,"column":11},"end":{"line":18,"column":5}},{"start":{},"end":{}}],"line":16},"4":{"loc":{"start":{"line":19,"column":4},"end":{"line":24,"column":5}},"type":"if","locations":[{"start":{"line":19,"column":4},"end":{"line":24,"column":5}},{"start":{"line":22,"column":11},"end":{"line":24,"column":5}}],"line":19},"5":{"loc":{"start":{"line":22,"column":11},"end":{"line":24,"column":5}},"type":"if","locations":[{"start":{"line":22,"column":11},"end":{"line":24,"column":5}},{"start":{},"end":{}}],"line":22}},"s":{"0":1,"1":1,"2":1,"3":1,"4":8,"5":2,"6":2,"7":6,"8":3,"9":8,"10":2,"11":2,"12":6,"13":0,"14":8,"15":1,"16":1,"17":7,"18":3,"19":1,"20":2},"f":{"0":1,"1":8},"b":{"0":[2,6],"1":[3,3],"2":[2,6],"3":[0,6],"4":[1,7],"5":[3,4]},"_coverageSchema":"1a1c01bbd47fc00a2c39e90264f33305004495a9","hash":"831f07c7356d861e3bc085795d24fa7f59a52016"}
,"C:\\Users\\steamiss\\Documents\\Bootcamp\\dpp-11\\livecodesim2\\s1\\week4\\livecodesim\\livecodelast\\ip-server-instavue-repo\\rmt24\\week3\\finalprojectbabygrowth\\server\\Baby-Growth-Server\\server\\middlewares\\authentication.js": {"path":"C:\\Users\\steamiss\\Documents\\Bootcamp\\dpp-11\\livecodesim2\\s1\\week4\\livecodesim\\livecodelast\\ip-server-instavue-repo\\rmt24\\week3\\finalprojectbabygrowth\\server\\Baby-Growth-Server\\server\\middlewares\\authentication.js","statementMap":{"0":{"start":{"line":1,"column":24},"end":{"line":1,"column":49}},"1":{"start":{"line":2,"column":17},"end":{"line":2,"column":37}},"2":{"start":{"line":4,"column":23},"end":{"line":38,"column":1}},"3":{"start":{"line":5,"column":2},"end":{"line":37,"column":3}},"4":{"start":{"line":6,"column":25},"end":{"line":6,"column":49}},"5":{"start":{"line":9,"column":4},"end":{"line":11,"column":5}},"6":{"start":{"line":10,"column":6},"end":{"line":10,"column":37}},"7":{"start":{"line":13,"column":20},"end":{"line":13,"column":45}},"8":{"start":{"line":15,"column":22},"end":{"line":19,"column":6}},"9":{"start":{"line":21,"column":4},"end":{"line":23,"column":5}},"10":{"start":{"line":22,"column":6},"end":{"line":22,"column":37}},"11":{"start":{"line":24,"column":4},"end":{"line":27,"column":6}},"12":{"start":{"line":28,"column":4},"end":{"line":28,"column":26}},"13":{"start":{"line":30,"column":4},"end":{"line":30,"column":11}},"14":{"start":{"line":32,"column":4},"end":{"line":36,"column":5}},"15":{"start":{"line":33,"column":6},"end":{"line":33,"column":57}},"16":{"start":{"line":35,"column":6},"end":{"line":35,"column":32}},"17":{"start":{"line":40,"column":0},"end":{"line":40,"column":32}}},"fnMap":{"0":{"name":"(anonymous_0)","decl":{"start":{"line":4,"column":23},"end":{"line":4,"column":24}},"loc":{"start":{"line":4,"column":49},"end":{"line":38,"column":1}},"line":4}},"branchMap":{"0":{"loc":{"start":{"line":9,"column":4},"end":{"line":11,"column":5}},"type":"if","locations":[{"start":{"line":9,"column":4},"end":{"line":11,"column":5}},{"start":{},"end":{}}],"line":9},"1":{"loc":{"start":{"line":21,"column":4},"end":{"line":23,"column":5}},"type":"if","locations":[{"start":{"line":21,"column":4},"end":{"line":23,"column":5}},{"start":{},"end":{}}],"line":21},"2":{"loc":{"start":{"line":32,"column":4},"end":{"line":36,"column":5}},"type":"if","locations":[{"start":{"line":32,"column":4},"end":{"line":36,"column":5}},{"start":{"line":34,"column":11},"end":{"line":36,"column":5}}],"line":32},"3":{"loc":{"start":{"line":32,"column":8},"end":{"line":32,"column":69}},"type":"binary-expr","locations":[{"start":{"line":32,"column":8},"end":{"line":32,"column":34}},{"start":{"line":32,"column":38},"end":{"line":32,"column":69}}],"line":32}},"s":{"0":2,"1":2,"2":2,"3":39,"4":39,"5":39,"6":11,"7":28,"8":28,"9":28,"10":0,"11":28,"12":28,"13":28,"14":11,"15":11,"16":0,"17":2},"f":{"0":39},"b":{"0":[11,28],"1":[0,28],"2":[11,0],"3":[11,0]},"_coverageSchema":"1a1c01bbd47fc00a2c39e90264f33305004495a9","hash":"709c52568518efbd153512704b3399a3fae7e050"}
,"C:\\Users\\steamiss\\Documents\\Bootcamp\\dpp-11\\livecodesim2\\s1\\week4\\livecodesim\\livecodelast\\ip-server-instavue-repo\\rmt24\\week3\\finalprojectbabygrowth\\server\\Baby-Growth-Server\\server\\middlewares\\authorizationAdmin.js": {"path":"C:\\Users\\steamiss\\Documents\\Bootcamp\\dpp-11\\livecodesim2\\s1\\week4\\livecodesim\\livecodelast\\ip-server-instavue-repo\\rmt24\\week3\\finalprojectbabygrowth\\server\\Baby-Growth-Server\\server\\middlewares\\authorizationAdmin.js","statementMap":{"0":{"start":{"line":1,"column":27},"end":{"line":16,"column":1}},"1":{"start":{"line":2,"column":2},"end":{"line":15,"column":3}},"2":{"start":{"line":3,"column":21},"end":{"line":3,"column":29}},"3":{"start":{"line":5,"column":4},"end":{"line":7,"column":5}},"4":{"start":{"line":6,"column":6},"end":{"line":6,"column":34}},"5":{"start":{"line":8,"column":4},"end":{"line":8,"column":11}},"6":{"start":{"line":10,"column":4},"end":{"line":14,"column":5}},"7":{"start":{"line":11,"column":6},"end":{"line":11,"column":53}},"8":{"start":{"line":13,"column":6},"end":{"line":13,"column":32}},"9":{"start":{"line":18,"column":0},"end":{"line":18,"column":36}}},"fnMap":{"0":{"name":"(anonymous_0)","decl":{"start":{"line":1,"column":27},"end":{"line":1,"column":28}},"loc":{"start":{"line":1,"column":53},"end":{"line":16,"column":1}},"line":1}},"branchMap":{"0":{"loc":{"start":{"line":5,"column":4},"end":{"line":7,"column":5}},"type":"if","locations":[{"start":{"line":5,"column":4},"end":{"line":7,"column":5}},{"start":{},"end":{}}],"line":5},"1":{"loc":{"start":{"line":5,"column":8},"end":{"line":5,"column":49}},"type":"binary-expr","locations":[{"start":{"line":5,"column":8},"end":{"line":5,"column":24}},{"start":{"line":5,"column":28},"end":{"line":5,"column":49}}],"line":5},"2":{"loc":{"start":{"line":10,"column":4},"end":{"line":14,"column":5}},"type":"if","locations":[{"start":{"line":10,"column":4},"end":{"line":14,"column":5}},{"start":{"line":12,"column":11},"end":{"line":14,"column":5}}],"line":10}},"s":{"0":2,"1":3,"2":3,"3":3,"4":1,"5":2,"6":1,"7":1,"8":0,"9":2},"f":{"0":3},"b":{"0":[1,2],"1":[3,3],"2":[1,0]},"_coverageSchema":"1a1c01bbd47fc00a2c39e90264f33305004495a9","hash":"c1fe62d19bbfeb1829dbb550c7a1fd6324e3aa30"}
,"C:\\Users\\steamiss\\Documents\\Bootcamp\\dpp-11\\livecodesim2\\s1\\week4\\livecodesim\\livecodelast\\ip-server-instavue-repo\\rmt24\\week3\\finalprojectbabygrowth\\server\\Baby-Growth-Server\\server\\middlewares\\authorizationSuperAdmin.js": {"path":"C:\\Users\\steamiss\\Documents\\Bootcamp\\dpp-11\\livecodesim2\\s1\\week4\\livecodesim\\livecodelast\\ip-server-instavue-repo\\rmt24\\week3\\finalprojectbabygrowth\\server\\Baby-Growth-Server\\server\\middlewares\\authorizationSuperAdmin.js","statementMap":{"0":{"start":{"line":1,"column":32},"end":{"line":16,"column":1}},"1":{"start":{"line":2,"column":2},"end":{"line":15,"column":3}},"2":{"start":{"line":3,"column":21},"end":{"line":3,"column":29}},"3":{"start":{"line":5,"column":4},"end":{"line":7,"column":5}},"4":{"start":{"line":6,"column":6},"end":{"line":6,"column":34}},"5":{"start":{"line":8,"column":4},"end":{"line":8,"column":11}},"6":{"start":{"line":10,"column":4},"end":{"line":14,"column":5}},"7":{"start":{"line":11,"column":6},"end":{"line":11,"column":53}},"8":{"start":{"line":13,"column":6},"end":{"line":13,"column":32}},"9":{"start":{"line":18,"column":0},"end":{"line":18,"column":41}}},"fnMap":{"0":{"name":"(anonymous_0)","decl":{"start":{"line":1,"column":32},"end":{"line":1,"column":33}},"loc":{"start":{"line":1,"column":58},"end":{"line":16,"column":1}},"line":1}},"branchMap":{"0":{"loc":{"start":{"line":5,"column":4},"end":{"line":7,"column":5}},"type":"if","locations":[{"start":{"line":5,"column":4},"end":{"line":7,"column":5}},{"start":{},"end":{}}],"line":5},"1":{"loc":{"start":{"line":10,"column":4},"end":{"line":14,"column":5}},"type":"if","locations":[{"start":{"line":10,"column":4},"end":{"line":14,"column":5}},{"start":{"line":12,"column":11},"end":{"line":14,"column":5}}],"line":10}},"s":{"0":2,"1":4,"2":4,"3":4,"4":2,"5":2,"6":2,"7":2,"8":0,"9":2},"f":{"0":4},"b":{"0":[2,2],"1":[2,0]},"_coverageSchema":"1a1c01bbd47fc00a2c39e90264f33305004495a9","hash":"10b16f79e45f0de01c2689b9b8621ef2476ce625"}
,"C:\\Users\\steamiss\\Documents\\Bootcamp\\dpp-11\\livecodesim2\\s1\\week4\\livecodesim\\livecodelast\\ip-server-instavue-repo\\rmt24\\week3\\finalprojectbabygrowth\\server\\Baby-Growth-Server\\server\\middlewares\\errorHandler.js": {"path":"C:\\Users\\steamiss\\Documents\\Bootcamp\\dpp-11\\livecodesim2\\s1\\week4\\livecodesim\\livecodelast\\ip-server-instavue-repo\\rmt24\\week3\\finalprojectbabygrowth\\server\\Baby-Growth-Server\\server\\middlewares\\errorHandler.js","statementMap":{"0":{"start":{"line":2,"column":2},"end":{"line":19,"column":3}},"1":{"start":{"line":3,"column":4},"end":{"line":3,"column":62}},"2":{"start":{"line":4,"column":9},"end":{"line":19,"column":3}},"3":{"start":{"line":5,"column":4},"end":{"line":5,"column":59}},"4":{"start":{"line":6,"column":9},"end":{"line":19,"column":3}},"5":{"start":{"line":7,"column":4},"end":{"line":7,"column":64}},"6":{"start":{"line":8,"column":9},"end":{"line":19,"column":3}},"7":{"start":{"line":9,"column":4},"end":{"line":9,"column":56}},"8":{"start":{"line":10,"column":9},"end":{"line":19,"column":3}},"9":{"start":{"line":14,"column":4},"end":{"line":14,"column":61}},"10":{"start":{"line":15,"column":9},"end":{"line":19,"column":3}},"11":{"start":{"line":16,"column":4},"end":{"line":16,"column":51}},"12":{"start":{"line":18,"column":4},"end":{"line":18,"column":30}},"13":{"start":{"line":22,"column":0},"end":{"line":22,"column":30}}},"fnMap":{"0":{"name":"errorHandler","decl":{"start":{"line":1,"column":9},"end":{"line":1,"column":21}},"loc":{"start":{"line":1,"column":43},"end":{"line":20,"column":1}},"line":1}},"branchMap":{"0":{"loc":{"start":{"line":2,"column":2},"end":{"line":19,"column":3}},"type":"if","locations":[{"start":{"line":2,"column":2},"end":{"line":19,"column":3}},{"start":{"line":4,"column":9},"end":{"line":19,"column":3}}],"line":2},"1":{"loc":{"start":{"line":4,"column":9},"end":{"line":19,"column":3}},"type":"if","locations":[{"start":{"line":4,"column":9},"end":{"line":19,"column":3}},{"start":{"line":6,"column":9},"end":{"line":19,"column":3}}],"line":4},"2":{"loc":{"start":{"line":6,"column":9},"end":{"line":19,"column":3}},"type":"if","locations":[{"start":{"line":6,"column":9},"end":{"line":19,"column":3}},{"start":{"line":8,"column":9},"end":{"line":19,"column":3}}],"line":6},"3":{"loc":{"start":{"line":8,"column":9},"end":{"line":19,"column":3}},"type":"if","locations":[{"start":{"line":8,"column":9},"end":{"line":19,"column":3}},{"start":{"line":10,"column":9},"end":{"line":19,"column":3}}],"line":8},"4":{"loc":{"start":{"line":10,"column":9},"end":{"line":19,"column":3}},"type":"if","locations":[{"start":{"line":10,"column":9},"end":{"line":19,"column":3}},{"start":{"line":15,"column":9},"end":{"line":19,"column":3}}],"line":10},"5":{"loc":{"start":{"line":11,"column":4},"end":{"line":12,"column":42}},"type":"binary-expr","locations":[{"start":{"line":11,"column":4},"end":{"line":11,"column":48}},{"start":{"line":12,"column":4},"end":{"line":12,"column":42}}],"line":11},"6":{"loc":{"start":{"line":15,"column":9},"end":{"line":19,"column":3}},"type":"if","locations":[{"start":{"line":15,"column":9},"end":{"line":19,"column":3}},{"start":{"line":17,"column":9},"end":{"line":19,"column":3}}],"line":15}},"s":{"0":28,"1":3,"2":25,"3":2,"4":23,"5":6,"6":17,"7":6,"8":11,"9":3,"10":8,"11":3,"12":5,"13":2},"f":{"0":28},"b":{"0":[3,25],"1":[2,23],"2":[6,17],"3":[6,11],"4":[3,8],"5":[11,11],"6":[3,5]},"_coverageSchema":"1a1c01bbd47fc00a2c39e90264f33305004495a9","hash":"7d3cbd9261ef03fb922dc17d2e690cb48c4f1986"}
,"C:\\Users\\steamiss\\Documents\\Bootcamp\\dpp-11\\livecodesim2\\s1\\week4\\livecodesim\\livecodelast\\ip-server-instavue-repo\\rmt24\\week3\\finalprojectbabygrowth\\server\\Baby-Growth-Server\\server\\middlewares\\motherAuthentication.js": {"path":"C:\\Users\\steamiss\\Documents\\Bootcamp\\dpp-11\\livecodesim2\\s1\\week4\\livecodesim\\livecodelast\\ip-server-instavue-repo\\rmt24\\week3\\finalprojectbabygrowth\\server\\Baby-Growth-Server\\server\\middlewares\\motherAuthentication.js","statementMap":{"0":{"start":{"line":1,"column":24},"end":{"line":1,"column":49}},"1":{"start":{"line":2,"column":26},"end":{"line":2,"column":46}},"2":{"start":{"line":4,"column":29},"end":{"line":38,"column":1}},"3":{"start":{"line":5,"column":2},"end":{"line":37,"column":3}},"4":{"start":{"line":6,"column":25},"end":{"line":6,"column":49}},"5":{"start":{"line":9,"column":4},"end":{"line":11,"column":5}},"6":{"start":{"line":10,"column":6},"end":{"line":10,"column":37}},"7":{"start":{"line":13,"column":20},"end":{"line":13,"column":45}},"8":{"start":{"line":15,"column":24},"end":{"line":19,"column":6}},"9":{"start":{"line":21,"column":4},"end":{"line":23,"column":5}},"10":{"start":{"line":22,"column":6},"end":{"line":22,"column":37}},"11":{"start":{"line":24,"column":4},"end":{"line":27,"column":6}},"12":{"start":{"line":28,"column":4},"end":{"line":28,"column":26}},"13":{"start":{"line":30,"column":4},"end":{"line":30,"column":11}},"14":{"start":{"line":32,"column":4},"end":{"line":36,"column":5}},"15":{"start":{"line":33,"column":6},"end":{"line":33,"column":57}},"16":{"start":{"line":35,"column":6},"end":{"line":35,"column":32}},"17":{"start":{"line":40,"column":0},"end":{"line":40,"column":38}}},"fnMap":{"0":{"name":"(anonymous_0)","decl":{"start":{"line":4,"column":29},"end":{"line":4,"column":30}},"loc":{"start":{"line":4,"column":55},"end":{"line":38,"column":1}},"line":4}},"branchMap":{"0":{"loc":{"start":{"line":9,"column":4},"end":{"line":11,"column":5}},"type":"if","locations":[{"start":{"line":9,"column":4},"end":{"line":11,"column":5}},{"start":{},"end":{}}],"line":9},"1":{"loc":{"start":{"line":21,"column":4},"end":{"line":23,"column":5}},"type":"if","locations":[{"start":{"line":21,"column":4},"end":{"line":23,"column":5}},{"start":{},"end":{}}],"line":21},"2":{"loc":{"start":{"line":32,"column":4},"end":{"line":36,"column":5}},"type":"if","locations":[{"start":{"line":32,"column":4},"end":{"line":36,"column":5}},{"start":{"line":34,"column":11},"end":{"line":36,"column":5}}],"line":32},"3":{"loc":{"start":{"line":32,"column":8},"end":{"line":32,"column":69}},"type":"binary-expr","locations":[{"start":{"line":32,"column":8},"end":{"line":32,"column":34}},{"start":{"line":32,"column":38},"end":{"line":32,"column":69}}],"line":32}},"s":{"0":2,"1":2,"2":2,"3":13,"4":13,"5":13,"6":0,"7":13,"8":10,"9":10,"10":0,"11":10,"12":10,"13":10,"14":3,"15":3,"16":0,"17":2},"f":{"0":13},"b":{"0":[0,13],"1":[0,10],"2":[3,0],"3":[3,3]},"_coverageSchema":"1a1c01bbd47fc00a2c39e90264f33305004495a9","hash":"fe477c91ca2b93c7b3f41e529ac989337e48197b"}
,"C:\\Users\\steamiss\\Documents\\Bootcamp\\dpp-11\\livecodesim2\\s1\\week4\\livecodesim\\livecodelast\\ip-server-instavue-repo\\rmt24\\week3\\finalprojectbabygrowth\\server\\Baby-Growth-Server\\server\\models\\article.js": {"path":"C:\\Users\\steamiss\\Documents\\Bootcamp\\dpp-11\\livecodesim2\\s1\\week4\\livecodesim\\livecodelast\\ip-server-instavue-repo\\rmt24\\week3\\finalprojectbabygrowth\\server\\Baby-Growth-Server\\server\\models\\article.js","statementMap":{"0":{"start":{"line":4,"column":4},"end":{"line":4,"column":24}},"1":{"start":{"line":5,"column":0},"end":{"line":50,"column":2}},"2":{"start":{"line":15,"column":6},"end":{"line":15,"column":64}},"3":{"start":{"line":18,"column":2},"end":{"line":48,"column":5}},"4":{"start":{"line":49,"column":2},"end":{"line":49,"column":17}}},"fnMap":{"0":{"name":"(anonymous_0)","decl":{"start":{"line":5,"column":17},"end":{"line":5,"column":18}},"loc":{"start":{"line":5,"column":43},"end":{"line":50,"column":1}},"line":5},"1":{"name":"(anonymous_1)","decl":{"start":{"line":12,"column":4},"end":{"line":12,"column":5}},"loc":{"start":{"line":12,"column":29},"end":{"line":16,"column":5}},"line":12}},"branchMap":{},"s":{"0":2,"1":2,"2":2,"3":2,"4":2},"f":{"0":2,"1":2},"b":{},"_coverageSchema":"1a1c01bbd47fc00a2c39e90264f33305004495a9","hash":"e67d1db10ed101f359e304887bb9a39b304d96c0"}
,"C:\\Users\\steamiss\\Documents\\Bootcamp\\dpp-11\\livecodesim2\\s1\\week4\\livecodesim\\livecodelast\\ip-server-instavue-repo\\rmt24\\week3\\finalprojectbabygrowth\\server\\Baby-Growth-Server\\server\\models\\babydata.js": {"path":"C:\\Users\\steamiss\\Documents\\Bootcamp\\dpp-11\\livecodesim2\\s1\\week4\\livecodesim\\livecodelast\\ip-server-instavue-repo\\rmt24\\week3\\finalprojectbabygrowth\\server\\Baby-Growth-Server\\server\\models\\babydata.js","statementMap":{"0":{"start":{"line":2,"column":18},"end":{"line":2,"column":38}},"1":{"start":{"line":3,"column":0},"end":{"line":37,"column":2}},"2":{"start":{"line":12,"column":6},"end":{"line":12,"column":74}},"3":{"start":{"line":15,"column":2},"end":{"line":35,"column":4}},"4":{"start":{"line":36,"column":2},"end":{"line":36,"column":18}}},"fnMap":{"0":{"name":"(anonymous_0)","decl":{"start":{"line":3,"column":17},"end":{"line":3,"column":18}},"loc":{"start":{"line":3,"column":43},"end":{"line":37,"column":1}},"line":3},"1":{"name":"(anonymous_1)","decl":{"start":{"line":10,"column":4},"end":{"line":10,"column":5}},"loc":{"start":{"line":10,"column":29},"end":{"line":13,"column":5}},"line":10}},"branchMap":{},"s":{"0":2,"1":2,"2":2,"3":2,"4":2},"f":{"0":2,"1":2},"b":{},"_coverageSchema":"1a1c01bbd47fc00a2c39e90264f33305004495a9","hash":"5ff9e8351e6942618d2fe1a47b1d9062c24b15bf"}
,"C:\\Users\\steamiss\\Documents\\Bootcamp\\dpp-11\\livecodesim2\\s1\\week4\\livecodesim\\livecodelast\\ip-server-instavue-repo\\rmt24\\week3\\finalprojectbabygrowth\\server\\Baby-Growth-Server\\server\\models\\category.js": {"path":"C:\\Users\\steamiss\\Documents\\Bootcamp\\dpp-11\\livecodesim2\\s1\\week4\\livecodesim\\livecodelast\\ip-server-instavue-repo\\rmt24\\week3\\finalprojectbabygrowth\\server\\Baby-Growth-Server\\server\\models\\category.js","statementMap":{"0":{"start":{"line":2,"column":18},"end":{"line":2,"column":38}},"1":{"start":{"line":3,"column":0},"end":{"line":34,"column":2}},"2":{"start":{"line":11,"column":6},"end":{"line":11,"column":35}},"3":{"start":{"line":13,"column":6},"end":{"line":13,"column":35}},"4":{"start":{"line":16,"column":2},"end":{"line":32,"column":4}},"5":{"start":{"line":33,"column":2},"end":{"line":33,"column":18}}},"fnMap":{"0":{"name":"(anonymous_0)","decl":{"start":{"line":3,"column":17},"end":{"line":3,"column":18}},"loc":{"start":{"line":3,"column":43},"end":{"line":34,"column":1}},"line":3},"1":{"name":"(anonymous_1)","decl":{"start":{"line":10,"column":4},"end":{"line":10,"column":5}},"loc":{"start":{"line":10,"column":29},"end":{"line":14,"column":5}},"line":10}},"branchMap":{},"s":{"0":2,"1":2,"2":2,"3":2,"4":2,"5":2},"f":{"0":2,"1":2},"b":{},"_coverageSchema":"1a1c01bbd47fc00a2c39e90264f33305004495a9","hash":"6af36d0cf9c343aba526899fe7c445367860df14"}
,"C:\\Users\\steamiss\\Documents\\Bootcamp\\dpp-11\\livecodesim2\\s1\\week4\\livecodesim\\livecodelast\\ip-server-instavue-repo\\rmt24\\week3\\finalprojectbabygrowth\\server\\Baby-Growth-Server\\server\\models\\index.js": {"path":"C:\\Users\\steamiss\\Documents\\Bootcamp\\dpp-11\\livecodesim2\\s1\\week4\\livecodesim\\livecodelast\\ip-server-instavue-repo\\rmt24\\week3\\finalprojectbabygrowth\\server\\Baby-Growth-Server\\server\\models\\index.js","statementMap":{"0":{"start":{"line":3,"column":11},"end":{"line":3,"column":24}},"1":{"start":{"line":4,"column":13},"end":{"line":4,"column":28}},"2":{"start":{"line":5,"column":18},"end":{"line":5,"column":38}},"3":{"start":{"line":6,"column":17},"end":{"line":6,"column":42}},"4":{"start":{"line":7,"column":12},"end":{"line":7,"column":49}},"5":{"start":{"line":8,"column":15},"end":{"line":8,"column":65}},"6":{"start":{"line":9,"column":11},"end":{"line":9,"column":13}},"7":{"start":{"line":12,"column":0},"end":{"line":16,"column":1}},"8":{"start":{"line":13,"column":2},"end":{"line":13,"column":74}},"9":{"start":{"line":15,"column":2},"end":{"line":15,"column":87}},"10":{"start":{"line":18,"column":0},"end":{"line":26,"column":5}},"11":{"start":{"line":21,"column":4},"end":{"line":21,"column":90}},"12":{"start":{"line":24,"column":18},"end":{"line":24,"column":85}},"13":{"start":{"line":25,"column":4},"end":{"line":25,"column":27}},"14":{"start":{"line":28,"column":0},"end":{"line":32,"column":3}},"15":{"start":{"line":29,"column":2},"end":{"line":31,"column":3}},"16":{"start":{"line":30,"column":4},"end":{"line":30,"column":32}},"17":{"start":{"line":34,"column":0},"end":{"line":34,"column":25}},"18":{"start":{"line":35,"column":0},"end":{"line":35,"column":25}},"19":{"start":{"line":37,"column":0},"end":{"line":37,"column":20}}},"fnMap":{"0":{"name":"(anonymous_0)","decl":{"start":{"line":20,"column":10},"end":{"line":20,"column":11}},"loc":{"start":{"line":20,"column":18},"end":{"line":22,"column":3}},"line":20},"1":{"name":"(anonymous_1)","decl":{"start":{"line":23,"column":11},"end":{"line":23,"column":12}},"loc":{"start":{"line":23,"column":19},"end":{"line":26,"column":3}},"line":23},"2":{"name":"(anonymous_2)","decl":{"start":{"line":28,"column":24},"end":{"line":28,"column":25}},"loc":{"start":{"line":28,"column":37},"end":{"line":32,"column":1}},"line":28}},"branchMap":{"0":{"loc":{"start":{"line":7,"column":12},"end":{"line":7,"column":49}},"type":"binary-expr","locations":[{"start":{"line":7,"column":12},"end":{"line":7,"column":32}},{"start":{"line":7,"column":36},"end":{"line":7,"column":49}}],"line":7},"1":{"loc":{"start":{"line":12,"column":0},"end":{"line":16,"column":1}},"type":"if","locations":[{"start":{"line":12,"column":0},"end":{"line":16,"column":1}},{"start":{"line":14,"column":7},"end":{"line":16,"column":1}}],"line":12},"2":{"loc":{"start":{"line":21,"column":11},"end":{"line":21,"column":89}},"type":"binary-expr","locations":[{"start":{"line":21,"column":12},"end":{"line":21,"column":35}},{"start":{"line":21,"column":41},"end":{"line":21,"column":58}},{"start":{"line":21,"column":64},"end":{"line":21,"column":88}}],"line":21},"3":{"loc":{"start":{"line":29,"column":2},"end":{"line":31,"column":3}},"type":"if","locations":[{"start":{"line":29,"column":2},"end":{"line":31,"column":3}},{"start":{},"end":{}}],"line":29}},"s":{"0":2,"1":2,"2":2,"3":2,"4":2,"5":2,"6":2,"7":2,"8":0,"9":2,"10":2,"11":20,"12":18,"13":18,"14":2,"15":18,"16":18,"17":2,"18":2,"19":2},"f":{"0":20,"1":18,"2":18},"b":{"0":[2,0],"1":[0,2],"2":[20,20,18],"3":[18,0]},"_coverageSchema":"1a1c01bbd47fc00a2c39e90264f33305004495a9","hash":"28f9dd2f7a945632e032b8a84a64a37aac5fe6fd"}
,"C:\\Users\\steamiss\\Documents\\Bootcamp\\dpp-11\\livecodesim2\\s1\\week4\\livecodesim\\livecodelast\\ip-server-instavue-repo\\rmt24\\week3\\finalprojectbabygrowth\\server\\Baby-Growth-Server\\server\\models\\motherprofile.js": {"path":"C:\\Users\\steamiss\\Documents\\Bootcamp\\dpp-11\\livecodesim2\\s1\\week4\\livecodesim\\livecodelast\\ip-server-instavue-repo\\rmt24\\week3\\finalprojectbabygrowth\\server\\Baby-Growth-Server\\server\\models\\motherprofile.js","statementMap":{"0":{"start":{"line":2,"column":18},"end":{"line":2,"column":38}},"1":{"start":{"line":3,"column":0},"end":{"line":54,"column":2}},"2":{"start":{"line":12,"column":6},"end":{"line":12,"column":43}},"3":{"start":{"line":13,"column":6},"end":{"line":13,"column":46}},"4":{"start":{"line":16,"column":2},"end":{"line":52,"column":4}},"5":{"start":{"line":53,"column":2},"end":{"line":53,"column":23}}},"fnMap":{"0":{"name":"(anonymous_0)","decl":{"start":{"line":3,"column":17},"end":{"line":3,"column":18}},"loc":{"start":{"line":3,"column":43},"end":{"line":54,"column":1}},"line":3},"1":{"name":"(anonymous_1)","decl":{"start":{"line":10,"column":4},"end":{"line":10,"column":5}},"loc":{"start":{"line":10,"column":29},"end":{"line":14,"column":5}},"line":10}},"branchMap":{},"s":{"0":2,"1":2,"2":2,"3":2,"4":2,"5":2},"f":{"0":2,"1":2},"b":{},"_coverageSchema":"1a1c01bbd47fc00a2c39e90264f33305004495a9","hash":"b43c52ac94ece955b10fc9ea39f5eb18333008d9"}
,"C:\\Users\\steamiss\\Documents\\Bootcamp\\dpp-11\\livecodesim2\\s1\\week4\\livecodesim\\livecodelast\\ip-server-instavue-repo\\rmt24\\week3\\finalprojectbabygrowth\\server\\Baby-Growth-Server\\server\\models\\needcheck.js": {"path":"C:\\Users\\steamiss\\Documents\\Bootcamp\\dpp-11\\livecodesim2\\s1\\week4\\livecodesim\\livecodelast\\ip-server-instavue-repo\\rmt24\\week3\\finalprojectbabygrowth\\server\\Baby-Growth-Server\\server\\models\\needcheck.js","statementMap":{"0":{"start":{"line":4,"column":4},"end":{"line":4,"column":24}},"1":{"start":{"line":5,"column":0},"end":{"line":25,"column":2}},"2":{"start":{"line":16,"column":2},"end":{"line":23,"column":5}},"3":{"start":{"line":24,"column":2},"end":{"line":24,"column":19}}},"fnMap":{"0":{"name":"(anonymous_0)","decl":{"start":{"line":5,"column":17},"end":{"line":5,"column":18}},"loc":{"start":{"line":5,"column":43},"end":{"line":25,"column":1}},"line":5},"1":{"name":"(anonymous_1)","decl":{"start":{"line":12,"column":4},"end":{"line":12,"column":5}},"loc":{"start":{"line":12,"column":29},"end":{"line":14,"column":5}},"line":12}},"branchMap":{},"s":{"0":2,"1":2,"2":2,"3":2},"f":{"0":2,"1":2},"b":{},"_coverageSchema":"1a1c01bbd47fc00a2c39e90264f33305004495a9","hash":"b3ecd1d755b00a1a6efe1750b8c1e3896e00c558"}
,"C:\\Users\\steamiss\\Documents\\Bootcamp\\dpp-11\\livecodesim2\\s1\\week4\\livecodesim\\livecodelast\\ip-server-instavue-repo\\rmt24\\week3\\finalprojectbabygrowth\\server\\Baby-Growth-Server\\server\\models\\pregnancy.js": {"path":"C:\\Users\\steamiss\\Documents\\Bootcamp\\dpp-11\\livecodesim2\\s1\\week4\\livecodesim\\livecodelast\\ip-server-instavue-repo\\rmt24\\week3\\finalprojectbabygrowth\\server\\Baby-Growth-Server\\server\\models\\pregnancy.js","statementMap":{"0":{"start":{"line":2,"column":18},"end":{"line":2,"column":38}},"1":{"start":{"line":3,"column":0},"end":{"line":44,"column":2}},"2":{"start":{"line":12,"column":6},"end":{"line":12,"column":48}},"3":{"start":{"line":13,"column":6},"end":{"line":13,"column":45}},"4":{"start":{"line":14,"column":6},"end":{"line":14,"column":40}},"5":{"start":{"line":17,"column":2},"end":{"line":42,"column":4}},"6":{"start":{"line":34,"column":10},"end":{"line":36,"column":11}},"7":{"start":{"line":35,"column":12},"end":{"line":35,"column":41}},"8":{"start":{"line":37,"column":10},"end":{"line":37,"column":27}},"9":{"start":{"line":43,"column":2},"end":{"line":43,"column":19}}},"fnMap":{"0":{"name":"(anonymous_0)","decl":{"start":{"line":3,"column":17},"end":{"line":3,"column":18}},"loc":{"start":{"line":3,"column":43},"end":{"line":44,"column":1}},"line":3},"1":{"name":"(anonymous_1)","decl":{"start":{"line":10,"column":4},"end":{"line":10,"column":5}},"loc":{"start":{"line":10,"column":29},"end":{"line":15,"column":5}},"line":10},"2":{"name":"(anonymous_2)","decl":{"start":{"line":33,"column":22},"end":{"line":33,"column":23}},"loc":{"start":{"line":33,"column":37},"end":{"line":38,"column":9}},"line":33}},"branchMap":{"0":{"loc":{"start":{"line":34,"column":10},"end":{"line":36,"column":11}},"type":"if","locations":[{"start":{"line":34,"column":10},"end":{"line":36,"column":11}},{"start":{},"end":{}}],"line":34}},"s":{"0":2,"1":2,"2":2,"3":2,"4":2,"5":2,"6":1,"7":0,"8":1,"9":2},"f":{"0":2,"1":2,"2":1},"b":{"0":[0,1]},"_coverageSchema":"1a1c01bbd47fc00a2c39e90264f33305004495a9","hash":"dda41f6d7bcceeb28fec2cf2d31f8fb8c12cc6b5"}
,"C:\\Users\\steamiss\\Documents\\Bootcamp\\dpp-11\\livecodesim2\\s1\\week4\\livecodesim\\livecodelast\\ip-server-instavue-repo\\rmt24\\week3\\finalprojectbabygrowth\\server\\Baby-Growth-Server\\server\\models\\pregnancydata.js": {"path":"C:\\Users\\steamiss\\Documents\\Bootcamp\\dpp-11\\livecodesim2\\s1\\week4\\livecodesim\\livecodelast\\ip-server-instavue-repo\\rmt24\\week3\\finalprojectbabygrowth\\server\\Baby-Growth-Server\\server\\models\\pregnancydata.js","statementMap":{"0":{"start":{"line":2,"column":18},"end":{"line":2,"column":38}},"1":{"start":{"line":3,"column":0},"end":{"line":35,"column":2}},"2":{"start":{"line":12,"column":6},"end":{"line":12,"column":48}},"3":{"start":{"line":15,"column":2},"end":{"line":33,"column":4}},"4":{"start":{"line":34,"column":2},"end":{"line":34,"column":23}}},"fnMap":{"0":{"name":"(anonymous_0)","decl":{"start":{"line":3,"column":17},"end":{"line":3,"column":18}},"loc":{"start":{"line":3,"column":43},"end":{"line":35,"column":1}},"line":3},"1":{"name":"(anonymous_1)","decl":{"start":{"line":10,"column":4},"end":{"line":10,"column":5}},"loc":{"start":{"line":10,"column":29},"end":{"line":13,"column":5}},"line":10}},"branchMap":{},"s":{"0":2,"1":2,"2":2,"3":2,"4":2},"f":{"0":2,"1":2},"b":{},"_coverageSchema":"1a1c01bbd47fc00a2c39e90264f33305004495a9","hash":"dc7bf9fd692833bf4173f839df67f53472f064ac"}
,"C:\\Users\\steamiss\\Documents\\Bootcamp\\dpp-11\\livecodesim2\\s1\\week4\\livecodesim\\livecodelast\\ip-server-instavue-repo\\rmt24\\week3\\finalprojectbabygrowth\\server\\Baby-Growth-Server\\server\\models\\rt.js": {"path":"C:\\Users\\steamiss\\Documents\\Bootcamp\\dpp-11\\livecodesim2\\s1\\week4\\livecodesim\\livecodelast\\ip-server-instavue-repo\\rmt24\\week3\\finalprojectbabygrowth\\server\\Baby-Growth-Server\\server\\models\\rt.js","statementMap":{"0":{"start":{"line":4,"column":4},"end":{"line":4,"column":24}},"1":{"start":{"line":5,"column":0},"end":{"line":23,"column":2}},"2":{"start":{"line":16,"column":2},"end":{"line":21,"column":5}},"3":{"start":{"line":22,"column":2},"end":{"line":22,"column":12}}},"fnMap":{"0":{"name":"(anonymous_0)","decl":{"start":{"line":5,"column":17},"end":{"line":5,"column":18}},"loc":{"start":{"line":5,"column":43},"end":{"line":23,"column":1}},"line":5},"1":{"name":"(anonymous_1)","decl":{"start":{"line":12,"column":4},"end":{"line":12,"column":5}},"loc":{"start":{"line":12,"column":29},"end":{"line":14,"column":5}},"line":12}},"branchMap":{},"s":{"0":2,"1":2,"2":2,"3":2},"f":{"0":2,"1":2},"b":{},"_coverageSchema":"1a1c01bbd47fc00a2c39e90264f33305004495a9","hash":"7e7ec4d6962f10601ff76292f54ca2b7e9d53001"}
,"C:\\Users\\steamiss\\Documents\\Bootcamp\\dpp-11\\livecodesim2\\s1\\week4\\livecodesim\\livecodelast\\ip-server-instavue-repo\\rmt24\\week3\\finalprojectbabygrowth\\server\\Baby-Growth-Server\\server\\models\\user.js": {"path":"C:\\Users\\steamiss\\Documents\\Bootcamp\\dpp-11\\livecodesim2\\s1\\week4\\livecodesim\\livecodelast\\ip-server-instavue-repo\\rmt24\\week3\\finalprojectbabygrowth\\server\\Baby-Growth-Server\\server\\models\\user.js","statementMap":{"0":{"start":{"line":2,"column":18},"end":{"line":2,"column":38}},"1":{"start":{"line":3,"column":0},"end":{"line":65,"column":2}},"2":{"start":{"line":12,"column":6},"end":{"line":12,"column":41}},"3":{"start":{"line":15,"column":2},"end":{"line":63,"column":4}},"4":{"start":{"line":64,"column":2},"end":{"line":64,"column":14}}},"fnMap":{"0":{"name":"(anonymous_0)","decl":{"start":{"line":3,"column":17},"end":{"line":3,"column":18}},"loc":{"start":{"line":3,"column":43},"end":{"line":65,"column":1}},"line":3},"1":{"name":"(anonymous_1)","decl":{"start":{"line":10,"column":4},"end":{"line":10,"column":5}},"loc":{"start":{"line":10,"column":29},"end":{"line":13,"column":5}},"line":10}},"branchMap":{},"s":{"0":2,"1":2,"2":2,"3":2,"4":2},"f":{"0":2,"1":2},"b":{},"_coverageSchema":"1a1c01bbd47fc00a2c39e90264f33305004495a9","hash":"fd84d1a4f0fc82d8b34f6ab33d9a104a080e1ca5"}
,"C:\\Users\\steamiss\\Documents\\Bootcamp\\dpp-11\\livecodesim2\\s1\\week4\\livecodesim\\livecodelast\\ip-server-instavue-repo\\rmt24\\week3\\finalprojectbabygrowth\\server\\Baby-Growth-Server\\server\\routes\\index.js": {"path":"C:\\Users\\steamiss\\Documents\\Bootcamp\\dpp-11\\livecodesim2\\s1\\week4\\livecodesim\\livecodelast\\ip-server-instavue-repo\\rmt24\\week3\\finalprojectbabygrowth\\server\\Baby-Growth-Server\\server\\routes\\index.js","statementMap":{"0":{"start":{"line":1,"column":19},"end":{"line":1,"column":55}},"1":{"start":{"line":2,"column":23},"end":{"line":2,"column":63}},"2":{"start":{"line":3,"column":23},"end":{"line":3,"column":63}},"3":{"start":{"line":4,"column":27},"end":{"line":4,"column":71}},"4":{"start":{"line":5,"column":32},"end":{"line":5,"column":81}},"5":{"start":{"line":6,"column":21},"end":{"line":6,"column":46}},"6":{"start":{"line":8,"column":15},"end":{"line":8,"column":42}},"7":{"start":{"line":10,"column":0},"end":{"line":10,"column":44}},"8":{"start":{"line":11,"column":0},"end":{"line":11,"column":36}},"9":{"start":{"line":12,"column":0},"end":{"line":12,"column":27}},"10":{"start":{"line":14,"column":0},"end":{"line":14,"column":79}},"11":{"start":{"line":15,"column":0},"end":{"line":19,"column":2}},"12":{"start":{"line":21,"column":0},"end":{"line":21,"column":50}},"13":{"start":{"line":22,"column":0},"end":{"line":22,"column":68}},"14":{"start":{"line":23,"column":0},"end":{"line":23,"column":76}},"15":{"start":{"line":25,"column":0},"end":{"line":25,"column":61}},"16":{"start":{"line":26,"column":0},"end":{"line":26,"column":67}},"17":{"start":{"line":27,"column":0},"end":{"line":27,"column":66}},"18":{"start":{"line":29,"column":0},"end":{"line":29,"column":69}},"19":{"start":{"line":30,"column":0},"end":{"line":30,"column":79}},"20":{"start":{"line":31,"column":0},"end":{"line":31,"column":51}},"21":{"start":{"line":34,"column":0},"end":{"line":34,"column":62}},"22":{"start":{"line":37,"column":0},"end":{"line":40,"column":2}},"23":{"start":{"line":41,"column":0},"end":{"line":41,"column":70}},"24":{"start":{"line":42,"column":0},"end":{"line":42,"column":78}},"25":{"start":{"line":45,"column":0},"end":{"line":45,"column":68}},"26":{"start":{"line":46,"column":0},"end":{"line":46,"column":60}},"27":{"start":{"line":47,"column":0},"end":{"line":47,"column":63}},"28":{"start":{"line":50,"column":0},"end":{"line":50,"column":24}}},"fnMap":{},"branchMap":{},"s":{"0":2,"1":2,"2":2,"3":2,"4":2,"5":2,"6":2,"7":2,"8":2,"9":2,"10":2,"11":2,"12":2,"13":2,"14":2,"15":2,"16":2,"17":2,"18":2,"19":2,"20":2,"21":2,"22":2,"23":2,"24":2,"25":2,"26":2,"27":2,"28":2},"f":{},"b":{},"_coverageSchema":"1a1c01bbd47fc00a2c39e90264f33305004495a9","hash":"c21a7439c3a98c7c226db941e16812e1dcd0008a"}
,"C:\\Users\\steamiss\\Documents\\Bootcamp\\dpp-11\\livecodesim2\\s1\\week4\\livecodesim\\livecodelast\\ip-server-instavue-repo\\rmt24\\week3\\finalprojectbabygrowth\\server\\Baby-Growth-Server\\server\\routes\\routerMother.js": {"path":"C:\\Users\\steamiss\\Documents\\Bootcamp\\dpp-11\\livecodesim2\\s1\\week4\\livecodesim\\livecodelast\\ip-server-instavue-repo\\rmt24\\week3\\finalprojectbabygrowth\\server\\Baby-Growth-Server\\server\\routes\\routerMother.js","statementMap":{"0":{"start":{"line":1,"column":19},"end":{"line":1,"column":55}},"1":{"start":{"line":2,"column":23},"end":{"line":2,"column":63}},"2":{"start":{"line":3,"column":25},"end":{"line":3,"column":67}},"3":{"start":{"line":4,"column":29},"end":{"line":4,"column":75}},"4":{"start":{"line":6,"column":21},"end":{"line":6,"column":48}},"5":{"start":{"line":8,"column":0},"end":{"line":8,"column":52}},"6":{"start":{"line":9,"column":0},"end":{"line":9,"column":60}},"7":{"start":{"line":10,"column":0},"end":{"line":10,"column":59}},"8":{"start":{"line":11,"column":0},"end":{"line":14,"column":2}},"9":{"start":{"line":16,"column":0},"end":{"line":19,"column":2}},"10":{"start":{"line":21,"column":0},"end":{"line":24,"column":2}},"11":{"start":{"line":25,"column":0},"end":{"line":28,"column":2}},"12":{"start":{"line":30,"column":0},"end":{"line":30,"column":39}},"13":{"start":{"line":31,"column":0},"end":{"line":31,"column":63}},"14":{"start":{"line":32,"column":0},"end":{"line":32,"column":62}},"15":{"start":{"line":33,"column":0},"end":{"line":33,"column":67}},"16":{"start":{"line":34,"column":0},"end":{"line":34,"column":75}},"17":{"start":{"line":36,"column":0},"end":{"line":36,"column":30}}},"fnMap":{},"branchMap":{},"s":{"0":2,"1":2,"2":2,"3":2,"4":2,"5":2,"6":2,"7":2,"8":2,"9":2,"10":2,"11":2,"12":2,"13":2,"14":2,"15":2,"16":2,"17":2},"f":{},"b":{},"_coverageSchema":"1a1c01bbd47fc00a2c39e90264f33305004495a9","hash":"55b30a0e04aae926b9ce3fc2866c50457e592458"}
}
