TN:
SF:app.js
FN:12,(anonymous_0)
FNF:1
FNH:1
FNDA:1,(anonymous_0)
DA:1,2
DA:2,2
DA:3,2
DA:4,2
DA:6,2
DA:7,2
DA:8,2
DA:9,2
DA:10,2
DA:12,2
DA:13,1
DA:16,2
DA:17,2
DA:18,2
LF:14
LH:14
BRF:0
BRH:0
end_of_record
TN:
SF:controllers\controller.js
FN:15,(anonymous_0)
FN:58,(anonymous_1)
FN:87,(anonymous_2)
FN:118,(anonymous_3)
FN:136,(anonymous_4)
FN:151,(anonymous_5)
FN:171,(anonymous_6)
FN:202,(anonymous_7)
FN:228,(anonymous_8)
FN:242,(anonymous_9)
FN:263,(anonymous_10)
FN:281,(anonymous_11)
FN:372,(anonymous_12)
FN:393,(anonymous_13)
FN:411,(anonymous_14)
FN:479,(anonymous_15)
FN:511,(anonymous_16)
FN:529,(anonymous_17)
FN:535,(anonymous_18)
FN:536,(anonymous_19)
FN:567,(anonymous_20)
FN:587,(anonymous_21)
FN:588,(anonymous_22)
FN:604,(anonymous_23)
FN:621,(anonymous_24)
FN:627,(anonymous_25)
FN:628,(anonymous_26)
FN:646,(anonymous_27)
FNF:28
FNH:27
FNDA:5,(anonymous_0)
FNDA:2,(anonymous_1)
FNDA:2,(anonymous_2)
FNDA:1,(anonymous_3)
FNDA:1,(anonymous_4)
FNDA:2,(anonymous_5)
FNDA:0,(anonymous_6)
FNDA:1,(anonymous_7)
FNDA:2,(anonymous_8)
FNDA:1,(anonymous_9)
FNDA:2,(anonymous_10)
FNDA:2,(anonymous_11)
FNDA:1,(anonymous_12)
FNDA:3,(anonymous_13)
FNDA:1,(anonymous_14)
FNDA:1,(anonymous_15)
FNDA:1,(anonymous_16)
FNDA:9,(anonymous_17)
FNDA:12,(anonymous_18)
FNDA:25,(anonymous_19)
FNDA:1,(anonymous_20)
FNDA:2,(anonymous_21)
FNDA:4,(anonymous_22)
FNDA:1,(anonymous_23)
FNDA:9,(anonymous_24)
FNDA:12,(anonymous_25)
FNDA:25,(anonymous_26)
FNDA:8,(anonymous_27)
DA:1,2
DA:2,2
DA:3,2
DA:4,2
DA:5,2
DA:12,2
DA:16,5
DA:17,5
DA:19,5
DA:20,2
DA:22,3
DA:23,1
DA:26,2
DA:32,2
DA:33,0
DA:36,2
DA:38,2
DA:39,1
DA:42,1
DA:46,1
DA:47,1
DA:54,4
DA:59,2
DA:60,2
DA:61,2
DA:62,2
DA:63,1
DA:68,1
DA:76,1
DA:83,1
DA:88,2
DA:89,2
DA:90,2
DA:91,2
DA:92,1
DA:97,1
DA:107,1
DA:114,1
DA:119,1
DA:120,1
DA:130,1
DA:132,0
DA:137,1
DA:138,1
DA:145,1
DA:147,0
DA:152,2
DA:153,2
DA:154,2
DA:160,2
DA:161,2
DA:162,2
DA:165,2
DA:167,0
DA:172,0
DA:174,0
DA:175,0
DA:194,0
DA:195,0
DA:196,0
DA:198,0
DA:203,1
DA:205,1
DA:206,1
DA:207,1
DA:220,1
DA:221,1
DA:222,1
DA:224,0
DA:229,2
DA:230,2
DA:231,2
DA:236,1
DA:238,1
DA:243,1
DA:245,1
DA:247,1
DA:252,1
DA:254,0
DA:257,1
DA:259,0
DA:264,2
DA:265,2
DA:266,2
DA:268,2
DA:275,1
DA:277,1
DA:282,2
DA:283,2
DA:288,2
DA:290,2
DA:298,2
DA:299,1
DA:301,1
DA:303,1
DA:373,1
DA:375,1
DA:377,1
DA:382,1
DA:384,0
DA:387,1
DA:389,0
DA:394,3
DA:395,3
DA:396,3
DA:398,3
DA:405,2
DA:407,1
DA:412,1
DA:413,1
DA:418,1
DA:420,1
DA:428,1
DA:429,0
DA:431,1
DA:433,0
DA:481,1
DA:482,1
DA:486,1
DA:500,1
DA:501,1
DA:507,0
DA:512,1
DA:513,1
DA:514,1
DA:515,1
DA:516,1
DA:528,1
DA:529,1
DA:530,9
DA:531,1
DA:533,8
DA:534,8
DA:535,8
DA:536,12
DA:537,25
DA:538,21
DA:539,21
DA:540,21
DA:542,4
DA:546,8
DA:549,8
DA:555,1
DA:556,1
DA:557,1
DA:563,0
DA:568,1
DA:569,1
DA:570,1
DA:571,1
DA:584,1
DA:585,1
DA:586,1
DA:587,1
DA:588,2
DA:589,4
DA:590,3
DA:591,3
DA:593,1
DA:597,1
DA:598,1
DA:600,0
DA:605,1
DA:606,1
DA:607,1
DA:608,1
DA:620,1
DA:621,1
DA:622,9
DA:623,1
DA:625,8
DA:626,8
DA:627,8
DA:628,12
DA:629,25
DA:630,21
DA:631,21
DA:632,21
DA:636,8
DA:639,8
DA:645,1
DA:646,1
DA:647,8
DA:648,4
DA:649,4
DA:650,4
DA:651,1
DA:652,1
DA:656,1
DA:658,0
DA:663,2
LF:191
LH:169
BRDA:19,0,0,2
BRDA:19,0,1,3
BRDA:22,1,0,1
BRDA:22,1,1,2
BRDA:32,2,0,0
BRDA:32,2,1,2
BRDA:38,3,0,1
BRDA:38,3,1,1
BRDA:62,4,0,1
BRDA:62,4,1,1
BRDA:91,5,0,1
BRDA:91,5,1,1
BRDA:161,6,0,2
BRDA:161,6,1,0
BRDA:252,7,0,0
BRDA:252,7,1,1
BRDA:298,8,0,1
BRDA:298,8,1,1
BRDA:382,9,0,0
BRDA:382,9,1,1
BRDA:428,10,0,0
BRDA:428,10,1,1
BRDA:530,11,0,1
BRDA:530,11,1,8
BRDA:537,12,0,21
BRDA:537,12,1,4
BRDA:589,13,0,3
BRDA:589,13,1,1
BRDA:622,14,0,1
BRDA:622,14,1,8
BRDA:629,15,0,21
BRDA:629,15,1,4
BRDA:647,16,0,4
BRDA:647,16,1,4
BRDA:647,17,0,8
BRDA:647,17,1,5
BRDA:650,18,0,1
BRDA:650,18,1,3
BRF:38
BRH:33
end_of_record
TN:
SF:controllers\motherController.js
FN:15,(anonymous_0)
FN:57,(anonymous_1)
FN:87,(anonymous_2)
FN:108,(anonymous_3)
FNF:4
FNH:4
FNDA:5,(anonymous_0)
FNDA:4,(anonymous_1)
FNDA:3,(anonymous_2)
FNDA:1,(anonymous_3)
DA:1,2
DA:2,2
DA:3,2
DA:4,2
DA:5,2
DA:12,2
DA:16,5
DA:17,5
DA:18,5
DA:19,1
DA:21,4
DA:22,1
DA:25,3
DA:29,3
DA:30,1
DA:33,2
DA:35,2
DA:36,1
DA:39,1
DA:43,1
DA:45,1
DA:47,1
DA:54,4
DA:58,4
DA:59,4
DA:60,4
DA:61,4
DA:62,1
DA:64,3
DA:65,1
DA:67,2
DA:68,0
DA:70,2
DA:71,2
DA:72,2
DA:74,2
DA:75,1
DA:78,1
DA:79,1
DA:81,1
DA:83,3
DA:89,3
DA:90,3
DA:91,3
DA:92,1
DA:94,2
DA:99,2
DA:100,1
DA:102,1
DA:104,2
DA:110,1
DA:112,1
DA:113,1
DA:120,1
DA:122,0
DA:127,2
LF:56
LH:54
BRDA:18,0,0,1
BRDA:18,0,1,4
BRDA:21,1,0,1
BRDA:21,1,1,3
BRDA:29,2,0,1
BRDA:29,2,1,2
BRDA:35,3,0,1
BRDA:35,3,1,1
BRDA:61,4,0,1
BRDA:61,4,1,3
BRDA:64,5,0,1
BRDA:64,5,1,2
BRDA:67,6,0,0
BRDA:67,6,1,2
BRDA:74,7,0,1
BRDA:74,7,1,1
BRDA:91,8,0,1
BRDA:91,8,1,2
BRDA:99,9,0,1
BRDA:99,9,1,1
BRF:20
BRH:19
end_of_record
TN:
SF:controllers\usercontroller.js
FN:4,(anonymous_0)
FN:24,(anonymous_1)
FN:35,(anonymous_2)
FN:53,(anonymous_3)
FN:72,(anonymous_4)
FN:107,(anonymous_5)
FN:136,(anonymous_6)
FNF:7
FNH:7
FNDA:2,(anonymous_0)
FNDA:1,(anonymous_1)
FNDA:3,(anonymous_2)
FNDA:2,(anonymous_3)
FNDA:2,(anonymous_4)
FNDA:4,(anonymous_5)
FNDA:2,(anonymous_6)
DA:1,2
DA:6,2
DA:7,2
DA:9,2
DA:15,2
DA:16,1
DA:18,1
DA:20,1
DA:26,1
DA:27,1
DA:29,1
DA:31,0
DA:37,3
DA:38,3
DA:39,3
DA:44,2
DA:45,1
DA:47,1
DA:49,2
DA:55,2
DA:56,2
DA:57,2
DA:63,2
DA:64,1
DA:66,1
DA:68,1
DA:74,2
DA:75,2
DA:76,2
DA:77,0
DA:79,2
DA:80,2
DA:81,1
DA:83,1
DA:84,0
DA:86,1
DA:87,0
DA:89,1
DA:94,1
DA:101,1
DA:103,1
DA:108,4
DA:109,4
DA:110,4
DA:111,0
DA:113,4
DA:114,4
DA:115,1
DA:117,3
DA:118,1
DA:120,2
DA:121,1
DA:123,1
DA:131,1
DA:133,3
DA:139,2
DA:140,2
DA:141,2
DA:142,1
DA:144,1
DA:145,0
DA:148,1
DA:149,1
DA:151,1
DA:156,2
LF:65
LH:59
BRDA:15,0,0,1
BRDA:15,0,1,1
BRDA:44,1,0,1
BRDA:44,1,1,1
BRDA:63,2,0,1
BRDA:63,2,1,1
BRDA:76,3,0,0
BRDA:76,3,1,2
BRDA:80,4,0,1
BRDA:80,4,1,1
BRDA:83,5,0,0
BRDA:83,5,1,1
BRDA:86,6,0,0
BRDA:86,6,1,1
BRDA:110,7,0,0
BRDA:110,7,1,4
BRDA:114,8,0,1
BRDA:114,8,1,3
BRDA:117,9,0,1
BRDA:117,9,1,2
BRDA:120,10,0,1
BRDA:120,10,1,1
BRDA:141,11,0,1
BRDA:141,11,1,1
BRDA:144,12,0,0
BRDA:144,12,1,1
BRF:26
BRH:21
end_of_record
TN:
SF:helpers\babyWeight.js
FN:1,babiesWeightConverter
FNF:1
FNH:1
FNDA:18,babiesWeightConverter
DA:2,18
DA:8,18
DA:9,66
DA:10,66
DA:11,66
DA:12,66
DA:13,13
DA:14,10
DA:15,3
DA:16,3
DA:18,0
DA:20,53
DA:21,6
DA:22,3
DA:23,3
DA:24,3
DA:26,0
DA:28,47
DA:29,13
DA:30,9
DA:31,4
DA:32,0
DA:34,4
DA:36,34
DA:37,3
DA:38,0
DA:39,3
DA:40,3
DA:42,0
DA:44,31
DA:45,21
DA:46,6
DA:47,15
DA:48,12
DA:50,3
DA:52,10
DA:53,6
DA:54,3
DA:55,3
DA:56,0
DA:58,3
DA:62,18
DA:65,2
LF:43
LH:37
BRDA:12,0,0,13
BRDA:12,0,1,53
BRDA:12,1,0,66
BRDA:12,1,1,57
BRDA:13,2,0,10
BRDA:13,2,1,3
BRDA:15,3,0,3
BRDA:15,3,1,0
BRDA:20,4,0,6
BRDA:20,4,1,47
BRDA:21,5,0,3
BRDA:21,5,1,3
BRDA:23,6,0,3
BRDA:23,6,1,0
BRDA:28,7,0,13
BRDA:28,7,1,34
BRDA:29,8,0,9
BRDA:29,8,1,4
BRDA:31,9,0,0
BRDA:31,9,1,4
BRDA:36,10,0,3
BRDA:36,10,1,31
BRDA:37,11,0,0
BRDA:37,11,1,3
BRDA:39,12,0,3
BRDA:39,12,1,0
BRDA:44,13,0,21
BRDA:44,13,1,10
BRDA:44,14,0,31
BRDA:44,14,1,27
BRDA:45,15,0,6
BRDA:45,15,1,15
BRDA:47,16,0,12
BRDA:47,16,1,3
BRDA:52,17,0,6
BRDA:52,17,1,4
BRDA:52,18,0,10
BRDA:52,18,1,6
BRDA:53,19,0,3
BRDA:53,19,1,3
BRDA:55,20,0,0
BRDA:55,20,1,3
BRF:42
BRH:36
end_of_record
TN:
SF:helpers\bcrypt.js
FN:3,hashPassword
FN:7,comparePassword
FNF:2
FNH:2
FNDA:43,hashPassword
FNDA:6,comparePassword
DA:1,2
DA:4,43
DA:8,6
DA:11,2
LF:4
LH:4
BRF:0
BRH:0
end_of_record
TN:
SF:helpers\jwt.js
FN:3,signToken
FN:7,verifyToken
FNF:2
FNH:2
FNDA:6,signToken
FNDA:41,verifyToken
DA:1,2
DA:4,6
DA:8,41
DA:11,2
LF:4
LH:4
BRF:0
BRH:0
end_of_record
TN:
SF:helpers\selisihCalculator.js
FN:1,selisihCalculator
FNF:1
FNH:1
FNDA:46,selisihCalculator
DA:2,46
DA:4,46
DA:5,46
DA:6,46
DA:8,46
DA:12,46
DA:13,46
DA:14,155
DA:22,46
DA:24,46
DA:25,46
DA:26,42
DA:28,42
DA:32,42
DA:33,36
DA:34,226
DA:43,46
DA:46,2
LF:18
LH:18
BRDA:4,0,0,46
BRDA:4,0,1,0
BRDA:5,1,0,46
BRDA:5,1,1,0
BRDA:12,2,0,46
BRDA:12,2,1,0
BRDA:24,3,0,46
BRDA:24,3,1,0
BRDA:25,4,0,42
BRDA:25,4,1,4
BRDA:32,5,0,36
BRDA:32,5,1,6
BRF:12
BRH:8
end_of_record
TN:
SF:helpers\statisticCalculator.js
FN:1,calculateStatistics
FN:6,(anonymous_1)
FNF:2
FNH:2
FNDA:1,calculateStatistics
FNDA:8,(anonymous_1)
DA:2,1
DA:3,1
DA:4,1
DA:6,1
DA:7,8
DA:8,2
DA:9,2
DA:10,6
DA:11,3
DA:13,8
DA:14,2
DA:15,2
DA:16,6
DA:17,0
DA:19,8
DA:20,1
DA:21,1
DA:22,7
DA:23,3
DA:27,1
DA:30,2
LF:21
LH:20
BRDA:7,0,0,2
BRDA:7,0,1,6
BRDA:10,1,0,3
BRDA:10,1,1,3
BRDA:13,2,0,2
BRDA:13,2,1,6
BRDA:16,3,0,0
BRDA:16,3,1,6
BRDA:19,4,0,1
BRDA:19,4,1,7
BRDA:22,5,0,3
BRDA:22,5,1,4
BRF:12
BRH:11
end_of_record
TN:
SF:middlewares\authentication.js
FN:4,(anonymous_0)
FNF:1
FNH:1
FNDA:39,(anonymous_0)
DA:1,2
DA:2,2
DA:4,2
DA:5,39
DA:6,39
DA:9,39
DA:10,11
DA:13,28
DA:15,28
DA:21,28
DA:22,0
DA:24,28
DA:28,28
DA:30,28
DA:32,11
DA:33,11
DA:35,0
DA:40,2
LF:18
LH:16
BRDA:9,0,0,11
BRDA:9,0,1,28
BRDA:21,1,0,0
BRDA:21,1,1,28
BRDA:32,2,0,11
BRDA:32,2,1,0
BRDA:32,3,0,11
BRDA:32,3,1,0
BRF:8
BRH:5
end_of_record
TN:
SF:middlewares\authorizationAdmin.js
FN:1,(anonymous_0)
FNF:1
FNH:1
FNDA:3,(anonymous_0)
DA:1,2
DA:2,3
DA:3,3
DA:5,3
DA:6,1
DA:8,2
DA:10,1
DA:11,1
DA:13,0
DA:18,2
LF:10
LH:9
BRDA:5,0,0,1
BRDA:5,0,1,2
BRDA:5,1,0,3
BRDA:5,1,1,3
BRDA:10,2,0,1
BRDA:10,2,1,0
BRF:6
BRH:5
end_of_record
TN:
SF:middlewares\authorizationSuperAdmin.js
FN:1,(anonymous_0)
FNF:1
FNH:1
FNDA:4,(anonymous_0)
DA:1,2
DA:2,4
DA:3,4
DA:5,4
DA:6,2
DA:8,2
DA:10,2
DA:11,2
DA:13,0
DA:18,2
LF:10
LH:9
BRDA:5,0,0,2
BRDA:5,0,1,2
BRDA:10,1,0,2
BRDA:10,1,1,0
BRF:4
BRH:3
end_of_record
TN:
SF:middlewares\errorHandler.js
FN:1,errorHandler
FNF:1
FNH:1
FNDA:28,errorHandler
DA:2,28
DA:3,3
DA:4,25
DA:5,2
DA:6,23
DA:7,6
DA:8,17
DA:9,6
DA:10,11
DA:14,3
DA:15,8
DA:16,3
DA:18,5
DA:22,2
LF:14
LH:14
BRDA:2,0,0,3
BRDA:2,0,1,25
BRDA:4,1,0,2
BRDA:4,1,1,23
BRDA:6,2,0,6
BRDA:6,2,1,17
BRDA:8,3,0,6
BRDA:8,3,1,11
BRDA:10,4,0,3
BRDA:10,4,1,8
BRDA:11,5,0,11
BRDA:11,5,1,11
BRDA:15,6,0,3
BRDA:15,6,1,5
BRF:14
BRH:14
end_of_record
TN:
SF:middlewares\motherAuthentication.js
FN:4,(anonymous_0)
FNF:1
FNH:1
FNDA:13,(anonymous_0)
DA:1,2
DA:2,2
DA:4,2
DA:5,13
DA:6,13
DA:9,13
DA:10,0
DA:13,13
DA:15,10
DA:21,10
DA:22,0
DA:24,10
DA:28,10
DA:30,10
DA:32,3
DA:33,3
DA:35,0
DA:40,2
LF:18
LH:15
BRDA:9,0,0,0
BRDA:9,0,1,13
BRDA:21,1,0,0
BRDA:21,1,1,10
BRDA:32,2,0,3
BRDA:32,2,1,0
BRDA:32,3,0,3
BRDA:32,3,1,3
BRF:8
BRH:5
end_of_record
TN:
SF:models\article.js
FN:5,(anonymous_0)
FN:12,(anonymous_1)
FNF:2
FNH:2
FNDA:2,(anonymous_0)
FNDA:2,(anonymous_1)
DA:4,2
DA:5,2
DA:15,2
DA:18,2
DA:49,2
LF:5
LH:5
BRF:0
BRH:0
end_of_record
TN:
SF:models\babydata.js
FN:3,(anonymous_0)
FN:10,(anonymous_1)
FNF:2
FNH:2
FNDA:2,(anonymous_0)
FNDA:2,(anonymous_1)
DA:2,2
DA:3,2
DA:12,2
DA:15,2
DA:36,2
LF:5
LH:5
BRF:0
BRH:0
end_of_record
TN:
SF:models\category.js
FN:3,(anonymous_0)
FN:10,(anonymous_1)
FNF:2
FNH:2
FNDA:2,(anonymous_0)
FNDA:2,(anonymous_1)
DA:2,2
DA:3,2
DA:11,2
DA:13,2
DA:16,2
DA:33,2
LF:6
LH:6
BRF:0
BRH:0
end_of_record
TN:
SF:models\index.js
FN:20,(anonymous_0)
FN:23,(anonymous_1)
FN:28,(anonymous_2)
FNF:3
FNH:3
FNDA:20,(anonymous_0)
FNDA:18,(anonymous_1)
FNDA:18,(anonymous_2)
DA:3,2
DA:4,2
DA:5,2
DA:6,2
DA:7,2
DA:8,2
DA:9,2
DA:12,2
DA:13,0
DA:15,2
DA:18,2
DA:21,20
DA:24,18
DA:25,18
DA:28,2
DA:29,18
DA:30,18
DA:34,2
DA:35,2
DA:37,2
LF:20
LH:19
BRDA:7,0,0,2
BRDA:7,0,1,0
BRDA:12,1,0,0
BRDA:12,1,1,2
BRDA:21,2,0,20
BRDA:21,2,1,20
BRDA:21,2,2,18
BRDA:29,3,0,18
BRDA:29,3,1,0
BRF:9
BRH:6
end_of_record
TN:
SF:models\motherprofile.js
FN:3,(anonymous_0)
FN:10,(anonymous_1)
FNF:2
FNH:2
FNDA:2,(anonymous_0)
FNDA:2,(anonymous_1)
DA:2,2
DA:3,2
DA:12,2
DA:13,2
DA:16,2
DA:53,2
LF:6
LH:6
BRF:0
BRH:0
end_of_record
TN:
SF:models\needcheck.js
FN:5,(anonymous_0)
FN:12,(anonymous_1)
FNF:2
FNH:2
FNDA:2,(anonymous_0)
FNDA:2,(anonymous_1)
DA:4,2
DA:5,2
DA:16,2
DA:24,2
LF:4
LH:4
BRF:0
BRH:0
end_of_record
TN:
SF:models\pregnancy.js
FN:3,(anonymous_0)
FN:10,(anonymous_1)
FN:33,(anonymous_2)
FNF:3
FNH:3
FNDA:2,(anonymous_0)
FNDA:2,(anonymous_1)
FNDA:1,(anonymous_2)
DA:2,2
DA:3,2
DA:12,2
DA:13,2
DA:14,2
DA:17,2
DA:34,1
DA:35,0
DA:37,1
DA:43,2
LF:10
LH:9
BRDA:34,0,0,0
BRDA:34,0,1,1
BRF:2
BRH:1
end_of_record
TN:
SF:models\pregnancydata.js
FN:3,(anonymous_0)
FN:10,(anonymous_1)
FNF:2
FNH:2
FNDA:2,(anonymous_0)
FNDA:2,(anonymous_1)
DA:2,2
DA:3,2
DA:12,2
DA:15,2
DA:34,2
LF:5
LH:5
BRF:0
BRH:0
end_of_record
TN:
SF:models\rt.js
FN:5,(anonymous_0)
FN:12,(anonymous_1)
FNF:2
FNH:2
FNDA:2,(anonymous_0)
FNDA:2,(anonymous_1)
DA:4,2
DA:5,2
DA:16,2
DA:22,2
LF:4
LH:4
BRF:0
BRH:0
end_of_record
TN:
SF:models\user.js
FN:3,(anonymous_0)
FN:10,(anonymous_1)
FNF:2
FNH:2
FNDA:2,(anonymous_0)
FNDA:2,(anonymous_1)
DA:2,2
DA:3,2
DA:12,2
DA:15,2
DA:64,2
LF:5
LH:5
BRF:0
BRH:0
end_of_record
TN:
SF:routes\index.js
FNF:0
FNH:0
DA:1,2
DA:2,2
DA:3,2
DA:4,2
DA:5,2
DA:6,2
DA:8,2
DA:10,2
DA:11,2
DA:12,2
DA:14,2
DA:15,2
DA:21,2
DA:22,2
DA:23,2
DA:25,2
DA:26,2
DA:27,2
DA:29,2
DA:30,2
DA:31,2
DA:34,2
DA:37,2
DA:41,2
DA:42,2
DA:45,2
DA:46,2
DA:47,2
DA:50,2
LF:29
LH:29
BRF:0
BRH:0
end_of_record
TN:
SF:routes\routerMother.js
FNF:0
FNH:0
DA:1,2
DA:2,2
DA:3,2
DA:4,2
DA:6,2
DA:8,2
DA:9,2
DA:10,2
DA:11,2
DA:16,2
DA:21,2
DA:25,2
DA:30,2
DA:31,2
DA:32,2
DA:33,2
DA:34,2
DA:36,2
LF:18
LH:18
BRF:0
BRH:0
end_of_record
